This is XeTeX, Version 3.141592653-2.6-0.999993 (MiKTeX 21.6.28) (preloaded format=xelatex 2021.7.5)  5 JUL 2021 17:24
entering extended mode
**./poster.tex
(poster.tex
LaTeX2e <2021-06-01> patch level 1
L3 programming layer <2021-06-18>
(C:\Users\ddeng\AppData\Local\Programs\MiKTeX00\tex/latex/tikzposter\tikzposter
.cls
Document Class: tikzposter 2014/01/15 v2.0 LaTeX document class for Posters
(C:\Users\ddeng\AppData\Local\Programs\MiKTeX00\tex/latex/xkeyval\xkeyval.sty
Package: xkeyval 2020/11/20 v2.8 package option processing (HA)

(C:\Users\ddeng\AppData\Local\Programs\MiKTeX00\tex/generic/xkeyval\xkeyval.tex

(C:\Users\ddeng\AppData\Local\Programs\MiKTeX00\tex/generic/xkeyval\xkvutils.te
x
\XKV@toks=\toks16
\XKV@tempa@toks=\toks17

(C:\Users\ddeng\AppData\Local\Programs\MiKTeX00\tex/generic/xkeyval\keyval.tex)
)
\XKV@depth=\count178
File: xkeyval.tex 2014/12/03 v2.7a key=value parser (HA)
)) (C:\Users\ddeng\AppData\Local\Programs\MiKTeX00\tex/latex/tools\calc.sty
Package: calc 2017/05/25 v4.3 Infix arithmetic (KKT,FJ)
\calc@Acount=\count179
\calc@Bcount=\count180
\calc@Adimen=\dimen138
\calc@Bdimen=\dimen139
\calc@Askip=\skip47
\calc@Bskip=\skip48
LaTeX Info: Redefining \setlength on input line 80.
LaTeX Info: Redefining \addtolength on input line 81.
\calc@Ccount=\count181
\calc@Cskip=\skip49
)
(C:\Users\ddeng\AppData\Local\Programs\MiKTeX00\tex/latex/base\ifthen.sty
Package: ifthen 2020/11/24 v1.1c Standard LaTeX ifthen package (DPC)
)
(C:\Users\ddeng\AppData\Local\Programs\MiKTeX00\tex/latex/ae\ae.sty
Package: ae 2001/02/12 1.3 Almost European Computer Modern

(C:\Users\ddeng\AppData\Local\Programs\MiKTeX00\tex/latex/base\fontenc.sty
Package: fontenc 2021/04/29 v2.0v Standard LaTeX package
LaTeX Font Info:    Trying to load font information for T1+lmr on input line 11
2.

(C:\Users\ddeng\AppData\Local\Programs\MiKTeX00\tex/latex/lm\t1lmr.fd
File: t1lmr.fd 2009/10/30 v1.6 Font defs for Latin Modern
)))
(C:\Users\ddeng\AppData\Local\Programs\MiKTeX00\tex/latex/xstring\xstring.sty
(C:\Users\ddeng\AppData\Local\Programs\MiKTeX00\tex/generic/xstring\xstring.tex
\integerpart=\count182
Invalid UTF-8 byte or sequence at line 35 replaced by U+FFFD.
\decimalpart=\count183
Invalid UTF-8 byte or sequence at line 79 replaced by U+FFFD.
Invalid UTF-8 byte or sequence at line 79 replaced by U+FFFD.
Invalid UTF-8 byte or sequence at line 83 replaced by U+FFFD.
Invalid UTF-8 byte or sequence at line 86 replaced by U+FFFD.
Invalid UTF-8 byte or sequence at line 102 replaced by U+FFFD.
Invalid UTF-8 byte or sequence at line 114 replaced by U+FFFD.
Invalid UTF-8 byte or sequence at line 120 replaced by U+FFFD.
Invalid UTF-8 byte or sequence at line 125 replaced by U+FFFD.
Invalid UTF-8 byte or sequence at line 147 replaced by U+FFFD.
Invalid UTF-8 byte or sequence at line 147 replaced by U+FFFD.
Invalid UTF-8 byte or sequence at line 147 replaced by U+FFFD.
Invalid UTF-8 byte or sequence at line 182 replaced by U+FFFD.
Invalid UTF-8 byte or sequence at line 182 replaced by U+FFFD.
Invalid UTF-8 byte or sequence at line 182 replaced by U+FFFD.
Invalid UTF-8 byte or sequence at line 183 replaced by U+FFFD.
Invalid UTF-8 byte or sequence at line 184 replaced by U+FFFD.
Invalid UTF-8 byte or sequence at line 185 replaced by U+FFFD.
Invalid UTF-8 byte or sequence at line 185 replaced by U+FFFD.
Invalid UTF-8 byte or sequence at line 185 replaced by U+FFFD.
Invalid UTF-8 byte or sequence at line 189 replaced by U+FFFD.
Invalid UTF-8 byte or sequence at line 189 replaced by U+FFFD.
Invalid UTF-8 byte or sequence at line 190 replaced by U+FFFD.
Invalid UTF-8 byte or sequence at line 190 replaced by U+FFFD.
Invalid UTF-8 byte or sequence at line 193 replaced by U+FFFD.
Invalid UTF-8 byte or sequence at line 208 replaced by U+FFFD.
Invalid UTF-8 byte or sequence at line 208 replaced by U+FFFD.
Invalid UTF-8 byte or sequence at line 208 replaced by U+FFFD.
Invalid UTF-8 byte or sequence at line 208 replaced by U+FFFD.
Invalid UTF-8 byte or sequence at line 208 replaced by U+FFFD.
Invalid UTF-8 byte or sequence at line 208 replaced by U+FFFD.
Invalid UTF-8 byte or sequence at line 221 replaced by U+FFFD.
Invalid UTF-8 byte or sequence at line 221 replaced by U+FFFD.
Invalid UTF-8 byte or sequence at line 241 replaced by U+FFFD.
Invalid UTF-8 byte or sequence at line 241 replaced by U+FFFD.
Invalid UTF-8 byte or sequence at line 241 replaced by U+FFFD.
Invalid UTF-8 byte or sequence at line 241 replaced by U+FFFD.
Invalid UTF-8 byte or sequence at line 266 replaced by U+FFFD.
Invalid UTF-8 byte or sequence at line 284 replaced by U+FFFD.
Invalid UTF-8 byte or sequence at line 295 replaced by U+FFFD.
Invalid UTF-8 byte or sequence at line 300 replaced by U+FFFD.
Invalid UTF-8 byte or sequence at line 300 replaced by U+FFFD.
Invalid UTF-8 byte or sequence at line 301 replaced by U+FFFD.
Invalid UTF-8 byte or sequence at line 301 replaced by U+FFFD.
Invalid UTF-8 byte or sequence at line 301 replaced by U+FFFD.
Invalid UTF-8 byte or sequence at line 302 replaced by U+FFFD.
Invalid UTF-8 byte or sequence at line 303 replaced by U+FFFD.
Invalid UTF-8 byte or sequence at line 332 replaced by U+FFFD.
Invalid UTF-8 byte or sequence at line 332 replaced by U+FFFD.
Invalid UTF-8 byte or sequence at line 332 replaced by U+FFFD.
Invalid UTF-8 byte or sequence at line 332 replaced by U+FFFD.
Invalid UTF-8 byte or sequence at line 333 replaced by U+FFFD.
Invalid UTF-8 byte or sequence at line 334 replaced by U+FFFD.
Invalid UTF-8 byte or sequence at line 334 replaced by U+FFFD.
Invalid UTF-8 byte or sequence at line 334 replaced by U+FFFD.
Invalid UTF-8 byte or sequence at line 406 replaced by U+FFFD.
Invalid UTF-8 byte or sequence at line 406 replaced by U+FFFD.
Invalid UTF-8 byte or sequence at line 409 replaced by U+FFFD.
Invalid UTF-8 byte or sequence at line 410 replaced by U+FFFD.
Invalid UTF-8 byte or sequence at line 428 replaced by U+FFFD.
Invalid UTF-8 byte or sequence at line 434 replaced by U+FFFD.
Invalid UTF-8 byte or sequence at line 457 replaced by U+FFFD.
Invalid UTF-8 byte or sequence at line 457 replaced by U+FFFD.
Invalid UTF-8 byte or sequence at line 464 replaced by U+FFFD.
Invalid UTF-8 byte or sequence at line 464 replaced by U+FFFD.
Invalid UTF-8 byte or sequence at line 466 replaced by U+FFFD.
Invalid UTF-8 byte or sequence at line 466 replaced by U+FFFD.
Invalid UTF-8 byte or sequence at line 541 replaced by U+FFFD.
Invalid UTF-8 byte or sequence at line 541 replaced by U+FFFD.
Invalid UTF-8 byte or sequence at line 541 replaced by U+FFFD.
Invalid UTF-8 byte or sequence at line 586 replaced by U+FFFD.
Invalid UTF-8 byte or sequence at line 586 replaced by U+FFFD.
Invalid UTF-8 byte or sequence at line 588 replaced by U+FFFD.
Invalid UTF-8 byte or sequence at line 588 replaced by U+FFFD.
Invalid UTF-8 byte or sequence at line 595 replaced by U+FFFD.
Invalid UTF-8 byte or sequence at line 597 replaced by U+FFFD.
Invalid UTF-8 byte or sequence at line 599 replaced by U+FFFD.
Invalid UTF-8 byte or sequence at line 602 replaced by U+FFFD.
Invalid UTF-8 byte or sequence at line 605 replaced by U+FFFD.
Invalid UTF-8 byte or sequence at line 605 replaced by U+FFFD.
Invalid UTF-8 byte or sequence at line 610 replaced by U+FFFD.
Invalid UTF-8 byte or sequence at line 615 replaced by U+FFFD.
Invalid UTF-8 byte or sequence at line 632 replaced by U+FFFD.
Invalid UTF-8 byte or sequence at line 632 replaced by U+FFFD.
Invalid UTF-8 byte or sequence at line 633 replaced by U+FFFD.
Invalid UTF-8 byte or sequence at line 635 replaced by U+FFFD.
Invalid UTF-8 byte or sequence at line 637 replaced by U+FFFD.
Invalid UTF-8 byte or sequence at line 647 replaced by U+FFFD.
Invalid UTF-8 byte or sequence at line 653 replaced by U+FFFD.
Invalid UTF-8 byte or sequence at line 678 replaced by U+FFFD.
Invalid UTF-8 byte or sequence at line 700 replaced by U+FFFD.
Invalid UTF-8 byte or sequence at line 705 replaced by U+FFFD.
Invalid UTF-8 byte or sequence at line 715 replaced by U+FFFD.
Invalid UTF-8 byte or sequence at line 715 replaced by U+FFFD.
Invalid UTF-8 byte or sequence at line 715 replaced by U+FFFD.
Invalid UTF-8 byte or sequence at line 719 replaced by U+FFFD.
Invalid UTF-8 byte or sequence at line 732 replaced by U+FFFD.
Invalid UTF-8 byte or sequence at line 732 replaced by U+FFFD.
Invalid UTF-8 byte or sequence at line 741 replaced by U+FFFD.
Invalid UTF-8 byte or sequence at line 741 replaced by U+FFFD.
Invalid UTF-8 byte or sequence at line 742 replaced by U+FFFD.
Invalid UTF-8 byte or sequence at line 742 replaced by U+FFFD.
Invalid UTF-8 byte or sequence at line 762 replaced by U+FFFD.
Invalid UTF-8 byte or sequence at line 773 replaced by U+FFFD.
Invalid UTF-8 byte or sequence at line 773 replaced by U+FFFD.
Invalid UTF-8 byte or sequence at line 774 replaced by U+FFFD.
Invalid UTF-8 byte or sequence at line 774 replaced by U+FFFD.
Invalid UTF-8 byte or sequence at line 774 replaced by U+FFFD.
Invalid UTF-8 byte or sequence at line 797 replaced by U+FFFD.
Invalid UTF-8 byte or sequence at line 797 replaced by U+FFFD.
Invalid UTF-8 byte or sequence at line 810 replaced by U+FFFD.
Invalid UTF-8 byte or sequence at line 824 replaced by U+FFFD.
Invalid UTF-8 byte or sequence at line 824 replaced by U+FFFD.
Invalid UTF-8 byte or sequence at line 831 replaced by U+FFFD.
Invalid UTF-8 byte or sequence at line 838 replaced by U+FFFD.
Invalid UTF-8 byte or sequence at line 838 replaced by U+FFFD.
Invalid UTF-8 byte or sequence at line 846 replaced by U+FFFD.
Invalid UTF-8 byte or sequence at line 846 replaced by U+FFFD.
Invalid UTF-8 byte or sequence at line 861 replaced by U+FFFD.
Invalid UTF-8 byte or sequence at line 862 replaced by U+FFFD.
Invalid UTF-8 byte or sequence at line 864 replaced by U+FFFD.
Invalid UTF-8 byte or sequence at line 864 replaced by U+FFFD.
Invalid UTF-8 byte or sequence at line 908 replaced by U+FFFD.
Invalid UTF-8 byte or sequence at line 909 replaced by U+FFFD.
Invalid UTF-8 byte or sequence at line 909 replaced by U+FFFD.
Invalid UTF-8 byte or sequence at line 934 replaced by U+FFFD.
Invalid UTF-8 byte or sequence at line 934 replaced by U+FFFD.
Invalid UTF-8 byte or sequence at line 936 replaced by U+FFFD.
Invalid UTF-8 byte or sequence at line 936 replaced by U+FFFD.
Invalid UTF-8 byte or sequence at line 940 replaced by U+FFFD.
Invalid UTF-8 byte or sequence at line 940 replaced by U+FFFD.
Invalid UTF-8 byte or sequence at line 962 replaced by U+FFFD.
Invalid UTF-8 byte or sequence at line 962 replaced by U+FFFD.
Invalid UTF-8 byte or sequence at line 964 replaced by U+FFFD.
Invalid UTF-8 byte or sequence at line 965 replaced by U+FFFD.
Invalid UTF-8 byte or sequence at line 1006 replaced by U+FFFD.
)
Package: xstring 2019/02/06 v1.83 String manipulations (CT)
)
(C:\Users\ddeng\AppData\Local\Programs\MiKTeX00\tex/latex/etoolbox\etoolbox.sty
Package: etoolbox 2020/10/05 v2.5k e-TeX tools for LaTeX (JAW)
\etb@tempcnta=\count184
)
(C:\Users\ddeng\AppData\Local\Programs\MiKTeX00\tex/latex/pgf/frontendlayer\tik
z.sty
(C:\Users\ddeng\AppData\Local\Programs\MiKTeX00\tex/latex/pgf/basiclayer\pgf.st
y
(C:\Users\ddeng\AppData\Local\Programs\MiKTeX00\tex/latex/pgf/utilities\pgfrcs.
sty
(C:\Users\ddeng\AppData\Local\Programs\MiKTeX00\tex/generic/pgf/utilities\pgfut
il-common.tex
\pgfutil@everybye=\toks18
\pgfutil@tempdima=\dimen140
\pgfutil@tempdimb=\dimen141

(C:\Users\ddeng\AppData\Local\Programs\MiKTeX00\tex/generic/pgf/utilities\pgfut
il-common-lists.tex))
(C:\Users\ddeng\AppData\Local\Programs\MiKTeX00\tex/generic/pgf/utilities\pgfut
il-latex.def
\pgfutil@abb=\box50
)
(C:\Users\ddeng\AppData\Local\Programs\MiKTeX00\tex/generic/pgf/utilities\pgfrc
s.code.tex
(C:\Users\ddeng\AppData\Local\Programs\MiKTeX00\tex/generic/pgf\pgf.revision.te
x)
Package: pgfrcs 2021/05/15 v3.1.9a (3.1.9a)
))
Package: pgf 2021/05/15 v3.1.9a (3.1.9a)

(C:\Users\ddeng\AppData\Local\Programs\MiKTeX00\tex/latex/pgf/basiclayer\pgfcor
e.sty
(C:\Users\ddeng\AppData\Local\Programs\MiKTeX00\tex/latex/graphics\graphicx.sty
Package: graphicx 2020/12/05 v1.2c Enhanced LaTeX Graphics (DPC,SPQR)

(C:\Users\ddeng\AppData\Local\Programs\MiKTeX00\tex/latex/graphics\graphics.sty
Package: graphics 2021/03/04 v1.4d Standard LaTeX Graphics (DPC,SPQR)
(C:\Users\ddeng\AppData\Local\Programs\MiKTeX00\tex/latex/graphics\trig.sty
Package: trig 2016/01/03 v1.10 sin cos tan (DPC)
)
(C:\Users\ddeng\AppData\Local\Programs\MiKTeX00\tex/latex/graphics-cfg\graphics
.cfg
File: graphics.cfg 2016/06/04 v1.11 sample graphics configuration
)
Package graphics Info: Driver file: xetex.def on input line 107.

(C:\Users\ddeng\AppData\Local\Programs\MiKTeX00\tex/latex/graphics-def\xetex.de
f
File: xetex.def 2021/03/18 v5.0k Graphics/color driver for xetex
))
\Gin@req@height=\dimen142
\Gin@req@width=\dimen143
)
(C:\Users\ddeng\AppData\Local\Programs\MiKTeX00\tex/latex/pgf/systemlayer\pgfsy
s.sty
(C:\Users\ddeng\AppData\Local\Programs\MiKTeX00\tex/generic/pgf/systemlayer\pgf
sys.code.tex
Package: pgfsys 2021/05/15 v3.1.9a (3.1.9a)

(C:\Users\ddeng\AppData\Local\Programs\MiKTeX00\tex/generic/pgf/utilities\pgfke
ys.code.tex
\pgfkeys@pathtoks=\toks19
\pgfkeys@temptoks=\toks20

(C:\Users\ddeng\AppData\Local\Programs\MiKTeX00\tex/generic/pgf/utilities\pgfke
ysfiltered.code.tex
\pgfkeys@tmptoks=\toks21
))
\pgf@x=\dimen144
\pgf@y=\dimen145
\pgf@xa=\dimen146
\pgf@ya=\dimen147
\pgf@xb=\dimen148
\pgf@yb=\dimen149
\pgf@xc=\dimen150
\pgf@yc=\dimen151
\pgf@xd=\dimen152
\pgf@yd=\dimen153
\w@pgf@writea=\write3
\r@pgf@reada=\read2
\c@pgf@counta=\count185
\c@pgf@countb=\count186
\c@pgf@countc=\count187
\c@pgf@countd=\count188
\t@pgf@toka=\toks22
\t@pgf@tokb=\toks23
\t@pgf@tokc=\toks24
\pgf@sys@id@count=\count189

(C:\Users\ddeng\AppData\Local\Programs\MiKTeX00\tex/generic/pgf/systemlayer\pgf
.cfg
File: pgf.cfg 2021/05/15 v3.1.9a (3.1.9a)
)
Driver file for pgf: pgfsys-xetex.def

(C:\Users\ddeng\AppData\Local\Programs\MiKTeX00\tex/generic/pgf/systemlayer\pgf
sys-xetex.def
File: pgfsys-xetex.def 2021/05/15 v3.1.9a (3.1.9a)

(C:\Users\ddeng\AppData\Local\Programs\MiKTeX00\tex/generic/pgf/systemlayer\pgf
sys-dvipdfmx.def
File: pgfsys-dvipdfmx.def 2021/05/15 v3.1.9a (3.1.9a)

(C:\Users\ddeng\AppData\Local\Programs\MiKTeX00\tex/generic/pgf/systemlayer\pgf
sys-common-pdf.def
File: pgfsys-common-pdf.def 2021/05/15 v3.1.9a (3.1.9a)
)
\pgfsys@objnum=\count190
)))
(C:\Users\ddeng\AppData\Local\Programs\MiKTeX00\tex/generic/pgf/systemlayer\pgf
syssoftpath.code.tex
File: pgfsyssoftpath.code.tex 2021/05/15 v3.1.9a (3.1.9a)
\pgfsyssoftpath@smallbuffer@items=\count191
\pgfsyssoftpath@bigbuffer@items=\count192
)
(C:\Users\ddeng\AppData\Local\Programs\MiKTeX00\tex/generic/pgf/systemlayer\pgf
sysprotocol.code.tex
File: pgfsysprotocol.code.tex 2021/05/15 v3.1.9a (3.1.9a)
))
(C:\Users\ddeng\AppData\Local\Programs\MiKTeX00\tex/latex/xcolor\xcolor.sty
Package: xcolor 2016/05/11 v2.12 LaTeX color extensions (UK)

(C:\Users\ddeng\AppData\Local\Programs\MiKTeX00\tex/latex/graphics-cfg\color.cf
g
File: color.cfg 2016/01/02 v1.6 sample color configuration
)
Package xcolor Info: Driver file: xetex.def on input line 225.
Package xcolor Info: Model `cmy' substituted by `cmy0' on input line 1348.
Package xcolor Info: Model `RGB' extended on input line 1364.
Package xcolor Info: Model `HTML' substituted by `rgb' on input line 1366.
Package xcolor Info: Model `Hsb' substituted by `hsb' on input line 1367.
Package xcolor Info: Model `tHsb' substituted by `hsb' on input line 1368.
Package xcolor Info: Model `HSB' substituted by `hsb' on input line 1369.
Package xcolor Info: Model `Gray' substituted by `gray' on input line 1370.
Package xcolor Info: Model `wave' substituted by `hsb' on input line 1371.
)
(C:\Users\ddeng\AppData\Local\Programs\MiKTeX00\tex/generic/pgf/basiclayer\pgfc
ore.code.tex
Package: pgfcore 2021/05/15 v3.1.9a (3.1.9a)

(C:\Users\ddeng\AppData\Local\Programs\MiKTeX00\tex/generic/pgf/math\pgfmath.co
de.tex
(C:\Users\ddeng\AppData\Local\Programs\MiKTeX00\tex/generic/pgf/math\pgfmathcal
c.code.tex
(C:\Users\ddeng\AppData\Local\Programs\MiKTeX00\tex/generic/pgf/math\pgfmathuti
l.code.tex)
(C:\Users\ddeng\AppData\Local\Programs\MiKTeX00\tex/generic/pgf/math\pgfmathpar
ser.code.tex
\pgfmath@dimen=\dimen154
\pgfmath@count=\count193
\pgfmath@box=\box51
\pgfmath@toks=\toks25
\pgfmath@stack@operand=\toks26
\pgfmath@stack@operation=\toks27
)
(C:\Users\ddeng\AppData\Local\Programs\MiKTeX00\tex/generic/pgf/math\pgfmathfun
ctions.code.tex
(C:\Users\ddeng\AppData\Local\Programs\MiKTeX00\tex/generic/pgf/math\pgfmathfun
ctions.basic.code.tex)
(C:\Users\ddeng\AppData\Local\Programs\MiKTeX00\tex/generic/pgf/math\pgfmathfun
ctions.trigonometric.code.tex)
(C:\Users\ddeng\AppData\Local\Programs\MiKTeX00\tex/generic/pgf/math\pgfmathfun
ctions.random.code.tex)
(C:\Users\ddeng\AppData\Local\Programs\MiKTeX00\tex/generic/pgf/math\pgfmathfun
ctions.comparison.code.tex)
(C:\Users\ddeng\AppData\Local\Programs\MiKTeX00\tex/generic/pgf/math\pgfmathfun
ctions.base.code.tex)
(C:\Users\ddeng\AppData\Local\Programs\MiKTeX00\tex/generic/pgf/math\pgfmathfun
ctions.round.code.tex)
(C:\Users\ddeng\AppData\Local\Programs\MiKTeX00\tex/generic/pgf/math\pgfmathfun
ctions.misc.code.tex)
(C:\Users\ddeng\AppData\Local\Programs\MiKTeX00\tex/generic/pgf/math\pgfmathfun
ctions.integerarithmetics.code.tex)))
(C:\Users\ddeng\AppData\Local\Programs\MiKTeX00\tex/generic/pgf/math\pgfmathflo
at.code.tex
\c@pgfmathroundto@lastzeros=\count194
))
(C:\Users\ddeng\AppData\Local\Programs\MiKTeX00\tex/generic/pgf/math\pgfint.cod
e.tex)
(C:\Users\ddeng\AppData\Local\Programs\MiKTeX00\tex/generic/pgf/basiclayer\pgfc
orepoints.code.tex
File: pgfcorepoints.code.tex 2021/05/15 v3.1.9a (3.1.9a)
\pgf@picminx=\dimen155
\pgf@picmaxx=\dimen156
\pgf@picminy=\dimen157
\pgf@picmaxy=\dimen158
\pgf@pathminx=\dimen159
\pgf@pathmaxx=\dimen160
\pgf@pathminy=\dimen161
\pgf@pathmaxy=\dimen162
\pgf@xx=\dimen163
\pgf@xy=\dimen164
\pgf@yx=\dimen165
\pgf@yy=\dimen166
\pgf@zx=\dimen167
\pgf@zy=\dimen168
)
(C:\Users\ddeng\AppData\Local\Programs\MiKTeX00\tex/generic/pgf/basiclayer\pgfc
orepathconstruct.code.tex
File: pgfcorepathconstruct.code.tex 2021/05/15 v3.1.9a (3.1.9a)
\pgf@path@lastx=\dimen169
\pgf@path@lasty=\dimen170
)
(C:\Users\ddeng\AppData\Local\Programs\MiKTeX00\tex/generic/pgf/basiclayer\pgfc
orepathusage.code.tex
File: pgfcorepathusage.code.tex 2021/05/15 v3.1.9a (3.1.9a)
\pgf@shorten@end@additional=\dimen171
\pgf@shorten@start@additional=\dimen172
)
(C:\Users\ddeng\AppData\Local\Programs\MiKTeX00\tex/generic/pgf/basiclayer\pgfc
orescopes.code.tex
File: pgfcorescopes.code.tex 2021/05/15 v3.1.9a (3.1.9a)
\pgfpic=\box52
\pgf@hbox=\box53
\pgf@layerbox@main=\box54
\pgf@picture@serial@count=\count195
)
(C:\Users\ddeng\AppData\Local\Programs\MiKTeX00\tex/generic/pgf/basiclayer\pgfc
oregraphicstate.code.tex
File: pgfcoregraphicstate.code.tex 2021/05/15 v3.1.9a (3.1.9a)
\pgflinewidth=\dimen173
)
(C:\Users\ddeng\AppData\Local\Programs\MiKTeX00\tex/generic/pgf/basiclayer\pgfc
oretransformations.code.tex
File: pgfcoretransformations.code.tex 2021/05/15 v3.1.9a (3.1.9a)
\pgf@pt@x=\dimen174
\pgf@pt@y=\dimen175
\pgf@pt@temp=\dimen176
)
(C:\Users\ddeng\AppData\Local\Programs\MiKTeX00\tex/generic/pgf/basiclayer\pgfc
orequick.code.tex
File: pgfcorequick.code.tex 2021/05/15 v3.1.9a (3.1.9a)
)
(C:\Users\ddeng\AppData\Local\Programs\MiKTeX00\tex/generic/pgf/basiclayer\pgfc
oreobjects.code.tex
File: pgfcoreobjects.code.tex 2021/05/15 v3.1.9a (3.1.9a)
)
(C:\Users\ddeng\AppData\Local\Programs\MiKTeX00\tex/generic/pgf/basiclayer\pgfc
orepathprocessing.code.tex
File: pgfcorepathprocessing.code.tex 2021/05/15 v3.1.9a (3.1.9a)
)
(C:\Users\ddeng\AppData\Local\Programs\MiKTeX00\tex/generic/pgf/basiclayer\pgfc
orearrows.code.tex
File: pgfcorearrows.code.tex 2021/05/15 v3.1.9a (3.1.9a)
\pgfarrowsep=\dimen177
)
(C:\Users\ddeng\AppData\Local\Programs\MiKTeX00\tex/generic/pgf/basiclayer\pgfc
oreshade.code.tex
File: pgfcoreshade.code.tex 2021/05/15 v3.1.9a (3.1.9a)
\pgf@max=\dimen178
\pgf@sys@shading@range@num=\count196
\pgf@shadingcount=\count197
)
(C:\Users\ddeng\AppData\Local\Programs\MiKTeX00\tex/generic/pgf/basiclayer\pgfc
oreimage.code.tex
File: pgfcoreimage.code.tex 2021/05/15 v3.1.9a (3.1.9a)

(C:\Users\ddeng\AppData\Local\Programs\MiKTeX00\tex/generic/pgf/basiclayer\pgfc
oreexternal.code.tex
File: pgfcoreexternal.code.tex 2021/05/15 v3.1.9a (3.1.9a)
\pgfexternal@startupbox=\box55
))
(C:\Users\ddeng\AppData\Local\Programs\MiKTeX00\tex/generic/pgf/basiclayer\pgfc
orelayers.code.tex
File: pgfcorelayers.code.tex 2021/05/15 v3.1.9a (3.1.9a)
)
(C:\Users\ddeng\AppData\Local\Programs\MiKTeX00\tex/generic/pgf/basiclayer\pgfc
oretransparency.code.tex
File: pgfcoretransparency.code.tex 2021/05/15 v3.1.9a (3.1.9a)
)
(C:\Users\ddeng\AppData\Local\Programs\MiKTeX00\tex/generic/pgf/basiclayer\pgfc
orepatterns.code.tex
File: pgfcorepatterns.code.tex 2021/05/15 v3.1.9a (3.1.9a)
)
(C:\Users\ddeng\AppData\Local\Programs\MiKTeX00\tex/generic/pgf/basiclayer\pgfc
orerdf.code.tex
File: pgfcorerdf.code.tex 2021/05/15 v3.1.9a (3.1.9a)
)))
(C:\Users\ddeng\AppData\Local\Programs\MiKTeX00\tex/generic/pgf/modules\pgfmodu
leshapes.code.tex
File: pgfmoduleshapes.code.tex 2021/05/15 v3.1.9a (3.1.9a)
\pgfnodeparttextbox=\box56
)
(C:\Users\ddeng\AppData\Local\Programs\MiKTeX00\tex/generic/pgf/modules\pgfmodu
leplot.code.tex
File: pgfmoduleplot.code.tex 2021/05/15 v3.1.9a (3.1.9a)
)
(C:\Users\ddeng\AppData\Local\Programs\MiKTeX00\tex/latex/pgf/compatibility\pgf
comp-version-0-65.sty
Package: pgfcomp-version-0-65 2021/05/15 v3.1.9a (3.1.9a)
\pgf@nodesepstart=\dimen179
\pgf@nodesepend=\dimen180
)
(C:\Users\ddeng\AppData\Local\Programs\MiKTeX00\tex/latex/pgf/compatibility\pgf
comp-version-1-18.sty
Package: pgfcomp-version-1-18 2021/05/15 v3.1.9a (3.1.9a)
))
(C:\Users\ddeng\AppData\Local\Programs\MiKTeX00\tex/latex/pgf/utilities\pgffor.
sty
(C:\Users\ddeng\AppData\Local\Programs\MiKTeX00\tex/latex/pgf/utilities\pgfkeys
.sty
(C:\Users\ddeng\AppData\Local\Programs\MiKTeX00\tex/generic/pgf/utilities\pgfke
ys.code.tex))
(C:\Users\ddeng\AppData\Local\Programs\MiKTeX00\tex/latex/pgf/math\pgfmath.sty
(C:\Users\ddeng\AppData\Local\Programs\MiKTeX00\tex/generic/pgf/math\pgfmath.co
de.tex))
(C:\Users\ddeng\AppData\Local\Programs\MiKTeX00\tex/generic/pgf/utilities\pgffo
r.code.tex
Package: pgffor 2021/05/15 v3.1.9a (3.1.9a)

(C:\Users\ddeng\AppData\Local\Programs\MiKTeX00\tex/generic/pgf/math\pgfmath.co
de.tex)
\pgffor@iter=\dimen181
\pgffor@skip=\dimen182
\pgffor@stack=\toks28
\pgffor@toks=\toks29
))
(C:\Users\ddeng\AppData\Local\Programs\MiKTeX00\tex/generic/pgf/frontendlayer/t
ikz\tikz.code.tex
Package: tikz 2021/05/15 v3.1.9a (3.1.9a)

(C:\Users\ddeng\AppData\Local\Programs\MiKTeX00\tex/generic/pgf/libraries\pgfli
braryplothandlers.code.tex
File: pgflibraryplothandlers.code.tex 2021/05/15 v3.1.9a (3.1.9a)
\pgf@plot@mark@count=\count198
\pgfplotmarksize=\dimen183
)
\tikz@lastx=\dimen184
\tikz@lasty=\dimen185
\tikz@lastxsaved=\dimen186
\tikz@lastysaved=\dimen187
\tikz@lastmovetox=\dimen188
\tikz@lastmovetoy=\dimen189
\tikzleveldistance=\dimen190
\tikzsiblingdistance=\dimen191
\tikz@figbox=\box57
\tikz@figbox@bg=\box58
\tikz@tempbox=\box59
\tikz@tempbox@bg=\box60
\tikztreelevel=\count199
\tikznumberofchildren=\count266
\tikznumberofcurrentchild=\count267
\tikz@fig@count=\count268

(C:\Users\ddeng\AppData\Local\Programs\MiKTeX00\tex/generic/pgf/modules\pgfmodu
lematrix.code.tex
File: pgfmodulematrix.code.tex 2021/05/15 v3.1.9a (3.1.9a)
\pgfmatrixcurrentrow=\count269
\pgfmatrixcurrentcolumn=\count270
\pgf@matrix@numberofcolumns=\count271
)
\tikz@expandcount=\count272

(C:\Users\ddeng\AppData\Local\Programs\MiKTeX00\tex/generic/pgf/frontendlayer/t
ikz/libraries\tikzlibrarytopaths.code.tex
File: tikzlibrarytopaths.code.tex 2021/05/15 v3.1.9a (3.1.9a)
)))
(C:\Users\ddeng\AppData\Local\Programs\MiKTeX00\tex/generic/pgf/frontendlayer/t
ikz/libraries\tikzlibraryshapes.code.tex
File: tikzlibraryshapes.code.tex 2021/05/15 v3.1.9a (3.1.9a)

(C:\Users\ddeng\AppData\Local\Programs\MiKTeX00\tex/generic/pgf/frontendlayer/t
ikz/libraries\tikzlibraryshapes.geometric.code.tex
File: tikzlibraryshapes.geometric.code.tex 2021/05/15 v3.1.9a (3.1.9a)

(C:\Users\ddeng\AppData\Local\Programs\MiKTeX00\tex/generic/pgf/libraries/shape
s\pgflibraryshapes.geometric.code.tex
File: pgflibraryshapes.geometric.code.tex 2021/05/15 v3.1.9a (3.1.9a)
))
(C:\Users\ddeng\AppData\Local\Programs\MiKTeX00\tex/generic/pgf/frontendlayer/t
ikz/libraries\tikzlibraryshapes.misc.code.tex
File: tikzlibraryshapes.misc.code.tex 2021/05/15 v3.1.9a (3.1.9a)

(C:\Users\ddeng\AppData\Local\Programs\MiKTeX00\tex/generic/pgf/libraries/shape
s\pgflibraryshapes.misc.code.tex
File: pgflibraryshapes.misc.code.tex 2021/05/15 v3.1.9a (3.1.9a)
))
(C:\Users\ddeng\AppData\Local\Programs\MiKTeX00\tex/generic/pgf/frontendlayer/t
ikz/libraries\tikzlibraryshapes.symbols.code.tex
File: tikzlibraryshapes.symbols.code.tex 2021/05/15 v3.1.9a (3.1.9a)

(C:\Users\ddeng\AppData\Local\Programs\MiKTeX00\tex/generic/pgf/libraries/shape
s\pgflibraryshapes.symbols.code.tex
File: pgflibraryshapes.symbols.code.tex 2021/05/15 v3.1.9a (3.1.9a)
))
(C:\Users\ddeng\AppData\Local\Programs\MiKTeX00\tex/generic/pgf/frontendlayer/t
ikz/libraries\tikzlibraryshapes.arrows.code.tex
File: tikzlibraryshapes.arrows.code.tex 2021/05/15 v3.1.9a (3.1.9a)

(C:\Users\ddeng\AppData\Local\Programs\MiKTeX00\tex/generic/pgf/libraries/shape
s\pgflibraryshapes.arrows.code.tex
File: pgflibraryshapes.arrows.code.tex 2021/05/15 v3.1.9a (3.1.9a)
))
(C:\Users\ddeng\AppData\Local\Programs\MiKTeX00\tex/generic/pgf/frontendlayer/t
ikz/libraries\tikzlibraryshapes.callouts.code.tex
(C:\Users\ddeng\AppData\Local\Programs\MiKTeX00\tex/generic/pgf/libraries/shape
s\pgflibraryshapes.callouts.code.tex))
(C:\Users\ddeng\AppData\Local\Programs\MiKTeX00\tex/generic/pgf/frontendlayer/t
ikz/libraries\tikzlibraryshapes.multipart.code.tex
File: tikzlibraryshapes.multipart.code.tex 2021/05/15 v3.1.9a (3.1.9a)

(C:\Users\ddeng\AppData\Local\Programs\MiKTeX00\tex/generic/pgf/libraries/shape
s\pgflibraryshapes.multipart.code.tex
File: pgflibraryshapes.multipart.code.tex 2021/05/15 v3.1.9a (3.1.9a)
\pgfnodepartlowerbox=\box61
\pgfnodeparttwobox=\box62
\pgfnodepartthreebox=\box63
\pgfnodepartfourbox=\box64
\pgfnodeparttwentybox=\box65
\pgfnodepartnineteenbox=\box66
\pgfnodeparteighteenbox=\box67
\pgfnodepartseventeenbox=\box68
\pgfnodepartsixteenbox=\box69
\pgfnodepartfifteenbox=\box70
\pgfnodepartfourteenbox=\box71
\pgfnodepartthirteenbox=\box72
\pgfnodeparttwelvebox=\box73
\pgfnodepartelevenbox=\box74
\pgfnodeparttenbox=\box75
\pgfnodepartninebox=\box76
\pgfnodeparteightbox=\box77
\pgfnodepartsevenbox=\box78
\pgfnodepartsixbox=\box79
\pgfnodepartfivebox=\box80
)))
(C:\Users\ddeng\AppData\Local\Programs\MiKTeX00\tex/generic/pgf/frontendlayer/t
ikz/libraries\tikzlibrarydecorations.code.tex
(C:\Users\ddeng\AppData\Local\Programs\MiKTeX00\tex/generic/pgf/modules\pgfmodu
ledecorations.code.tex
\pgfdecoratedcompleteddistance=\dimen192
\pgfdecoratedremainingdistance=\dimen193
\pgfdecoratedinputsegmentcompleteddistance=\dimen194
\pgfdecoratedinputsegmentremainingdistance=\dimen195
\pgf@decorate@distancetomove=\dimen196
\pgf@decorate@repeatstate=\count273
\pgfdecorationsegmentamplitude=\dimen197
\pgfdecorationsegmentlength=\dimen198
)
\tikz@lib@dec@box=\box81
)
(C:\Users\ddeng\AppData\Local\Programs\MiKTeX00\tex/generic/pgf/frontendlayer/t
ikz/libraries\tikzlibraryshadows.code.tex
File: tikzlibraryshadows.code.tex 2021/05/15 v3.1.9a (3.1.9a)

(C:\Users\ddeng\AppData\Local\Programs\MiKTeX00\tex/generic/pgf/frontendlayer/t
ikz/libraries\tikzlibraryfadings.code.tex
File: tikzlibraryfadings.code.tex 2021/05/15 v3.1.9a (3.1.9a)

(C:\Users\ddeng\AppData\Local\Programs\MiKTeX00\tex/generic/pgf/libraries\pgfli
braryfadings.code.tex
File: pgflibraryfadings.code.tex 2021/05/15 v3.1.9a (3.1.9a)
)))
(C:\Users\ddeng\AppData\Local\Programs\MiKTeX00\tex/generic/pgf/frontendlayer/t
ikz/libraries\tikzlibrarybackgrounds.code.tex
File: tikzlibrarybackgrounds.code.tex 2021/05/15 v3.1.9a (3.1.9a)
\pgf@layerbox@background=\box82
\pgf@layerboxsaved@background=\box83
)
(C:\Users\ddeng\AppData\Local\Programs\MiKTeX00\tex/generic/pgf/frontendlayer/t
ikz/libraries\tikzlibrarycalc.code.tex
File: tikzlibrarycalc.code.tex 2021/05/15 v3.1.9a (3.1.9a)
)
(C:\Users\ddeng\AppData\Local\Programs\MiKTeX00\tex/generic/pgf/frontendlayer/t
ikz/libraries\tikzlibraryfit.code.tex
File: tikzlibraryfit.code.tex 2021/05/15 v3.1.9a (3.1.9a)
)
(C:\Users\ddeng\AppData\Local\Programs\MiKTeX00\tex/generic/pgf/frontendlayer/t
ikz/libraries\tikzlibrarydecorations.pathmorphing.code.tex
(C:\Users\ddeng\AppData\Local\Programs\MiKTeX00\tex/generic/pgf/libraries/decor
ations\pgflibrarydecorations.pathmorphing.code.tex))
(C:\Users\ddeng\AppData\Local\Programs\MiKTeX00\tex/generic/pgf/libraries\pgfli
braryarrows.code.tex
File: pgflibraryarrows.code.tex 2021/05/15 v3.1.9a (3.1.9a)
\arrowsize=\dimen199
)
\TP@innermargin=\dimen256
\TP@visibletextwidth=\dimen257
\TP@visibletextheight=\dimen258
\TP@titlewidth=\dimen259
\titlewidth=\dimen260
\TP@titlelinewidth=\dimen261
\titlelinewidth=\dimen262
\titleinnersep=\dimen263
\TP@titleinnersep=\dimen264
\TP@titletotopverticalspace=\dimen265
\titletotopverticalspace=\dimen266
\TP@titletoblockverticalspace=\dimen267
\TP@titleheight=\dimen268
\titleheight=\dimen269
\titlegraphicheight=\dimen270
\titleposleft=\dimen271
\titleposright=\dimen272
\titlepostop=\dimen273
\titleposbottom=\dimen274
\TP@titlegraphictotitledistance=\dimen275
\TP@colspace=\dimen276
\TP@coltop=\dimen277
\TP@colbottom=\dimen278
\TP@colcenter=\dimen279
\colwidth=\dimen280
\TP@subcolspace=\dimen281
\TP@subcoltop=\dimen282
\TP@subcolbottom=\dimen283
\TP@subcolcenter=\dimen284
\subcolwidth=\dimen285
\TP@blockverticalspace=\dimen286
\TP@blockcenter=\dimen287
\TP@blocktitleinnersep=\dimen288
\blocktitleinnersep=\dimen289
\TP@blockbodyinnersep=\dimen290
\blockbodyinnersep=\dimen291
\TP@blocktitlebox=\box84
\TP@blockbodybox=\box85
\TP@blocktitlewidth=\dimen292
\TP@blockbodywidth=\dimen293
\TP@blockbodyheight=\dimen294
\TP@blocktitleheight=\dimen295
\TP@blocktop=\dimen296
\TP@blocktitleoffsetx=\dimen297
\TP@blocktitleoffsety=\dimen298
\TP@blockbodyoffsetx=\dimen299
\TP@blockbodyoffsety=\dimen300
\TP@blockbodyverticalshift=\dimen301
\blocklinewidth=\dimen302
\TP@innerblockcenter=\dimen303
\TP@innerblocktitleinnersep=\dimen304
\innerblocktitleinnersep=\dimen305
\TP@innerblockbodyinnersep=\dimen306
\innerblockbodyinnersep=\dimen307
\TP@innerblocktitlebox=\box86
\TP@innerblockbodybox=\box87
\TP@innerblocktitlewidth=\dimen308
\TP@innerblockbodywidth=\dimen309
\TP@innerblockbodyheight=\dimen310
\TP@innerblocktitleheight=\dimen311
\TP@innerblocktitleoffsetx=\dimen312
\TP@innerblocktitleoffsety=\dimen313
\TP@innerblockbodyoffsetx=\dimen314
\TP@innerblockbodyoffsety=\dimen315
\TP@innerblockbodyverticalshift=\dimen316
\innerblocklinewidth=\dimen317
\TP@coloredbox=\box88
\TP@coloredboxwidth=\dimen318
\TP@coloredboxlinewidth=\dimen319
\TP@coloredboxinnersep=\dimen320
\TP@coloredboxheight=\dimen321
\TP@noteinnersep=\dimen322
\noteinnersep=\dimen323
\TP@notetargetoffsetx=\dimen324
\TP@notetargetoffsety=\dimen325
\TP@noteradius=\dimen326
\TP@notewidth=\dimen327
\TP@noteheight=\dimen328
\TP@notebox=\box89
\notelinewidth=\dimen329

(C:\Users\ddeng\AppData\Local\Programs\MiKTeX00\tex/latex/extsizes\extarticle.c
ls
Document Class: extarticle 1996/10/08 v1.0 Non Standard LaTeX document class
(C:\Users\ddeng\AppData\Local\Programs\MiKTeX00\tex/latex/base\size10.clo
File: size10.clo 2021/02/12 v1.4n Standard LaTeX file (size option)
)
(C:\Users\ddeng\AppData\Local\Programs\MiKTeX00\tex/latex/base\exscale.sty
Package: exscale 2018/09/24 v2.1i Standard LaTeX package exscale
LaTeX Font Info:    Redeclaring symbol font `largesymbols' on input line 57.
LaTeX Font Info:    Overwriting symbol font `largesymbols' in version `normal'
(Font)                  OMX/cmex/m/n --> OMX/cmex/m/n on input line 57.
LaTeX Font Info:    Overwriting symbol font `largesymbols' in version `bold'
(Font)                  OMX/cmex/m/n --> OMX/cmex/m/n on input line 57.
\big@size=\dimen330
)
\c@part=\count274
\c@section=\count275
\c@subsection=\count276
\c@subsubsection=\count277
\c@paragraph=\count278
\c@subparagraph=\count279
\c@figure=\count280
\c@table=\count281
\abovecaptionskip=\skip50
\belowcaptionskip=\skip51
\bibindent=\dimen331
)
(C:\Users\ddeng\AppData\Local\Programs\MiKTeX00\tex/latex/geometry\geometry.sty
Package: geometry 2020/01/02 v5.9 Page Geometry
(C:\Users\ddeng\AppData\Local\Programs\MiKTeX00\tex/generic/iftex\ifvtex.sty
Package: ifvtex 2019/10/25 v1.7 ifvtex legacy package. Use iftex instead.

(C:\Users\ddeng\AppData\Local\Programs\MiKTeX00\tex/generic/iftex\iftex.sty
Package: iftex 2020/03/06 v1.0d TeX engine tests
))
\Gm@cnth=\count282
\Gm@cntv=\count283
\c@Gm@tempcnt=\count284
\Gm@bindingoffset=\dimen332
\Gm@wd@mp=\dimen333
\Gm@odd@mp=\dimen334
\Gm@even@mp=\dimen335
\Gm@layoutwidth=\dimen336
\Gm@layoutheight=\dimen337
\Gm@layouthoffset=\dimen338
\Gm@layoutvoffset=\dimen339
\Gm@dimlist=\toks30

(C:\Users\ddeng\AppData\Local\Programs\MiKTeX00\tex/latex/geometry\geometry.cfg
))
(C:\Users\ddeng\AppData\Local\Programs\MiKTeX00\tex/latex/a0poster\a0size.sty
File: a0size.sty 2004/01/31 v1.22b a0poster class (GK, MW)
LaTeX Font Info:    Redeclaring symbol font `largesymbols' on input line 229.
LaTeX Font Info:    Overwriting symbol font `largesymbols' in version `normal'
(Font)                  OMX/cmex/m/n --> OMX/cmex/m/n on input line 229.
LaTeX Font Info:    Overwriting symbol font `largesymbols' in version `bold'
(Font)                  OMX/cmex/m/n --> OMX/cmex/m/n on input line 229.
\big@size=\dimen340
)
\pgf@layerbox@backgroundlayer=\box90
\pgf@layerboxsaved@backgroundlayer=\box91
\pgf@layerbox@notelayer=\box92
\pgf@layerboxsaved@notelayer=\box93

(C:\Users\ddeng\AppData\Local\Programs\MiKTeX00\tex/latex/tikzposter\tikzposter
Colorpalettes.tex)
(C:\Users\ddeng\AppData\Local\Programs\MiKTeX00\tex/latex/tikzposter\tikzposter
Colorstyles.tex)
(C:\Users\ddeng\AppData\Local\Programs\MiKTeX00\tex/latex/tikzposter\tikzposter
Backgroundstyles.tex)
(C:\Users\ddeng\AppData\Local\Programs\MiKTeX00\tex/latex/tikzposter\tikzposter
Titlestyles.tex)
(C:\Users\ddeng\AppData\Local\Programs\MiKTeX00\tex/latex/tikzposter\tikzposter
Blockstyles.tex)
(C:\Users\ddeng\AppData\Local\Programs\MiKTeX00\tex/latex/tikzposter\tikzposter
Innerblockstyles.tex)
(C:\Users\ddeng\AppData\Local\Programs\MiKTeX00\tex/latex/tikzposter\tikzposter
Notestyles.tex)
(C:\Users\ddeng\AppData\Local\Programs\MiKTeX00\tex/latex/tikzposter\tikzposter
Layoutthemes.tex)
\c@figurecounter=\count285
)
(C:\Users\ddeng\AppData\Local\Programs\MiKTeX00\tex/latex/todonotes\todonotes.s
ty
Package: todonotes 2021/06/04 v1.1.5 Todonotes source and documentation.
Package: todonotes 2021/06/04

(C:\Users\ddeng\AppData\Local\Programs\MiKTeX00\tex/generic/pgf/frontendlayer/t
ikz/libraries\tikzlibrarypositioning.code.tex
File: tikzlibrarypositioning.code.tex 2021/05/15 v3.1.9a (3.1.9a)
)
\c@@todonotes@numberoftodonotes=\count286
)
(C:\Users\ddeng\AppData\Local\Programs\MiKTeX00\tex/latex/bclogo\bclogo.sty
Package: bclogo 2016/01/10 v3.1
\bc@invboxh=\skip52
\bc@invboxd=\skip53
\bc@titleLength=\skip54
\logowidth=\skip55

(C:\Users\ddeng\AppData\Local\Programs\MiKTeX00\tex/latex/mdframed\mdframed.sty
Package: mdframed 2013/07/01 1.9b: mdframed

(C:\Users\ddeng\AppData\Local\Programs\MiKTeX00\tex/latex/kvoptions\kvoptions.s
ty
Package: kvoptions 2020-10-07 v3.14 Key value format for package options (HO)

(C:\Users\ddeng\AppData\Local\Programs\MiKTeX00\tex/generic/ltxcmds\ltxcmds.sty
Package: ltxcmds 2020-05-10 v1.25 LaTeX kernel commands for general use (HO)
)
(C:\Users\ddeng\AppData\Local\Programs\MiKTeX00\tex/generic/kvsetkeys\kvsetkeys
.sty
Package: kvsetkeys 2019/12/15 v1.18 Key value parser (HO)
))
(C:\Users\ddeng\AppData\Local\Programs\MiKTeX00\tex/latex/l3packages/xparse\xpa
rse.sty
(C:\Users\ddeng\AppData\Local\Programs\MiKTeX00\tex/latex/l3kernel\expl3.sty
Package: expl3 2021-06-18 L3 programming layer (loader) 

(C:\Users\ddeng\AppData\Local\Programs\MiKTeX00\tex/latex/l3backend\l3backend-x
etex.def
File: l3backend-xetex.def 2021-05-07 L3 backend support: XeTeX
 ()
\c__kernel_sys_dvipdfmx_version_int=\count287
\l__color_backend_stack_int=\count288
\g__color_backend_stack_int=\count289
\g__graphics_track_int=\count290
\l__pdf_internal_box=\box94
\g__pdf_backend_object_int=\count291
\g__pdf_backend_annotation_int=\count292
\g__pdf_backend_link_int=\count293
))
Package: xparse 2021-06-18 L3 Experimental document command parser
)
(C:\Users\ddeng\AppData\Local\Programs\MiKTeX00\tex/latex/zref\zref-abspage.sty
Package: zref-abspage 2020-07-03 v2.32 Module abspage for zref (HO)
(C:\Users\ddeng\AppData\Local\Programs\MiKTeX00\tex/latex/zref\zref-base.sty
Package: zref-base 2020-07-03 v2.32 Module base for zref (HO)

(C:\Users\ddeng\AppData\Local\Programs\MiKTeX00\tex/generic/infwarerr\infwarerr
.sty
Package: infwarerr 2019/12/03 v1.5 Providing info/warning/error messages (HO)
)
(C:\Users\ddeng\AppData\Local\Programs\MiKTeX00\tex/generic/kvdefinekeys\kvdefi
nekeys.sty
Package: kvdefinekeys 2019-12-19 v1.6 Define keys (HO)
)
(C:\Users\ddeng\AppData\Local\Programs\MiKTeX00\tex/generic/pdftexcmds\pdftexcm
ds.sty
Package: pdftexcmds 2020-06-27 v0.33 Utility functions of pdfTeX for LuaTeX (HO
)
Package pdftexcmds Info: \pdf@primitive is available.
Package pdftexcmds Info: \pdf@ifprimitive is available.
Package pdftexcmds Info: \pdfdraftmode not found.
)
(C:\Users\ddeng\AppData\Local\Programs\MiKTeX00\tex/generic/etexcmds\etexcmds.s
ty
Package: etexcmds 2019/12/15 v1.7 Avoid name clashes with e-TeX commands (HO)
)
(C:\Users\ddeng\AppData\Local\Programs\MiKTeX00\tex/latex/auxhook\auxhook.sty
Package: auxhook 2019-12-17 v1.6 Hooks for auxiliary files (HO)
)
Package zref Info: New property list: main on input line 764.
Package zref Info: New property: default on input line 765.
Package zref Info: New property: page on input line 766.
)
(C:\Users\ddeng\AppData\Local\Programs\MiKTeX00\tex/latex/base\atbegshi-ltx.sty
Package: atbegshi-ltx 2021/01/10 v1.0c Emulation of the original atbegshi
package with kernel methods
)
\c@abspage=\count294
Package zref Info: New property: abspage on input line 66.
)
(C:\Users\ddeng\AppData\Local\Programs\MiKTeX00\tex/latex/needspace\needspace.s
ty
Package: needspace 2010/09/12 v1.3d reserve vertical space
)
\mdf@templength=\skip56
\c@mdf@globalstyle@cnt=\count295
\mdf@skipabove@length=\skip57
\mdf@skipbelow@length=\skip58
\mdf@leftmargin@length=\skip59
\mdf@rightmargin@length=\skip60
\mdf@innerleftmargin@length=\skip61
\mdf@innerrightmargin@length=\skip62
\mdf@innertopmargin@length=\skip63
\mdf@innerbottommargin@length=\skip64
\mdf@splittopskip@length=\skip65
\mdf@splitbottomskip@length=\skip66
\mdf@outermargin@length=\skip67
\mdf@innermargin@length=\skip68
\mdf@linewidth@length=\skip69
\mdf@innerlinewidth@length=\skip70
\mdf@middlelinewidth@length=\skip71
\mdf@outerlinewidth@length=\skip72
\mdf@roundcorner@length=\skip73
\mdf@footenotedistance@length=\skip74
\mdf@userdefinedwidth@length=\skip75
\mdf@needspace@length=\skip76
\mdf@frametitleaboveskip@length=\skip77
\mdf@frametitlebelowskip@length=\skip78
\mdf@frametitlerulewidth@length=\skip79
\mdf@frametitleleftmargin@length=\skip80
\mdf@frametitlerightmargin@length=\skip81
\mdf@shadowsize@length=\skip82
\mdf@extratopheight@length=\skip83
\mdf@subtitleabovelinewidth@length=\skip84
\mdf@subtitlebelowlinewidth@length=\skip85
\mdf@subtitleaboveskip@length=\skip86
\mdf@subtitlebelowskip@length=\skip87
\mdf@subtitleinneraboveskip@length=\skip88
\mdf@subtitleinnerbelowskip@length=\skip89
\mdf@subsubtitleabovelinewidth@length=\skip90
\mdf@subsubtitlebelowlinewidth@length=\skip91
\mdf@subsubtitleaboveskip@length=\skip92
\mdf@subsubtitlebelowskip@length=\skip93
\mdf@subsubtitleinneraboveskip@length=\skip94
\mdf@subsubtitleinnerbelowskip@length=\skip95

(C:\Users\ddeng\AppData\Local\Programs\MiKTeX00\tex/latex/mdframed\md-frame-1.m
df
File: md-frame-1.mdf 2013/07/01\ 1.9b: md-frame-1
)
\mdf@frametitlebox=\box95
\mdf@footnotebox=\box96
\mdf@splitbox@one=\box97
\mdf@splitbox@two=\box98
\mdf@splitbox@save=\box99
\mdfsplitboxwidth=\skip96
\mdfsplitboxtotalwidth=\skip97
\mdfsplitboxheight=\skip98
\mdfsplitboxdepth=\skip99
\mdfsplitboxtotalheight=\skip100
\mdfframetitleboxwidth=\skip101
\mdfframetitleboxtotalwidth=\skip102
\mdfframetitleboxheight=\skip103
\mdfframetitleboxdepth=\skip104
\mdfframetitleboxtotalheight=\skip105
\mdffootnoteboxwidth=\skip106
\mdffootnoteboxtotalwidth=\skip107
\mdffootnoteboxheight=\skip108
\mdffootnoteboxdepth=\skip109
\mdffootnoteboxtotalheight=\skip110
\mdftotallinewidth=\skip111
\mdfboundingboxwidth=\skip112
\mdfboundingboxtotalwidth=\skip113
\mdfboundingboxheight=\skip114
\mdfboundingboxdepth=\skip115
\mdfboundingboxtotalheight=\skip116
\mdf@freevspace@length=\skip117
\mdf@horizontalwidthofbox@length=\skip118
\mdf@verticalmarginwhole@length=\skip119
\mdf@horizontalspaceofbox=\skip120
\mdfsubtitleheight=\skip121
\mdfsubsubtitleheight=\skip122
\c@mdfcountframes=\count296

****** mdframed patching \endmdf@trivlist

****** -- success******

\mdf@envdepth=\count297
\c@mdf@env@i=\count298
\c@mdf@env@ii=\count299
\c@mdf@zref@counter=\count300
Package zref Info: New property: mdf@pagevalue on input line 895.
)
(C:\Users\ddeng\AppData\Local\Programs\MiKTeX00\tex/generic/iftex\ifpdf.sty
Package: ifpdf 2019/10/25 v3.4 ifpdf legacy package. Use iftex instead.
)
Invalid UTF-8 byte or sequence at line 164 replaced by U+FFFD.
Invalid UTF-8 byte or sequence at line 164 replaced by U+FFFD.
Invalid UTF-8 byte or sequence at line 201 replaced by U+FFFD.
\c@bclogocompteur=\count301
\bcval@epBarre=\skip123
\bcval@framesep=\skip124
\bcval@tailleOndu=\skip125
\bcval@borderWidth=\skip126
Invalid UTF-8 byte or sequence at line 216 replaced by U+FFFD.
\bcval@margeG=\skip127
Invalid UTF-8 byte or sequence at line 217 replaced by U+FFFD.
Invalid UTF-8 byte or sequence at line 217 replaced by U+FFFD.
\bcval@margeD=\skip128
\bc@envbox=\box100
Invalid UTF-8 byte or sequence at line 334 replaced by U+FFFD.
Invalid UTF-8 byte or sequence at line 454 replaced by U+FFFD.
Invalid UTF-8 byte or sequence at line 454 replaced by U+FFFD.
Invalid UTF-8 byte or sequence at line 454 replaced by U+FFFD.
)
(C:\Users\ddeng\AppData\Local\Programs\MiKTeX00\tex/latex/lipsum\lipsum.sty
Package: lipsum 2021-03-03 v2.3 150 paragraphs of Lorem Ipsum dummy text

(C:\Users\ddeng\AppData\Local\Programs\MiKTeX00\tex/latex/lipsum\lipsum.ltd.tex
File: lipsum.ltd.tex 2021-03-03 v2.3 The Lorem ipsum dummy text
))
(C:\Users\ddeng\AppData\Local\Programs\MiKTeX00\tex/latex/amsmath\amsmath.sty
Package: amsmath 2021/04/20 v2.17j AMS math features
\@mathmargin=\skip129

For additional information on amsmath, use the `?' option.
(C:\Users\ddeng\AppData\Local\Programs\MiKTeX00\tex/latex/amsmath\amstext.sty
Package: amstext 2000/06/29 v2.01 AMS text

(C:\Users\ddeng\AppData\Local\Programs\MiKTeX00\tex/latex/amsmath\amsgen.sty
File: amsgen.sty 1999/11/30 v2.0 generic functions
\@emptytoks=\toks31
\ex@=\dimen341
))
(C:\Users\ddeng\AppData\Local\Programs\MiKTeX00\tex/latex/amsmath\amsbsy.sty
Package: amsbsy 1999/11/29 v1.2d Bold Symbols
\pmbraise@=\dimen342
)
(C:\Users\ddeng\AppData\Local\Programs\MiKTeX00\tex/latex/amsmath\amsopn.sty
Package: amsopn 2016/03/08 v2.02 operator names
)
\inf@bad=\count302
LaTeX Info: Redefining \frac on input line 234.
\uproot@=\count303
\leftroot@=\count304
LaTeX Info: Redefining \overline on input line 399.
\classnum@=\count305
\DOTSCASE@=\count306
LaTeX Info: Redefining \ldots on input line 496.
LaTeX Info: Redefining \dots on input line 499.
LaTeX Info: Redefining \cdots on input line 620.
\Mathstrutbox@=\box101
\strutbox@=\box102
\big@size=\dimen343
LaTeX Font Info:    Redeclaring font encoding OML on input line 743.
LaTeX Font Info:    Redeclaring font encoding OMS on input line 744.
\macc@depth=\count307
\c@MaxMatrixCols=\count308
\dotsspace@=\muskip16
\c@parentequation=\count309
\dspbrk@lvl=\count310
\tag@help=\toks32
\row@=\count311
\column@=\count312
\maxfields@=\count313
\andhelp@=\toks33
\eqnshift@=\dimen344
\alignsep@=\dimen345
\tagshift@=\dimen346
\tagwidth@=\dimen347
\totwidth@=\dimen348
\lineht@=\dimen349
\@envbody=\toks34
\multlinegap=\skip130
\multlinetaggap=\skip131
\mathdisplay@stack=\toks35
LaTeX Info: Redefining \[ on input line 2923.
LaTeX Info: Redefining \] on input line 2924.
)
(C:\Users\ddeng\AppData\Local\Programs\MiKTeX00\tex/latex/booktabs\booktabs.sty
Package: booktabs 2020/01/12 v1.61803398 Publication quality tables
\heavyrulewidth=\dimen350
\lightrulewidth=\dimen351
\cmidrulewidth=\dimen352
\belowrulesep=\dimen353
\belowbottomsep=\dimen354
\aboverulesep=\dimen355
\abovetopsep=\dimen356
\cmidrulesep=\dimen357
\cmidrulekern=\dimen358
\defaultaddspace=\dimen359
\@cmidla=\count314
\@cmidlb=\count315
\@aboverulesep=\dimen360
\@belowrulesep=\dimen361
\@thisruleclass=\count316
\@lastruleclass=\count317
\@thisrulewidth=\dimen362
) (C:\Users\ddeng\AppData\Local\Programs\MiKTeX00\tex/latex/tools\longtable.sty
Package: longtable 2021-05-07 v4.16 Multi-page Table package (DPC)
\LTleft=\skip132
\LTright=\skip133
\LTpre=\skip134
\LTpost=\skip135
\LTchunksize=\count318
\LTcapwidth=\dimen363
\LT@head=\box103
\LT@firsthead=\box104
\LT@foot=\box105
\LT@lastfoot=\box106
\LT@gbox=\box107
\LT@cols=\count319
\LT@rows=\count320
\c@LT@tables=\count321
\c@LT@chunks=\count322
\LT@p@ftn=\toks36
) (C:\Users\ddeng\AppData\Local\Programs\MiKTeX00\tex/latex/textpos\textpos.sty
Package: textpos 2020/09/26 v1.10
Package: textpos 2020/09/26 1.10, absolute positioning of text on the page
Package textpos Info: choosing support for LaTeX3 on input line 61.
\TP@textbox=\box108
\TP@holdbox=\box109
\TPHorizModule=\dimen364
\TPVertModule=\dimen365
\TP@margin=\dimen366
\TP@absmargin=\dimen367
Grid set 16 x 16 = 149.5548pt x 211.43953pt
\TPboxrulesize=\dimen368
\TP@ox=\dimen369
\TP@oy=\dimen370
\TP@tbargs=\toks37
TextBlockOrigin set to 0pt x 0pt
)
(C:\Users\ddeng\AppData\Local\Programs\MiKTeX00\tex/latex/subfigure\subfigure.s
ty
Package: subfigure 2002/07/30 v2.1.4 subfigure package
\subfigtopskip=\skip136
\subfigcapskip=\skip137
\subfigcaptopadj=\dimen371
\subfigbottomskip=\skip138
\subfigcapmargin=\dimen372
\subfiglabelskip=\skip139
\c@subfigure=\count323
\c@lofdepth=\count324
\c@subtable=\count325
\c@lotdepth=\count326

****************************************
* Local config file subfigure.cfg used *
****************************************

(C:\Users\ddeng\AppData\Local\Programs\MiKTeX00\tex/latex/subfigure\subfigure.c
fg)
\subfig@top=\skip140
\subfig@bottom=\skip141
)
(C:\Users\ddeng\AppData\Local\Programs\MiKTeX00\tex/latex/cmbright\cmbright.sty
Package: cmbright 2005/04/13 v8.1 (WaS)
LaTeX Font Info:    Redeclaring symbol font `operators' on input line 29.
LaTeX Font Info:    Overwriting symbol font `operators' in version `normal'
(Font)                  OT1/cmr/m/n --> OT1/cmbr/m/n on input line 29.
LaTeX Font Info:    Overwriting symbol font `operators' in version `bold'
(Font)                  OT1/cmr/bx/n --> OT1/cmbr/m/n on input line 29.
LaTeX Font Info:    Redeclaring symbol font `letters' on input line 30.
LaTeX Font Info:    Overwriting symbol font `letters' in version `normal'
(Font)                  OML/cmm/m/it --> OML/cmbrm/m/it on input line 30.
LaTeX Font Info:    Overwriting symbol font `letters' in version `bold'
(Font)                  OML/cmm/b/it --> OML/cmbrm/m/it on input line 30.
LaTeX Font Info:    Overwriting symbol font `letters' in version `bold'
(Font)                  OML/cmbrm/m/it --> OML/cmbrm/b/it on input line 31.
LaTeX Font Info:    Redeclaring symbol font `symbols' on input line 32.
LaTeX Font Info:    Overwriting symbol font `symbols' in version `normal'
(Font)                  OMS/cmsy/m/n --> OMS/cmbrs/m/n on input line 32.
LaTeX Font Info:    Overwriting symbol font `symbols' in version `bold'
(Font)                  OMS/cmsy/b/n --> OMS/cmbrs/m/n on input line 32.
LaTeX Font Info:    Redeclaring math alphabet \mathit on input line 33.
LaTeX Font Info:    Overwriting math alphabet `\mathit' in version `normal'
(Font)                  OT1/cmr/m/it --> OT1/cmbr/m/sl on input line 33.
LaTeX Font Info:    Overwriting math alphabet `\mathit' in version `bold'
(Font)                  OT1/cmr/bx/it --> OT1/cmbr/m/sl on input line 33.
LaTeX Font Info:    Redeclaring math alphabet \mathbf on input line 34.
LaTeX Font Info:    Overwriting math alphabet `\mathbf' in version `normal'
(Font)                  OT1/cmr/bx/n --> OT1/cmbr/bx/n on input line 34.
LaTeX Font Info:    Overwriting math alphabet `\mathbf' in version `bold'
(Font)                  OT1/cmr/bx/n --> OT1/cmbr/bx/n on input line 34.
LaTeX Font Info:    Redeclaring math alphabet \mathtt on input line 35.
LaTeX Font Info:    Overwriting math alphabet `\mathtt' in version `normal'
(Font)                  OT1/cmtt/m/n --> OT1/cmtl/m/n on input line 35.
LaTeX Font Info:    Overwriting math alphabet `\mathtt' in version `bold'
(Font)                  OT1/cmtt/m/n --> OT1/cmtl/m/n on input line 35.
LaTeX Font Info:    Redeclaring math symbol \alpha on input line 37.
LaTeX Font Info:    Redeclaring math symbol \beta on input line 38.
LaTeX Font Info:    Redeclaring math symbol \gamma on input line 39.
LaTeX Font Info:    Redeclaring math symbol \delta on input line 40.
LaTeX Font Info:    Redeclaring math symbol \epsilon on input line 41.
LaTeX Font Info:    Redeclaring math symbol \zeta on input line 42.
LaTeX Font Info:    Redeclaring math symbol \eta on input line 43.
LaTeX Font Info:    Redeclaring math symbol \theta on input line 44.
LaTeX Font Info:    Redeclaring math symbol \iota on input line 45.
LaTeX Font Info:    Redeclaring math symbol \kappa on input line 46.
LaTeX Font Info:    Redeclaring math symbol \lambda on input line 47.
LaTeX Font Info:    Redeclaring math symbol \mu on input line 48.
LaTeX Font Info:    Redeclaring math symbol \nu on input line 49.
LaTeX Font Info:    Redeclaring math symbol \xi on input line 50.
LaTeX Font Info:    Redeclaring math symbol \pi on input line 51.
LaTeX Font Info:    Redeclaring math symbol \rho on input line 52.
LaTeX Font Info:    Redeclaring math symbol \sigma on input line 53.
LaTeX Font Info:    Redeclaring math symbol \tau on input line 54.
LaTeX Font Info:    Redeclaring math symbol \upsilon on input line 55.
LaTeX Font Info:    Redeclaring math symbol \phi on input line 56.
LaTeX Font Info:    Redeclaring math symbol \chi on input line 57.
LaTeX Font Info:    Redeclaring math symbol \psi on input line 58.
LaTeX Font Info:    Redeclaring math symbol \omega on input line 59.
LaTeX Font Info:    Redeclaring math symbol \varepsilon on input line 60.
LaTeX Font Info:    Redeclaring math symbol \vartheta on input line 61.
LaTeX Font Info:    Redeclaring math symbol \varpi on input line 62.
LaTeX Font Info:    Redeclaring math symbol \varrho on input line 63.
LaTeX Font Info:    Redeclaring math symbol \varsigma on input line 64.
LaTeX Font Info:    Redeclaring math symbol \varphi on input line 65.
LaTeX Info: Redefining \LaTeX on input line 129.
LaTeX Info: Redefining \LaTeXe on input line 139.
LaTeX Font Info:    Trying to load font information for T1+cmbr on input line 1
44.
(C:\Users\ddeng\AppData\Local\Programs\MiKTeX00\tex/latex/cmbright\t1cmbr.fd
File: t1cmbr.fd 2005/04/13 v8.1 (WaS)
))
(C:\Users\ddeng\AppData\Local\Programs\MiKTeX00\tex/latex/kurier\kurier.sty
Invalid UTF-8 byte or sequence at line 27 replaced by U+FFFD.
Invalid UTF-8 byte or sequence at line 33 replaced by U+FFFD.
Invalid UTF-8 byte or sequence at line 33 replaced by U+FFFD.
Package: kurier 2005/10/03 v.1.2 Kurier package (MW)
\c@mv@kurier=\count327
\c@mv@kurierbold=\count328
LaTeX Font Info:    Overwriting symbol font `operators' in version `kurier'
(Font)                  OT1/cmbr/m/n --> OT1/kurierm/m/n on input line 59.
LaTeX Font Info:    Overwriting symbol font `letters' in version `kurier'
(Font)                  OML/cmbrm/m/it --> OML/kurier/m/it on input line 60.
LaTeX Font Info:    Overwriting symbol font `symbols' in version `kurier'
(Font)                  OMS/cmbrs/m/n --> OMS/kurier/m/n on input line 61.
LaTeX Font Info:    Overwriting symbol font `largesymbols' in version `kurier'
(Font)                  OMX/cmex/m/n --> OMX/kurier/m/n on input line 62.
LaTeX Font Info:    Overwriting symbol font `operators' in version `kurierbold'

(Font)                  OT1/cmbr/m/n --> OT1/kurierm/b/n on input line 63.
LaTeX Font Info:    Overwriting symbol font `letters' in version `kurierbold'
(Font)                  OML/cmbrm/m/it --> OML/kurier/b/it on input line 64.
LaTeX Font Info:    Overwriting symbol font `symbols' in version `kurierbold'
(Font)                  OMS/cmbrs/m/n --> OMS/kurier/b/n on input line 65.
LaTeX Font Info:    Overwriting symbol font `largesymbols' in version `kurierbo
ld'
(Font)                  OMX/cmex/m/n --> OMX/kurier/b/n on input line 66.
LaTeX Font Info:    Overwriting math alphabet `\mathbf' in version `kurier'
(Font)                  OT1/cmr/bx/n --> OT1/kurier/bx/n on input line 68.
LaTeX Font Info:    Overwriting math alphabet `\mathsf' in version `kurier'
(Font)                  OT1/cmss/m/n --> OT1/kurier/m/n on input line 69.
LaTeX Font Info:    Overwriting math alphabet `\mathit' in version `kurier'
(Font)                  OT1/cmr/m/it --> OT1/kurier/m/it on input line 70.
LaTeX Font Info:    Overwriting math alphabet `\mathtt' in version `kurier'
(Font)                  OT1/cmtt/m/n --> OT1/kurier/m/n on input line 71.
LaTeX Font Info:    Overwriting math alphabet `\mathsf' in version `kurierbold'

(Font)                  OT1/cmss/m/n --> OT1/kurier/bx/n on input line 72.
LaTeX Font Info:    Overwriting math alphabet `\mathit' in version `kurierbold'

(Font)                  OT1/cmr/m/it --> OT1/kurier/bx/it on input line 73.
)
(C:\Users\ddeng\AppData\Local\Programs\MiKTeX00\tex/latex/base\fontenc.sty
Package: fontenc 2021/04/29 v2.0v Standard LaTeX package
LaTeX Font Info:    Trying to load font information for T1+kurier on input line
 112.

(C:\Users\ddeng\AppData\Local\Programs\MiKTeX00\tex/latex/kurier\t1kurier.fd
File: t1kurier.fd 2008/07/22 v0.995 font definition file for T1/kurier (MW)
))
(C:\Users\ddeng\AppData\Local\Programs\MiKTeX00\tex/latex/hyperref\hyperref.sty
Package: hyperref 2021-06-07 v7.00m Hypertext links for LaTeX

(C:\Users\ddeng\AppData\Local\Programs\MiKTeX00\tex/generic/pdfescape\pdfescape
.sty
Package: pdfescape 2019/12/09 v1.15 Implements pdfTeX's escape features (HO)
)
(C:\Users\ddeng\AppData\Local\Programs\MiKTeX00\tex/latex/hycolor\hycolor.sty
Package: hycolor 2020-01-27 v1.10 Color options for hyperref/bookmark (HO)
)
(C:\Users\ddeng\AppData\Local\Programs\MiKTeX00\tex/latex/letltxmacro\letltxmac
ro.sty
Package: letltxmacro 2019/12/03 v1.6 Let assignment for LaTeX macros (HO)
)
\@linkdim=\dimen373
\Hy@linkcounter=\count329
\Hy@pagecounter=\count330

(C:\Users\ddeng\AppData\Local\Programs\MiKTeX00\tex/latex/hyperref\pd1enc.def
File: pd1enc.def 2021-06-07 v7.00m Hyperref: PDFDocEncoding definition (HO)
)
(C:\Users\ddeng\AppData\Local\Programs\MiKTeX00\tex/latex/hyperref\hyperref-lan
gpatches.def
File: hyperref-langpatches.def 2021-06-07 v7.00m Hyperref: patches for babel la
nguages
)
(C:\Users\ddeng\AppData\Local\Programs\MiKTeX00\tex/generic/intcalc\intcalc.sty
Package: intcalc 2019/12/15 v1.3 Expandable calculations with integers (HO)
)
\Hy@SavedSpaceFactor=\count331
 (C:\Users\ddeng\AppData\Local\Programs\MiKTeX00\tex/latex/hyperref\puenc.def
File: puenc.def 2021-06-07 v7.00m Hyperref: PDF Unicode definition (HO)
)
Package hyperref Info: Hyper figures OFF on input line 4192.
Package hyperref Info: Link nesting OFF on input line 4197.
Package hyperref Info: Hyper index ON on input line 4200.
Package hyperref Info: Plain pages OFF on input line 4207.
Package hyperref Info: Backreferencing OFF on input line 4212.
Package hyperref Info: Implicit mode ON; LaTeX internals redefined.
Package hyperref Info: Bookmarks ON on input line 4445.
\c@Hy@tempcnt=\count332
(C:\Users\ddeng\AppData\Local\Programs\MiKTeX00\tex/latex/url\url.sty
\Urlmuskip=\muskip17
Package: url 2013/09/16  ver 3.4  Verb mode for urls, etc.
)
LaTeX Info: Redefining \url on input line 4804.
\XeTeXLinkMargin=\dimen374

(C:\Users\ddeng\AppData\Local\Programs\MiKTeX00\tex/generic/bitset\bitset.sty
Package: bitset 2019/12/09 v1.3 Handle bit-vector datatype (HO)

(C:\Users\ddeng\AppData\Local\Programs\MiKTeX00\tex/generic/bigintcalc\bigintca
lc.sty
Package: bigintcalc 2019/12/15 v1.5 Expandable calculations on big integers (HO
)
))
\Fld@menulength=\count333
\Field@Width=\dimen375
\Fld@charsize=\dimen376
Package hyperref Info: Hyper figures OFF on input line 6076.
Package hyperref Info: Link nesting OFF on input line 6081.
Package hyperref Info: Hyper index ON on input line 6084.
Package hyperref Info: backreferencing OFF on input line 6091.
Package hyperref Info: Link coloring OFF on input line 6096.
Package hyperref Info: Link coloring with OCG OFF on input line 6101.
Package hyperref Info: PDF/A mode OFF on input line 6106.
LaTeX Info: Redefining \ref on input line 6146.
LaTeX Info: Redefining \pageref on input line 6150.
\Hy@abspage=\count334
\c@Item=\count335
\c@Hfootnote=\count336
)
Package hyperref Info: Driver (autodetected): hxetex.

(C:\Users\ddeng\AppData\Local\Programs\MiKTeX00\tex/latex/hyperref\hxetex.def
File: hxetex.def 2021-06-07 v7.00m Hyperref driver for XeTeX

(C:\Users\ddeng\AppData\Local\Programs\MiKTeX00\tex/generic/stringenc\stringenc
.sty
Package: stringenc 2019/11/29 v1.12 Convert strings between diff. encodings (HO
)
)
\pdfm@box=\box110
\c@Hy@AnnotLevel=\count337
\HyField@AnnotCount=\count338
\Fld@listcount=\count339
\c@bookmark@seq@number=\count340

(C:\Users\ddeng\AppData\Local\Programs\MiKTeX00\tex/latex/rerunfilecheck\rerunf
ilecheck.sty
Package: rerunfilecheck 2019/12/05 v1.9 Rerun checks for auxiliary files (HO)

(C:\Users\ddeng\AppData\Local\Programs\MiKTeX00\tex/latex/base\atveryend-ltx.st
y
Package: atveryend-ltx 2020/08/19 v1.0a Emulation of the original atvery packag
e
with kernel methods
)
(C:\Users\ddeng\AppData\Local\Programs\MiKTeX00\tex/generic/uniquecounter\uniqu
ecounter.sty
Package: uniquecounter 2019/12/15 v1.4 Provide unlimited unique counter (HO)
)
Package uniquecounter Info: New unique counter `rerunfilecheck' on input line 2
86.
)
\Hy@SectionHShift=\skip142
)
(C:\Users\ddeng\AppData\Local\Programs\MiKTeX00\tex/generic/babel\babel.sty
Package: babel 2021/06/28 3.61 The Babel package

(C:\Users\ddeng\AppData\Local\Programs\MiKTeX00\tex/generic/babel\babel.def
File: babel.def 2021/06/28 3.61 Babel common definitions
\babel@savecnt=\count341
\U@D=\dimen377
\l@unhyphenated=\language79

(C:\Users\ddeng\AppData\Local\Programs\MiKTeX00\tex/generic/babel\xebabel.def
(C:\Users\ddeng\AppData\Local\Programs\MiKTeX00\tex/generic/babel\txtbabel.def)
)
\bbl@readstream=\read3
)
\bbl@dirlevel=\count342

*************************************
* Local config file bblopts.cfg used
*
(C:\Users\ddeng\AppData\Local\Programs\MiKTeX00\tex/latex/arabi\bblopts.cfg
File: bblopts.cfg 2005/09/08 v0.1 add Arabic and Farsi to "declared" options of
 babel
)
(C:\Users\ddeng\AppData\Local\Programs\MiKTeX00\tex/latex/babel-english\english
.ldf
Language: english 2017/06/06 v3.3r English support from the babel system
Package babel Info: Hyphen rules for 'canadian' set to \l@english
(babel)             (\language0). Reported on input line 102.
Package babel Info: Hyphen rules for 'australian' set to \l@ukenglish
(babel)             (\language73). Reported on input line 105.
Package babel Info: Hyphen rules for 'newzealand' set to \l@ukenglish
(babel)             (\language73). Reported on input line 108.
))
(C:\Users\ddeng\AppData\Local\Programs\MiKTeX00\tex/latex/blindtext\blindtext.s
ty
Package: blindtext 2012/01/06 V2.0 blindtext-Package
 (C:\Users\ddeng\AppData\Local\Programs\MiKTeX00\tex/latex/tools\xspace.sty
Package: xspace 2014/10/28 v1.13 Space after command names (DPC,MH)
)
\c@blindtext=\count343
\c@Blindtext=\count344
\c@blind@countparstart=\count345
\blind@countxx=\count346
\blindtext@numBlindtext=\count347
\blind@countyy=\count348
\c@blindlist=\count349
\c@blindlistlevel=\count350
\c@blindlist@level=\count351
\blind@listitem=\count352
\c@blind@listcount=\count353
\c@blind@levelcount=\count354
\blind@mathformula=\count355
\blind@Mathformula=\count356
\c@blind@randomcount=\count357
\c@blind@randommax=\count358
\c@blind@pangramcount=\count359
\c@blind@pangrammax=\count360
) (poster.aux)
\openout1 = `poster.aux'.

LaTeX Font Info:    Checking defaults for OML/cmm/m/it on input line 72.
LaTeX Font Info:    ... okay on input line 72.
LaTeX Font Info:    Checking defaults for OMS/cmsy/m/n on input line 72.
LaTeX Font Info:    ... okay on input line 72.
LaTeX Font Info:    Checking defaults for OT1/cmr/m/n on input line 72.
LaTeX Font Info:    ... okay on input line 72.
LaTeX Font Info:    Checking defaults for T1/cmr/m/n on input line 72.
LaTeX Font Info:    ... okay on input line 72.
LaTeX Font Info:    Checking defaults for TS1/cmr/m/n on input line 72.
LaTeX Font Info:    Trying to load font information for TS1+cmr on input line 7
2.

(C:\Users\ddeng\AppData\Local\Programs\MiKTeX00\tex/latex/base\ts1cmr.fd
File: ts1cmr.fd 2019/12/16 v2.5j Standard LaTeX font definitions
)
LaTeX Font Info:    ... okay on input line 72.
LaTeX Font Info:    Checking defaults for TU/lmr/m/n on input line 72.
LaTeX Font Info:    ... okay on input line 72.
LaTeX Font Info:    Checking defaults for OMX/cmex/m/n on input line 72.
LaTeX Font Info:    ... okay on input line 72.
LaTeX Font Info:    Checking defaults for U/cmr/m/n on input line 72.
LaTeX Font Info:    ... okay on input line 72.
LaTeX Font Info:    Checking defaults for PD1/pdf/m/n on input line 72.
LaTeX Font Info:    ... okay on input line 72.
LaTeX Font Info:    Checking defaults for PU/pdf/m/n on input line 72.
LaTeX Font Info:    ... okay on input line 72.

*geometry* driver: auto-detecting
*geometry* detected driver: xetex
*geometry* verbose mode - [ preamble ] result:
* driver: xetex
* paper: a0paper
* layout: <same size as paper>
* layoutoffset:(h,v)=(0.0pt,0.0pt)
* modes: 
* h-part:(L,W,R)=(0.0pt, 2392.87677pt, 0.0pt)
* v-part:(T,H,B)=(0.0pt, 3383.03267pt, 0.0pt)
* \paperwidth=2392.87677pt
* \paperheight=3383.03267pt
* \textwidth=2392.87677pt
* \textheight=3383.03267pt
* \oddsidemargin=-72.26999pt
* \evensidemargin=-72.26999pt
* \topmargin=-109.26999pt
* \headheight=12.0pt
* \headsep=25.0pt
* \topskip=10.0pt
* \footskip=30.0pt
* \marginparwidth=65.0pt
* \marginparsep=11.0pt
* \columnsep=10.0pt
* \skip\footins=9.0pt plus 4.0pt minus 2.0pt
* \hoffset=0.0pt
* \voffset=0.0pt
* \mag=1000
* \@twocolumnfalse
* \@twosidefalse
* \@mparswitchfalse
* \@reversemarginfalse
* (1in=72.27pt=25.4mm, 1cm=28.453pt)

LaTeX Font Info:    Trying to load font information for OT1+kurierm on input li
ne 72.
(C:\Users\ddeng\AppData\Local\Programs\MiKTeX00\tex/latex/kurier\ot1kurierm.fd
File: ot1kurierm.fd 2005/10/03 v1.2 font definition file for OT1/kurierm (MW)
)
LaTeX Font Info:    Trying to load font information for OML+kurier on input lin
e 72.
(C:\Users\ddeng\AppData\Local\Programs\MiKTeX00\tex/latex/kurier\omlkurier.fd
File: omlkurier.fd 2008/07/22 v0.995 font definition file for OML/kurier (MW)
)
LaTeX Font Info:    Trying to load font information for OMS+kurier on input lin
e 72.

(C:\Users\ddeng\AppData\Local\Programs\MiKTeX00\tex/latex/kurier\omskurier.fd
File: omskurier.fd 2008/07/22 v0.995 font definition file for OMS/kurier (MW)
)
LaTeX Font Info:    Trying to load font information for OMX+kurier on input lin
e 72.

(C:\Users\ddeng\AppData\Local\Programs\MiKTeX00\tex/latex/kurier\omxkurier.fd
File: omxkurier.fd 2008/07/22 v0.995 font definition file for OMX/kurier (MW)
)
Package hyperref Info: Link coloring OFF on input line 72.

(C:\Users\ddeng\AppData\Local\Programs\MiKTeX00\tex/latex/hyperref\nameref.sty
Package: nameref 2021-04-02 v2.47 Cross-referencing by name of section

(C:\Users\ddeng\AppData\Local\Programs\MiKTeX00\tex/latex/refcount\refcount.sty
Package: refcount 2019/12/15 v3.6 Data extraction from label references (HO)
)
(C:\Users\ddeng\AppData\Local\Programs\MiKTeX00\tex/generic/gettitlestring\gett
itlestring.sty
Package: gettitlestring 2019/12/15 v1.6 Cleanup title references (HO)
)
\c@section@level=\count361
)
LaTeX Info: Redefining \ref on input line 72.
LaTeX Info: Redefining \pageref on input line 72.
LaTeX Info: Redefining \nameref on input line 72.
 (poster.out) (poster.out)
\@outlinefile=\write4
\openout4 = `poster.out'.

Missing character: There is no 1 in font nullfont!
Missing character: There is no = in font nullfont!
Missing character: There is no 1 in font nullfont!
Missing character: There is no 7 in font nullfont!
Missing character: There is no 8 in font nullfont!
Missing character: There is no 7 in font nullfont!
LaTeX Font Info:    Trying to load font information for TS1+kurier on input lin
e 135.

(C:\Users\ddeng\AppData\Local\Programs\MiKTeX00\tex/latex/kurier\ts1kurier.fd
File: ts1kurier.fd 2008/07/22 v0.995 font definition file for TS1/kurier (MW)
)
Overfull \hbox (2.24426pt too wide) in paragraph at lines 135--135
[][] 
 []

Missing character: There is no 7 in font nullfont!
Missing character: There is no 8 in font nullfont!
Missing character: There is no 7 in font nullfont!
File: figures//pe7.eps Graphic file (type eps)
<figures//pe7.eps>
File: figures//pe8.eps Graphic file (type eps)
<figures//pe8.eps>
Missing character: There is no 7 in font nullfont!
Missing character: There is no 8 in font nullfont!
Missing character: There is no 7 in font nullfont!
File: figures//pe15.eps Graphic file (type eps)
<figures//pe15.eps>
Missing character: There is no 7 in font nullfont!
Missing character: There is no 8 in font nullfont!
Missing character: There is no 7 in font nullfont!
File: figures//pe9.eps Graphic file (type eps)
<figures//pe9.eps>
Missing character: There is no 7 in font nullfont!
Missing character: There is no 8 in font nullfont!
Missing character: There is no 7 in font nullfont!
Missing character: There is no  in font ec-kurierr!
Missing character: There is no  in font ec-kurierr!
Missing character: There is no  in font ec-kurierr!
Missing character: There is no  in font ec-kurierr!
File: figures//pe13.eps Graphic file (type eps)
<figures//pe13.eps>
Missing character: There is no 7 in font nullfont!
Missing character: There is no 8 in font nullfont!
Missing character: There is no 7 in font nullfont!
Missing character: There is no 7 in font nullfont!
Missing character: There is no 8 in font nullfont!
Missing character: There is no 7 in font nullfont!
Missing character: There is no 7 in font nullfont!
Missing character: There is no 8 in font nullfont!
Missing character: There is no 7 in font nullfont!
Invalid UTF-8 byte or sequence at line 304 replaced by U+FFFD.
Invalid UTF-8 byte or sequence at line 304 replaced by U+FFFD.
Invalid UTF-8 byte or sequence at line 304 replaced by U+FFFD.
Invalid UTF-8 byte or sequence at line 304 replaced by U+FFFD.
Invalid UTF-8 byte or sequence at line 304 replaced by U+FFFD.
Invalid UTF-8 byte or sequence at line 304 replaced by U+FFFD.
File: logos/tulip-wordmark.eps Graphic file (type eps)
<logos/tulip-wordmark.eps>

Overfull \hbox (0.53442pt too wide) in paragraph at lines 304--304
 [][] 
 []


Overfull \hbox (5.52335pt too wide) in paragraph at lines 304--304
[]$[]$ $[]$ 
 []

[1

] (poster.aux)
Package rerunfilecheck Info: File `poster.out' has not changed.
(rerunfilecheck)             Checksum: D41D8CD98F00B204E9800998ECF8427E;0.
 ) 
Here is how much of TeX's memory you used:
 27548 strings out of 411254
 536260 string characters out of 2828122
 1135625 words of memory out of 3000000
 47492 multiletter control sequences out of 15000+600000
 481996 words of font info for 74 fonts, out of 8000000 for 9000
 1348 hyphenation exceptions out of 8191
 117i,10n,122p,516b,1489s stack positions out of 5000i,500n,10000p,200000b,80000s

Output written on poster.pdf (1 page).
