This is pdfTeX, Version 3.141592653-2.6-1.40.22 (MiKTeX 21.6.28) (preloaded format=latex 2021.7.3)  5 JUL 2021 14:06
entering extended mode
**./report-acm.tex
(report-acm.tex
LaTeX2e <2021-06-01> patch level 1
L3 programming layer <2021-06-18>
(C:\Users\ddeng\AppData\Local\Programs\MiKTeX00\tex/latex/acmart\acmart.cls
Document Class: acmart 2021/05/01 v1.78 Typesetting articles for the Associatio
n for Computing Machinery
(C:\Users\ddeng\AppData\Local\Programs\MiKTeX00\tex/latex/xkeyval\xkeyval.sty
Package: xkeyval 2020/11/20 v2.8 package option processing (HA)

(C:\Users\ddeng\AppData\Local\Programs\MiKTeX00\tex/generic/xkeyval\xkeyval.tex

(C:\Users\ddeng\AppData\Local\Programs\MiKTeX00\tex/generic/xkeyval\xkvutils.te
x
\XKV@toks=\toks16
\XKV@tempa@toks=\toks17

(C:\Users\ddeng\AppData\Local\Programs\MiKTeX00\tex/generic/xkeyval\keyval.tex)
)
\XKV@depth=\count182
File: xkeyval.tex 2014/12/03 v2.7a key=value parser (HA)
))
(C:\Users\ddeng\AppData\Local\Programs\MiKTeX00\tex/latex/xstring\xstring.sty
(C:\Users\ddeng\AppData\Local\Programs\MiKTeX00\tex/generic/xstring\xstring.tex
\integerpart=\count183
\decimalpart=\count184
)
Package: xstring 2019/02/06 v1.83 String manipulations (CT)
) (C:\Users\ddeng\AppData\Local\Programs\MiKTeX00\tex/generic/iftex\iftex.sty
Package: iftex 2020/03/06 v1.0d TeX engine tests
)
Package acmart Info: Not using screen mode on input line 73.
Package acmart Info: Using breaking urls on hyphens on input line 81.
Package acmart Info: Requiring acmthm on input line 89.
Package acmart Info: Not using review mode on input line 98.
Package acmart Info: Not using authorversion mode on input line 106.
Package acmart Info: Not using nonacm mode on input line 118.
Package acmart Info: Explicitly selecting natbib mode on input line 134.
Package acmart Info: Not using anonymous mode on input line 142.
Package acmart Info: Not using timestamp mode on input line 150.
Package acmart Info: Not using authordraft mode on input line 160.
Class acmart Info: Using format sigconf, number 4 on input line 169.
Class acmart Info: Using fontsize 9pt on input line 253.
(C:\Users\ddeng\AppData\Local\Programs\MiKTeX00\tex/latex/amscls\amsart.cls
Document Class: amsart 2020/05/29 v2.20.6
\linespacing=\dimen138
\normalparindent=\dimen139
\normaltopskip=\skip47
(C:\Users\ddeng\AppData\Local\Programs\MiKTeX00\tex/latex/amsmath\amsmath.sty
Package: amsmath 2021/04/20 v2.17j AMS math features
\@mathmargin=\skip48

For additional information on amsmath, use the `?' option.
(C:\Users\ddeng\AppData\Local\Programs\MiKTeX00\tex/latex/amsmath\amstext.sty
Package: amstext 2000/06/29 v2.01 AMS text

(C:\Users\ddeng\AppData\Local\Programs\MiKTeX00\tex/latex/amsmath\amsgen.sty
File: amsgen.sty 1999/11/30 v2.0 generic functions
\@emptytoks=\toks18
\ex@=\dimen140
))
(C:\Users\ddeng\AppData\Local\Programs\MiKTeX00\tex/latex/amsmath\amsbsy.sty
Package: amsbsy 1999/11/29 v1.2d Bold Symbols
\pmbraise@=\dimen141
)
(C:\Users\ddeng\AppData\Local\Programs\MiKTeX00\tex/latex/amsmath\amsopn.sty
Package: amsopn 2016/03/08 v2.02 operator names
)
\inf@bad=\count185
LaTeX Info: Redefining \frac on input line 234.
\uproot@=\count186
\leftroot@=\count187
LaTeX Info: Redefining \overline on input line 399.
\classnum@=\count188
\DOTSCASE@=\count189
LaTeX Info: Redefining \ldots on input line 496.
LaTeX Info: Redefining \dots on input line 499.
LaTeX Info: Redefining \cdots on input line 620.
\Mathstrutbox@=\box50
\strutbox@=\box51
\big@size=\dimen142
LaTeX Font Info:    Redeclaring font encoding OML on input line 743.
LaTeX Font Info:    Redeclaring font encoding OMS on input line 744.
\macc@depth=\count190
\c@MaxMatrixCols=\count191
\dotsspace@=\muskip16
\c@parentequation=\count192
\dspbrk@lvl=\count193
\tag@help=\toks19
\row@=\count194
\column@=\count195
\maxfields@=\count196
\andhelp@=\toks20
\eqnshift@=\dimen143
\alignsep@=\dimen144
\tagshift@=\dimen145
\tagwidth@=\dimen146
\totwidth@=\dimen147
\lineht@=\dimen148
\@envbody=\toks21
\multlinegap=\skip49
\multlinetaggap=\skip50
\mathdisplay@stack=\toks22
LaTeX Info: Redefining \[ on input line 2923.
LaTeX Info: Redefining \] on input line 2924.
)
LaTeX Font Info:    Trying to load font information for U+msa on input line 397
.

(C:\Users\ddeng\AppData\Local\Programs\MiKTeX00\tex/latex/amsfonts\umsa.fd
File: umsa.fd 2013/01/14 v3.01 AMS symbols A
)
(C:\Users\ddeng\AppData\Local\Programs\MiKTeX00\tex/latex/amsfonts\amsfonts.sty
Package: amsfonts 2013/01/14 v3.01 Basic AMSFonts support
\symAMSa=\mathgroup4
\symAMSb=\mathgroup5
LaTeX Font Info:    Redeclaring math symbol \hbar on input line 98.
LaTeX Font Info:    Overwriting math alphabet `\mathfrak' in version `bold'
(Font)                  U/euf/m/n --> U/euf/b/n on input line 106.
)
\copyins=\insert199
\abstractbox=\box52
\listisep=\skip51
\c@part=\count197
\c@section=\count198
\c@subsection=\count266
\c@subsubsection=\count267
\c@paragraph=\count268
\c@subparagraph=\count269
\c@figure=\count270
\c@table=\count271
\abovecaptionskip=\skip52
\belowcaptionskip=\skip53
\captionindent=\dimen149
\thm@style=\toks23
\thm@bodyfont=\toks24
\thm@headfont=\toks25
\thm@notefont=\toks26
\thm@headpunct=\toks27
\thm@preskip=\skip54
\thm@postskip=\skip55
\thm@headsep=\skip56
\dth@everypar=\toks28
)
(C:\Users\ddeng\AppData\Local\Programs\MiKTeX00\tex/latex/microtype\microtype.s
ty
Package: microtype 2021/03/14 v2.8c Micro-typographical refinements (RS)
\MT@toks=\toks29
\MT@count=\count272
LaTeX Info: Redefining \textls on input line 790.
\MT@outer@kern=\dimen150
LaTeX Info: Redefining \textmicrotypecontext on input line 1374.
\MT@listname@count=\count273

(C:\Users\ddeng\AppData\Local\Programs\MiKTeX00\tex/latex/microtype\microtype-p
dftex.def
File: microtype-pdftex.def 2021/03/14 v2.8c Definitions specific to pdftex (RS)

LaTeX Info: Redefining \lsstyle on input line 915.
LaTeX Info: Redefining \lslig on input line 915.
\MT@outer@space=\skip57
)
Package microtype Info: Loading configuration file microtype.cfg.

(C:\Users\ddeng\AppData\Local\Programs\MiKTeX00\tex/latex/microtype\microtype.c
fg
File: microtype.cfg 2021/03/14 v2.8c microtype main configuration file (RS)
))
(C:\Users\ddeng\AppData\Local\Programs\MiKTeX00\tex/latex/etoolbox\etoolbox.sty
Package: etoolbox 2020/10/05 v2.5k e-TeX tools for LaTeX (JAW)
\etb@tempcnta=\count274
)
(C:\Users\ddeng\AppData\Local\Programs\MiKTeX00\tex/latex/booktabs\booktabs.sty
Package: booktabs 2020/01/12 v1.61803398 Publication quality tables
\heavyrulewidth=\dimen151
\lightrulewidth=\dimen152
\cmidrulewidth=\dimen153
\belowrulesep=\dimen154
\belowbottomsep=\dimen155
\aboverulesep=\dimen156
\abovetopsep=\dimen157
\cmidrulesep=\dimen158
\cmidrulekern=\dimen159
\defaultaddspace=\dimen160
\@cmidla=\count275
\@cmidlb=\count276
\@aboverulesep=\dimen161
\@belowrulesep=\dimen162
\@thisruleclass=\count277
\@lastruleclass=\count278
\@thisrulewidth=\dimen163
)
(C:\Users\ddeng\AppData\Local\Programs\MiKTeX00\tex/latex/refcount\refcount.sty
Package: refcount 2019/12/15 v3.6 Data extraction from label references (HO)

(C:\Users\ddeng\AppData\Local\Programs\MiKTeX00\tex/generic/ltxcmds\ltxcmds.sty
Package: ltxcmds 2020-05-10 v1.25 LaTeX kernel commands for general use (HO)
)
(C:\Users\ddeng\AppData\Local\Programs\MiKTeX00\tex/generic/infwarerr\infwarerr
.sty
Package: infwarerr 2019/12/03 v1.5 Providing info/warning/error messages (HO)
))
(C:\Users\ddeng\AppData\Local\Programs\MiKTeX00\tex/latex/totpages\totpages.sty
Package: totpages 2005/09/19 v2.00 Totpages Package (muewi)

(C:\Users\ddeng\AppData\Local\Programs\MiKTeX00\tex/latex/everyshi\everyshi.sty
Package: everyshi 2020/11/18 v4.00 EveryShipout Package
))
(C:\Users\ddeng\AppData\Local\Programs\MiKTeX00\tex/latex/environ\environ.sty
Package: environ 2014/05/04 v0.3 A new way to define environments

(C:\Users\ddeng\AppData\Local\Programs\MiKTeX00\tex/latex/trimspaces\trimspaces
.sty
Package: trimspaces 2009/09/17 v1.1 Trim spaces around a token list
))
(C:\Users\ddeng\AppData\Local\Programs\MiKTeX00\tex/latex/textcase\textcase.sty
Package: textcase 2019/09/14 v1.00 Text only upper/lower case changing (DPC)
) (C:\Users\ddeng\AppData\Local\Programs\MiKTeX00\tex/latex/natbib\natbib.sty
Package: natbib 2010/09/13 8.31b (PWD, AO)
\bibhang=\skip58
\bibsep=\skip59
LaTeX Info: Redefining \cite on input line 694.
\c@NAT@ctr=\count279
)
(C:\Users\ddeng\AppData\Local\Programs\MiKTeX00\tex/latex/hyperxmp\hyperxmp.sty
Package: hyperxmp 2020/11/22 v5.9 Store hyperref metadata in XMP format
\hyxmp@aep@toks=\toks30

(C:\Users\ddeng\AppData\Local\Programs\MiKTeX00\tex/latex/kvoptions\kvoptions.s
ty
Package: kvoptions 2020-10-07 v3.14 Key value format for package options (HO)

(C:\Users\ddeng\AppData\Local\Programs\MiKTeX00\tex/generic/kvsetkeys\kvsetkeys
.sty
Package: kvsetkeys 2019/12/15 v1.18 Key value parser (HO)
))
(C:\Users\ddeng\AppData\Local\Programs\MiKTeX00\tex/generic/pdfescape\pdfescape
.sty
Package: pdfescape 2019/12/09 v1.15 Implements pdfTeX's escape features (HO)

(C:\Users\ddeng\AppData\Local\Programs\MiKTeX00\tex/generic/pdftexcmds\pdftexcm
ds.sty
Package: pdftexcmds 2020-06-27 v0.33 Utility functions of pdfTeX for LuaTeX (HO
)
Package pdftexcmds Info: \pdf@primitive is available.
Package pdftexcmds Info: \pdf@ifprimitive is available.
Package pdftexcmds Info: \pdfdraftmode is ignored in DVI mode.
))
(C:\Users\ddeng\AppData\Local\Programs\MiKTeX00\tex/generic/stringenc\stringenc
.sty
Package: stringenc 2019/11/29 v1.12 Convert strings between diff. encodings (HO
)
)
(C:\Users\ddeng\AppData\Local\Programs\MiKTeX00\tex/generic/intcalc\intcalc.sty
Package: intcalc 2019/12/15 v1.3 Expandable calculations with integers (HO)
) (C:\Users\ddeng\AppData\Local\Programs\MiKTeX00\tex/latex/ifmtarg\ifmtarg.sty
Package: ifmtarg 2018/04/16 v1.2b check for an empty argument
) (C:\Users\ddeng\AppData\Local\Programs\MiKTeX00\tex/latex/base\ifthen.sty
Package: ifthen 2020/11/24 v1.1c Standard LaTeX ifthen package (DPC)
)
(C:\Users\ddeng\AppData\Local\Programs\MiKTeX00\tex/latex/oberdiek\ifdraft.sty
Package: ifdraft 2016/05/16 v1.4 Detect class options draft and final (HO)
) (C:\Users\ddeng\AppData\Local\Programs\MiKTeX00\tex/generic/iftex\ifluatex.st
y
Package: ifluatex 2019/10/25 v1.5 ifluatex legacy package. Use iftex instead.
))
(C:\Users\ddeng\AppData\Local\Programs\MiKTeX00\tex/latex/hyperref\hyperref.sty
Package: hyperref 2021-06-07 v7.00m Hypertext links for LaTeX

(C:\Users\ddeng\AppData\Local\Programs\MiKTeX00\tex/generic/kvdefinekeys\kvdefi
nekeys.sty
Package: kvdefinekeys 2019-12-19 v1.6 Define keys (HO)
)
(C:\Users\ddeng\AppData\Local\Programs\MiKTeX00\tex/latex/hycolor\hycolor.sty
Package: hycolor 2020-01-27 v1.10 Color options for hyperref/bookmark (HO)
)
(C:\Users\ddeng\AppData\Local\Programs\MiKTeX00\tex/latex/letltxmacro\letltxmac
ro.sty
Package: letltxmacro 2019/12/03 v1.6 Let assignment for LaTeX macros (HO)
)
(C:\Users\ddeng\AppData\Local\Programs\MiKTeX00\tex/latex/auxhook\auxhook.sty
Package: auxhook 2019-12-17 v1.6 Hooks for auxiliary files (HO)
)
\@linkdim=\dimen164
\Hy@linkcounter=\count280
\Hy@pagecounter=\count281

(C:\Users\ddeng\AppData\Local\Programs\MiKTeX00\tex/latex/hyperref\pd1enc.def
File: pd1enc.def 2021-06-07 v7.00m Hyperref: PDFDocEncoding definition (HO)
Now handling font encoding PD1 ...
... no UTF-8 mapping file for font encoding PD1
)
(C:\Users\ddeng\AppData\Local\Programs\MiKTeX00\tex/latex/hyperref\hyperref-lan
gpatches.def
File: hyperref-langpatches.def 2021-06-07 v7.00m Hyperref: patches for babel la
nguages
)
(C:\Users\ddeng\AppData\Local\Programs\MiKTeX00\tex/generic/etexcmds\etexcmds.s
ty
Package: etexcmds 2019/12/15 v1.7 Avoid name clashes with e-TeX commands (HO)
)
\Hy@SavedSpaceFactor=\count282

(C:\Users\ddeng\AppData\Local\Programs\MiKTeX00\tex/latex/hyperref\puenc.def
File: puenc.def 2021-06-07 v7.00m Hyperref: PDF Unicode definition (HO)
Now handling font encoding PU ...
... no UTF-8 mapping file for font encoding PU
)
Package hyperref Info: Option `bookmarksnumbered' set `true' on input line 4073
.
Package hyperref Info: Option `unicode' set `true' on input line 4073.
Package hyperref Info: Hyper figures OFF on input line 4192.
Package hyperref Info: Link nesting OFF on input line 4197.
Package hyperref Info: Hyper index ON on input line 4200.
Package hyperref Info: Plain pages OFF on input line 4207.
Package hyperref Info: Backreferencing OFF on input line 4212.
Package hyperref Info: Implicit mode ON; LaTeX internals redefined.
Package hyperref Info: Bookmarks ON on input line 4445.
\c@Hy@tempcnt=\count283

(C:\Users\ddeng\AppData\Local\Programs\MiKTeX00\tex/latex/url\url.sty
\Urlmuskip=\muskip17
Package: url 2013/09/16  ver 3.4  Verb mode for urls, etc.
)
LaTeX Info: Redefining \url on input line 4804.
\XeTeXLinkMargin=\dimen165

(C:\Users\ddeng\AppData\Local\Programs\MiKTeX00\tex/generic/bitset\bitset.sty
Package: bitset 2019/12/09 v1.3 Handle bit-vector datatype (HO)

(C:\Users\ddeng\AppData\Local\Programs\MiKTeX00\tex/generic/bigintcalc\bigintca
lc.sty
Package: bigintcalc 2019/12/15 v1.5 Expandable calculations on big integers (HO
)
))
\Fld@menulength=\count284
\Field@Width=\dimen166
\Fld@charsize=\dimen167
Package hyperref Info: Hyper figures OFF on input line 6076.
Package hyperref Info: Link nesting OFF on input line 6081.
Package hyperref Info: Hyper index ON on input line 6084.
Package hyperref Info: backreferencing OFF on input line 6091.
Package hyperref Info: Link coloring OFF on input line 6096.
Package hyperref Info: Link coloring with OCG OFF on input line 6101.
Package hyperref Info: PDF/A mode OFF on input line 6106.
LaTeX Info: Redefining \ref on input line 6146.
LaTeX Info: Redefining \pageref on input line 6150.

(C:\Users\ddeng\AppData\Local\Programs\MiKTeX00\tex/latex/base\atbegshi-ltx.sty
Package: atbegshi-ltx 2021/01/10 v1.0c Emulation of the original atbegshi
package with kernel methods
)
\Hy@abspage=\count285
\c@Item=\count286
\c@Hfootnote=\count287
)
Package hyperref Info: Driver (default): hdvips.

(C:\Users\ddeng\AppData\Local\Programs\MiKTeX00\tex/latex/hyperref\hdvips.def
File: hdvips.def 2021-06-07 v7.00m Hyperref driver for dvips

(C:\Users\ddeng\AppData\Local\Programs\MiKTeX00\tex/latex/hyperref\pdfmark.def
File: pdfmark.def 2021-06-07 v7.00m Hyperref definitions for pdfmark specials
\pdf@docset=\toks31
\pdf@box=\box53
\pdf@toks=\toks32
\pdf@defaulttoks=\toks33
\HyField@AnnotCount=\count288
\Fld@listcount=\count289
\c@bookmark@seq@number=\count290

(C:\Users\ddeng\AppData\Local\Programs\MiKTeX00\tex/latex/rerunfilecheck\rerunf
ilecheck.sty
Package: rerunfilecheck 2019/12/05 v1.9 Rerun checks for auxiliary files (HO)

(C:\Users\ddeng\AppData\Local\Programs\MiKTeX00\tex/latex/base\atveryend-ltx.st
y
Package: atveryend-ltx 2020/08/19 v1.0a Emulation of the original atvery packag
e
with kernel methods
)
(C:\Users\ddeng\AppData\Local\Programs\MiKTeX00\tex/generic/uniquecounter\uniqu
ecounter.sty
Package: uniquecounter 2019/12/15 v1.4 Provide unlimited unique counter (HO)
)
Package uniquecounter Info: New unique counter `rerunfilecheck' on input line 2
86.
)
\Hy@SectionHShift=\skip60
))
(C:\Users\ddeng\AppData\Local\Programs\MiKTeX00\tex/latex/graphics\graphicx.sty
Package: graphicx 2020/12/05 v1.2c Enhanced LaTeX Graphics (DPC,SPQR)

(C:\Users\ddeng\AppData\Local\Programs\MiKTeX00\tex/latex/graphics\graphics.sty
Package: graphics 2021/03/04 v1.4d Standard LaTeX Graphics (DPC,SPQR)
(C:\Users\ddeng\AppData\Local\Programs\MiKTeX00\tex/latex/graphics\trig.sty
Package: trig 2016/01/03 v1.10 sin cos tan (DPC)
)
(C:\Users\ddeng\AppData\Local\Programs\MiKTeX00\tex/latex/graphics-cfg\graphics
.cfg
File: graphics.cfg 2016/06/04 v1.11 sample graphics configuration
)
Package graphics Info: Driver file: dvips.def on input line 107.

(C:\Users\ddeng\AppData\Local\Programs\MiKTeX00\tex/latex/graphics-def\dvips.de
f
File: dvips.def 2017/06/20 v3.1d Graphics/color driver for dvips
))
\Gin@req@height=\dimen168
\Gin@req@width=\dimen169
)
(C:\Users\ddeng\AppData\Local\Programs\MiKTeX00\tex/latex/xcolor\xcolor.sty
Package: xcolor 2016/05/11 v2.12 LaTeX color extensions (UK)

(C:\Users\ddeng\AppData\Local\Programs\MiKTeX00\tex/latex/graphics-cfg\color.cf
g
File: color.cfg 2016/01/02 v1.6 sample color configuration
)
Package xcolor Info: Driver file: dvips.def on input line 225.
\XC@@xcp=\write3
\openout3 = `report-acm.xcp'.

Package xcolor Info: Model `cmy' substituted by `cmy0' on input line 1348.
Package xcolor Info: Model `RGB' extended on input line 1364.
Package xcolor Info: Model `HTML' substituted by `rgb' on input line 1366.
Package xcolor Info: Model `Hsb' substituted by `hsb' on input line 1367.
Package xcolor Info: Model `tHsb' substituted by `hsb' on input line 1368.
Package xcolor Info: Model `HSB' substituted by `hsb' on input line 1369.
Package xcolor Info: Model `Gray' substituted by `gray' on input line 1370.
Package xcolor Info: Model `wave' substituted by `hsb' on input line 1371.
)
(C:\Users\ddeng\AppData\Local\Programs\MiKTeX00\tex/latex/geometry\geometry.sty
Package: geometry 2020/01/02 v5.9 Page Geometry
(C:\Users\ddeng\AppData\Local\Programs\MiKTeX00\tex/generic/iftex\ifvtex.sty
Package: ifvtex 2019/10/25 v1.7 ifvtex legacy package. Use iftex instead.
)
\Gm@cnth=\count291
\Gm@cntv=\count292
\c@Gm@tempcnt=\count293
\Gm@bindingoffset=\dimen170
\Gm@wd@mp=\dimen171
\Gm@odd@mp=\dimen172
\Gm@even@mp=\dimen173
\Gm@layoutwidth=\dimen174
\Gm@layoutheight=\dimen175
\Gm@layouthoffset=\dimen176
\Gm@layoutvoffset=\dimen177
\Gm@dimlist=\toks34

(C:\Users\ddeng\AppData\Local\Programs\MiKTeX00\tex/latex/geometry\geometry.cfg
))
(C:\Users\ddeng\AppData\Local\Programs\MiKTeX00\tex/latex/ncctools\manyfoot.sty
Package: manyfoot 2019/08/03 v1.11 Many Footnote Levels Package (NCC)

(C:\Users\ddeng\AppData\Local\Programs\MiKTeX00\tex/latex/ncctools\nccfoots.sty
Package: nccfoots 2005/02/03 v1.2 NCC Footnotes Package (NCC)
)
\MFL@columnwidth=\dimen178
)
\footinsauthorsaddresses=\insert252
\c@footnoteauthorsaddresses=\count294
\footinscopyrightpermission=\insert251
\c@footnotecopyrightpermission=\count295

(C:\Users\ddeng\AppData\Local\Programs\MiKTeX00\tex/generic/pdftex\glyphtounico
de.tex) (C:\Users\ddeng\AppData\Local\Programs\MiKTeX00\tex/latex/cmap\cmap.sty
Package: cmap 2021/02/06 v1.0j CMap support: searchable PDF

Package cmap Warning: pdftex in DVI mode - exiting.

) (C:\Users\ddeng\AppData\Local\Programs\MiKTeX00\tex/latex/base\fontenc.sty
Package: fontenc 2021/04/29 v2.0v Standard LaTeX package
)
(C:\Users\ddeng\AppData\Local\Programs\MiKTeX00\tex/latex/libertine\libertine.s
ty
Package: libertine 2020/03/26 (Bob Tennent) Supports Libertine and Biolinum fon
ts for all LaTeX engines.

(C:\Users\ddeng\AppData\Local\Programs\MiKTeX00\tex/generic/iftex\ifxetex.sty
Package: ifxetex 2019/10/25 v0.7 ifxetex legacy package. Use iftex instead.
)
(C:\Users\ddeng\AppData\Local\Programs\MiKTeX00\tex/latex/base\textcomp.sty
Package: textcomp 2020/02/02 v2.0n Standard LaTeX package
)
(C:\Users\ddeng\AppData\Local\Programs\MiKTeX00\tex/latex/base\fontenc.sty
Package: fontenc 2021/04/29 v2.0v Standard LaTeX package
)
(C:\Users\ddeng\AppData\Local\Programs\MiKTeX00\tex/latex/fontaxes\fontaxes.sty
Package: fontaxes 2020/07/21 v1.0e Font selection axes
LaTeX Info: Redefining \upshape on input line 29.
LaTeX Info: Redefining \itshape on input line 31.
LaTeX Info: Redefining \slshape on input line 33.
LaTeX Info: Redefining \swshape on input line 35.
LaTeX Info: Redefining \scshape on input line 37.
LaTeX Info: Redefining \sscshape on input line 39.
LaTeX Info: Redefining \ulcshape on input line 41.
LaTeX Info: Redefining \textsw on input line 47.
LaTeX Info: Redefining \textssc on input line 48.
LaTeX Info: Redefining \textulc on input line 49.
)
LaTeX Info: Redefining \oldstylenums on input line 484.

(C:\Users\ddeng\AppData\Local\Programs\MiKTeX00\tex/latex/libertine\LinLibertin
e_I.tex))
(C:\Users\ddeng\AppData\Local\Programs\MiKTeX00\tex/latex/inconsolata\zi4.sty
Package: zi4 2019/05/17 v1.12

`inconsolata-zi4' v1.12, 2019/05/17 Text macros for Inconsolata (msharpe)
\zifour@ocount=\count296
)
(C:\Users\ddeng\AppData\Local\Programs\MiKTeX00\tex/latex/newtx\newtxmath.sty
Package: newtxmath 2021/06/01 v1.655

`newtxmath' v1.655, 2021/06/01 Math macros based originally on txfonts (msharpe
)
(C:\Users\ddeng\AppData\Local\Programs\MiKTeX00\tex/latex/oberdiek\centernot.st
y
Package: centernot 2016/05/16 v1.4 Centers the not symbol horizontally (HO)
)
\tx@cntz=\count297

(C:\Users\ddeng\AppData\Local\Programs\MiKTeX00\tex/generic/binhex\binhex.tex)
\tx@Isdigit=\count298
\tx@IsAlNum=\count299
\tx@tA=\toks35
\tx@tB=\toks36
\tx@su=\read2
LaTeX Font Info:    Redeclaring symbol font `operators' on input line 360.
LaTeX Font Info:    Overwriting symbol font `operators' in version `normal'
(Font)                  OT1/cmr/m/n --> OT1/LinuxLibertineT-TLF/m/n on input li
ne 360.
LaTeX Font Info:    Overwriting symbol font `operators' in version `bold'
(Font)                  OT1/cmr/bx/n --> OT1/LinuxLibertineT-TLF/m/n on input l
ine 360.
LaTeX Font Info:    Overwriting symbol font `operators' in version `bold'
(Font)                  OT1/LinuxLibertineT-TLF/m/n --> OT1/LinuxLibertineT-TLF
/sb/n on input line 361.
LaTeX Font Info:    Redeclaring math alphabet \mathsf on input line 369.
LaTeX Font Info:    Overwriting math alphabet `\mathsf' in version `normal'
(Font)                  OT1/cmss/m/n --> T1/LinuxBiolinumT-TLF/m/n on input lin
e 369.
LaTeX Font Info:    Overwriting math alphabet `\mathsf' in version `bold'
(Font)                  OT1/cmss/bx/n --> T1/LinuxBiolinumT-TLF/m/n on input li
ne 369.
LaTeX Font Info:    Redeclaring math alphabet \mathit on input line 370.
LaTeX Font Info:    Overwriting math alphabet `\mathit' in version `normal'
(Font)                  OT1/cmr/m/it --> OT1/LinuxLibertineT-TLF/m/it on input 
line 370.
LaTeX Font Info:    Overwriting math alphabet `\mathit' in version `bold'
(Font)                  OT1/cmr/bx/it --> OT1/LinuxLibertineT-TLF/m/it on input
 line 370.
LaTeX Font Info:    Redeclaring math alphabet \mathtt on input line 371.
LaTeX Font Info:    Overwriting math alphabet `\mathtt' in version `normal'
(Font)                  OT1/cmtt/m/n --> T1/zi4/m/n on input line 371.
LaTeX Font Info:    Overwriting math alphabet `\mathtt' in version `bold'
(Font)                  OT1/cmtt/m/n --> T1/zi4/m/n on input line 371.
LaTeX Font Info:    Redeclaring math alphabet \mathbf on input line 373.
LaTeX Font Info:    Overwriting math alphabet `\mathbf' in version `normal'
(Font)                  OT1/cmr/bx/n --> OT1/LinuxLibertineT-TLF/sb/n on input 
line 373.
LaTeX Font Info:    Overwriting math alphabet `\mathbf' in version `bold'
(Font)                  OT1/cmr/bx/n --> OT1/LinuxLibertineT-TLF/sb/n on input 
line 373.
LaTeX Font Info:    Overwriting math alphabet `\mathit' in version `bold'
(Font)                  OT1/LinuxLibertineT-TLF/m/it --> OT1/LinuxLibertineT-TL
F/sb/it on input line 374.
LaTeX Font Info:    Overwriting math alphabet `\mathsf' in version `bold'
(Font)                  T1/LinuxBiolinumT-TLF/m/n --> T1/LinuxBiolinumT-TLF/b/n
 on input line 375.
LaTeX Font Info:    Overwriting math alphabet `\mathtt' in version `bold'
(Font)                  T1/zi4/m/n --> T1/zi4/b/n on input line 376.
LaTeX Font Info:    Redeclaring symbol font `letters' on input line 393.
LaTeX Font Info:    Overwriting symbol font `letters' in version `normal'
(Font)                  OML/cmm/m/it --> OML/nxlmi/m/it on input line 393.
LaTeX Font Info:    Overwriting symbol font `letters' in version `bold'
(Font)                  OML/cmm/b/it --> OML/nxlmi/m/it on input line 393.
LaTeX Font Info:    Overwriting symbol font `letters' in version `bold'
(Font)                  OML/nxlmi/m/it --> OML/nxlmi/b/it on input line 394.
\symlettersA=\mathgroup6
LaTeX Font Info:    Overwriting symbol font `lettersA' in version `bold'
(Font)                  U/ntxmia/m/it --> U/ntxmia/b/it on input line 533.
LaTeX Font Info:    Redeclaring math alphabet \mathfrak on input line 535.
Now handling font encoding LMS ...
... no UTF-8 mapping file for font encoding LMS
LaTeX Font Info:    Redeclaring symbol font `symbols' on input line 554.
LaTeX Font Info:    Encoding `OMS' has changed to `LMS' for symbol font
(Font)              `symbols' in the math version `normal' on input line 554.
LaTeX Font Info:    Overwriting symbol font `symbols' in version `normal'
(Font)                  OMS/cmsy/m/n --> LMS/ntxsy/m/n on input line 554.
LaTeX Font Info:    Encoding `OMS' has changed to `LMS' for symbol font
(Font)              `symbols' in the math version `bold' on input line 554.
LaTeX Font Info:    Overwriting symbol font `symbols' in version `bold'
(Font)                  OMS/cmsy/b/n --> LMS/ntxsy/m/n on input line 554.
LaTeX Font Info:    Overwriting symbol font `symbols' in version `bold'
(Font)                  LMS/ntxsy/m/n --> LMS/ntxsy/b/n on input line 555.
\symAMSm=\mathgroup7
LaTeX Font Info:    Overwriting symbol font `AMSm' in version `bold'
(Font)                  U/ntxsym/m/n --> U/ntxsym/b/n on input line 580.
\symsymbolsC=\mathgroup8
LaTeX Font Info:    Overwriting symbol font `symbolsC' in version `bold'
(Font)                  U/ntxsyc/m/n --> U/ntxsyc/b/n on input line 601.
Now handling font encoding LMX ...
... no UTF-8 mapping file for font encoding LMX
LaTeX Font Info:    Redeclaring symbol font `largesymbols' on input line 614.
LaTeX Font Info:    Encoding `OMX' has changed to `LMX' for symbol font
(Font)              `largesymbols' in the math version `normal' on input line 6
14.
LaTeX Font Info:    Overwriting symbol font `largesymbols' in version `normal'
(Font)                  OMX/cmex/m/n --> LMX/ntxexx/m/n on input line 614.
LaTeX Font Info:    Encoding `OMX' has changed to `LMX' for symbol font
(Font)              `largesymbols' in the math version `bold' on input line 614
.
LaTeX Font Info:    Overwriting symbol font `largesymbols' in version `bold'
(Font)                  OMX/cmex/m/n --> LMX/ntxexx/m/n on input line 614.
LaTeX Font Info:    Overwriting symbol font `largesymbols' in version `bold'
(Font)                  LMX/ntxexx/m/n --> LMX/ntxexx/b/n on input line 615.
\symlargesymbolsTXA=\mathgroup9
LaTeX Font Info:    Overwriting symbol font `largesymbolsTXA' in version `bold'

(Font)                  U/ntxexa/m/n --> U/ntxexa/b/n on input line 629.
\tx@sbptoks=\toks37
LaTeX Font Info:    Redeclaring math delimiter \lfloor on input line 852.
LaTeX Font Info:    Redeclaring math delimiter \rfloor on input line 853.
LaTeX Font Info:    Redeclaring math delimiter \lceil on input line 854.
LaTeX Font Info:    Redeclaring math delimiter \rceil on input line 855.
LaTeX Font Info:    Redeclaring math delimiter \lbrace on input line 856.
LaTeX Font Info:    Redeclaring math delimiter \rbrace on input line 857.
LaTeX Font Info:    Redeclaring math delimiter \langle on input line 858.
LaTeX Font Info:    Redeclaring math delimiter \rangle on input line 860.
LaTeX Font Info:    Redeclaring math delimiter \arrowvert on input line 864.
LaTeX Font Info:    Redeclaring math delimiter \vert on input line 865.
LaTeX Font Info:    Redeclaring math accent \dot on input line 936.
LaTeX Font Info:    Redeclaring math accent \ddot on input line 937.
LaTeX Font Info:    Redeclaring math accent \vec on input line 2000.
LaTeX Info: Redefining \Bbbk on input line 2788.
LaTeX Info: Redefining \not on input line 2937.
LaTeX Info: Redefining \textsquare on input line 2967.
LaTeX Info: Redefining \openbox on input line 2969.
) (C:\Users\ddeng\AppData\Local\Programs\MiKTeX00\tex/latex/caption\caption.sty
Package: caption 2020/10/26 v3.5g Customizing captions (AR)

(C:\Users\ddeng\AppData\Local\Programs\MiKTeX00\tex/latex/caption\caption3.sty
Package: caption3 2020/10/21 v2.2e caption3 kernel (AR)
\captionmargin=\dimen179
\captionmargin@=\dimen180
\captionwidth=\dimen181
\caption@tempdima=\dimen182
\caption@indent=\dimen183
\caption@parindent=\dimen184
\caption@hangindent=\dimen185
Package caption Info: AMS or SMF document class detected.

(C:\Users\ddeng\AppData\Local\Programs\MiKTeX00\tex/latex/caption\caption-ams-s
mf.sto
File: caption-ams-smf.sto 2020/08/22 v2.0 Adaption of the caption package to th
e AMS and SMF document classes (AR)
))
\c@caption@flags=\count300
\c@continuedfloat=\count301
Package caption Info: hyperref package is loaded.
)
(C:\Users\ddeng\AppData\Local\Programs\MiKTeX00\tex/latex/float\float.sty
Package: float 2001/11/08 v1.3d Float enhancements (AL)
\c@float@type=\count302
\float@exts=\toks38
\float@box=\box54
\@float@everytoks=\toks39
\@floatcapt=\box55
)
\@float@every@sidebar=\toks40
\c@sidebar=\count303
\fulltextwidth=\dimen186
\@ACM@labelwidth=\dimen187
\listisep=\skip61
\num@authorgroups=\count304
\num@authors=\count305
\@ACM@badge@width=\skip62
\@ACM@title@width=\skip63
\@ACM@badge@skip=\skip64
Class acmart Info: Printing CCS on input line 1504.
Class acmart Info: Printing bibformat on input line 1504.
Class acmart Info: Suppressing folios on input line 1511.
Class acmart Info: Setting authorsperrow to 0 on input line 1514.

(C:\Users\ddeng\AppData\Local\Programs\MiKTeX00\tex/latex/comment\comment.sty
\CommentStream=\write4

Excluding comment 'comment') Excluding comment 'CCSXML'
\c@@concepts=\count306
\mktitle@bx=\box56
\@ACM@commabox=\box57
\author@bx=\box58
\author@bx@wd=\dimen188
\author@bx@sep=\skip65

(C:\Users\ddeng\AppData\Local\Programs\MiKTeX00\tex/latex/fancyhdr\fancyhdr.sty
Package: fancyhdr 2021/01/28 v4.0.1 Extensive control of page headers and foote
rs
\f@nch@headwidth=\skip66
\f@nch@O@elh=\skip67
\f@nch@O@erh=\skip68
\f@nch@O@olh=\skip69
\f@nch@O@orh=\skip70
\f@nch@O@elf=\skip71
\f@nch@O@erf=\skip72
\f@nch@O@olf=\skip73
\f@nch@O@orf=\skip74
)
\@folio@wd=\dimen189
\@folio@ht=\dimen190
\@folio@voffset=\dimen191
 Special comment 'acks'
LaTeX Font Info:    Trying to load font information for T1+LinuxLibertineT-TLF 
on input line 3079.

(C:\Users\ddeng\AppData\Local\Programs\MiKTeX00\tex/latex/libertine\t1linuxlibe
rtinet-tlf.fd
File: T1LinuxLibertineT-TLF.fd 2017/03/20 (autoinst) Font definitions for T1/Li
nuxLibertineT-TLF.
)
LaTeX Font Info:    Font shape `T1/LinuxLibertineT-TLF/m/n' will be
(Font)              scaled to size 9.0pt on input line 3079.
)
\DraftStatus=\count307
 Include comment 'JournalOnly' Include comment 'ConferenceOnly'
Excluding comment 'TulipStyle' (preamble.tex
(C:\Users\ddeng\AppData\Local\Programs\MiKTeX00\tex/latex/todonotes\todonotes.s
ty
Package: todonotes 2021/06/04 v1.1.5 Todonotes source and documentation.
Package: todonotes 2021/06/04

(C:\Users\ddeng\AppData\Local\Programs\MiKTeX00\tex/latex/pgf/frontendlayer\tik
z.sty
(C:\Users\ddeng\AppData\Local\Programs\MiKTeX00\tex/latex/pgf/basiclayer\pgf.st
y
(C:\Users\ddeng\AppData\Local\Programs\MiKTeX00\tex/latex/pgf/utilities\pgfrcs.
sty
(C:\Users\ddeng\AppData\Local\Programs\MiKTeX00\tex/generic/pgf/utilities\pgfut
il-common.tex
\pgfutil@everybye=\toks41
\pgfutil@tempdima=\dimen192
\pgfutil@tempdimb=\dimen193

(C:\Users\ddeng\AppData\Local\Programs\MiKTeX00\tex/generic/pgf/utilities\pgfut
il-common-lists.tex))
(C:\Users\ddeng\AppData\Local\Programs\MiKTeX00\tex/generic/pgf/utilities\pgfut
il-latex.def
\pgfutil@abb=\box59
)
(C:\Users\ddeng\AppData\Local\Programs\MiKTeX00\tex/generic/pgf/utilities\pgfrc
s.code.tex
(C:\Users\ddeng\AppData\Local\Programs\MiKTeX00\tex/generic/pgf\pgf.revision.te
x)
Package: pgfrcs 2021/05/15 v3.1.9a (3.1.9a)
))
Package: pgf 2021/05/15 v3.1.9a (3.1.9a)

(C:\Users\ddeng\AppData\Local\Programs\MiKTeX00\tex/latex/pgf/basiclayer\pgfcor
e.sty
(C:\Users\ddeng\AppData\Local\Programs\MiKTeX00\tex/latex/pgf/systemlayer\pgfsy
s.sty
(C:\Users\ddeng\AppData\Local\Programs\MiKTeX00\tex/generic/pgf/systemlayer\pgf
sys.code.tex
Package: pgfsys 2021/05/15 v3.1.9a (3.1.9a)

(C:\Users\ddeng\AppData\Local\Programs\MiKTeX00\tex/generic/pgf/utilities\pgfke
ys.code.tex
\pgfkeys@pathtoks=\toks42
\pgfkeys@temptoks=\toks43

(C:\Users\ddeng\AppData\Local\Programs\MiKTeX00\tex/generic/pgf/utilities\pgfke
ysfiltered.code.tex
\pgfkeys@tmptoks=\toks44
))
\pgf@x=\dimen194
\pgf@y=\dimen195
\pgf@xa=\dimen196
\pgf@ya=\dimen197
\pgf@xb=\dimen198
\pgf@yb=\dimen256
\pgf@xc=\dimen257
\pgf@yc=\dimen258
\pgf@xd=\dimen259
\pgf@yd=\dimen260
\w@pgf@writea=\write5
\r@pgf@reada=\read3
\c@pgf@counta=\count308
\c@pgf@countb=\count309
\c@pgf@countc=\count310
\c@pgf@countd=\count311
\t@pgf@toka=\toks45
\t@pgf@tokb=\toks46
\t@pgf@tokc=\toks47
\pgf@sys@id@count=\count312

(C:\Users\ddeng\AppData\Local\Programs\MiKTeX00\tex/generic/pgf/systemlayer\pgf
.cfg
File: pgf.cfg 2021/05/15 v3.1.9a (3.1.9a)
)
Driver file for pgf: pgfsys-dvips.def

(C:\Users\ddeng\AppData\Local\Programs\MiKTeX00\tex/generic/pgf/systemlayer\pgf
sys-dvips.def
File: pgfsys-dvips.def 2021/05/15 v3.1.9a (3.1.9a)

(C:\Users\ddeng\AppData\Local\Programs\MiKTeX00\tex/generic/pgf/systemlayer\pgf
sys-common-postscript.def
File: pgfsys-common-postscript.def 2021/05/15 v3.1.9a (3.1.9a)
\pgf@objectcount=\count313
)))
(C:\Users\ddeng\AppData\Local\Programs\MiKTeX00\tex/generic/pgf/systemlayer\pgf
syssoftpath.code.tex
File: pgfsyssoftpath.code.tex 2021/05/15 v3.1.9a (3.1.9a)
\pgfsyssoftpath@smallbuffer@items=\count314
\pgfsyssoftpath@bigbuffer@items=\count315
)
(C:\Users\ddeng\AppData\Local\Programs\MiKTeX00\tex/generic/pgf/systemlayer\pgf
sysprotocol.code.tex
File: pgfsysprotocol.code.tex 2021/05/15 v3.1.9a (3.1.9a)
))
(C:\Users\ddeng\AppData\Local\Programs\MiKTeX00\tex/generic/pgf/basiclayer\pgfc
ore.code.tex
Package: pgfcore 2021/05/15 v3.1.9a (3.1.9a)

(C:\Users\ddeng\AppData\Local\Programs\MiKTeX00\tex/generic/pgf/math\pgfmath.co
de.tex
(C:\Users\ddeng\AppData\Local\Programs\MiKTeX00\tex/generic/pgf/math\pgfmathcal
c.code.tex
(C:\Users\ddeng\AppData\Local\Programs\MiKTeX00\tex/generic/pgf/math\pgfmathuti
l.code.tex)
(C:\Users\ddeng\AppData\Local\Programs\MiKTeX00\tex/generic/pgf/math\pgfmathpar
ser.code.tex
\pgfmath@dimen=\dimen261
\pgfmath@count=\count316
\pgfmath@box=\box60
\pgfmath@toks=\toks48
\pgfmath@stack@operand=\toks49
\pgfmath@stack@operation=\toks50
)
(C:\Users\ddeng\AppData\Local\Programs\MiKTeX00\tex/generic/pgf/math\pgfmathfun
ctions.code.tex
(C:\Users\ddeng\AppData\Local\Programs\MiKTeX00\tex/generic/pgf/math\pgfmathfun
ctions.basic.code.tex)
(C:\Users\ddeng\AppData\Local\Programs\MiKTeX00\tex/generic/pgf/math\pgfmathfun
ctions.trigonometric.code.tex)
(C:\Users\ddeng\AppData\Local\Programs\MiKTeX00\tex/generic/pgf/math\pgfmathfun
ctions.random.code.tex)
(C:\Users\ddeng\AppData\Local\Programs\MiKTeX00\tex/generic/pgf/math\pgfmathfun
ctions.comparison.code.tex)
(C:\Users\ddeng\AppData\Local\Programs\MiKTeX00\tex/generic/pgf/math\pgfmathfun
ctions.base.code.tex)
(C:\Users\ddeng\AppData\Local\Programs\MiKTeX00\tex/generic/pgf/math\pgfmathfun
ctions.round.code.tex)
(C:\Users\ddeng\AppData\Local\Programs\MiKTeX00\tex/generic/pgf/math\pgfmathfun
ctions.misc.code.tex)
(C:\Users\ddeng\AppData\Local\Programs\MiKTeX00\tex/generic/pgf/math\pgfmathfun
ctions.integerarithmetics.code.tex)))
(C:\Users\ddeng\AppData\Local\Programs\MiKTeX00\tex/generic/pgf/math\pgfmathflo
at.code.tex
\c@pgfmathroundto@lastzeros=\count317
))
(C:\Users\ddeng\AppData\Local\Programs\MiKTeX00\tex/generic/pgf/math\pgfint.cod
e.tex)
(C:\Users\ddeng\AppData\Local\Programs\MiKTeX00\tex/generic/pgf/basiclayer\pgfc
orepoints.code.tex
File: pgfcorepoints.code.tex 2021/05/15 v3.1.9a (3.1.9a)
\pgf@picminx=\dimen262
\pgf@picmaxx=\dimen263
\pgf@picminy=\dimen264
\pgf@picmaxy=\dimen265
\pgf@pathminx=\dimen266
\pgf@pathmaxx=\dimen267
\pgf@pathminy=\dimen268
\pgf@pathmaxy=\dimen269
\pgf@xx=\dimen270
\pgf@xy=\dimen271
\pgf@yx=\dimen272
\pgf@yy=\dimen273
\pgf@zx=\dimen274
\pgf@zy=\dimen275
)
(C:\Users\ddeng\AppData\Local\Programs\MiKTeX00\tex/generic/pgf/basiclayer\pgfc
orepathconstruct.code.tex
File: pgfcorepathconstruct.code.tex 2021/05/15 v3.1.9a (3.1.9a)
\pgf@path@lastx=\dimen276
\pgf@path@lasty=\dimen277
)
(C:\Users\ddeng\AppData\Local\Programs\MiKTeX00\tex/generic/pgf/basiclayer\pgfc
orepathusage.code.tex
File: pgfcorepathusage.code.tex 2021/05/15 v3.1.9a (3.1.9a)
\pgf@shorten@end@additional=\dimen278
\pgf@shorten@start@additional=\dimen279
)
(C:\Users\ddeng\AppData\Local\Programs\MiKTeX00\tex/generic/pgf/basiclayer\pgfc
orescopes.code.tex
File: pgfcorescopes.code.tex 2021/05/15 v3.1.9a (3.1.9a)
\pgfpic=\box61
\pgf@hbox=\box62
\pgf@layerbox@main=\box63
\pgf@picture@serial@count=\count318
)
(C:\Users\ddeng\AppData\Local\Programs\MiKTeX00\tex/generic/pgf/basiclayer\pgfc
oregraphicstate.code.tex
File: pgfcoregraphicstate.code.tex 2021/05/15 v3.1.9a (3.1.9a)
\pgflinewidth=\dimen280
)
(C:\Users\ddeng\AppData\Local\Programs\MiKTeX00\tex/generic/pgf/basiclayer\pgfc
oretransformations.code.tex
File: pgfcoretransformations.code.tex 2021/05/15 v3.1.9a (3.1.9a)
\pgf@pt@x=\dimen281
\pgf@pt@y=\dimen282
\pgf@pt@temp=\dimen283
)
(C:\Users\ddeng\AppData\Local\Programs\MiKTeX00\tex/generic/pgf/basiclayer\pgfc
orequick.code.tex
File: pgfcorequick.code.tex 2021/05/15 v3.1.9a (3.1.9a)
)
(C:\Users\ddeng\AppData\Local\Programs\MiKTeX00\tex/generic/pgf/basiclayer\pgfc
oreobjects.code.tex
File: pgfcoreobjects.code.tex 2021/05/15 v3.1.9a (3.1.9a)
)
(C:\Users\ddeng\AppData\Local\Programs\MiKTeX00\tex/generic/pgf/basiclayer\pgfc
orepathprocessing.code.tex
File: pgfcorepathprocessing.code.tex 2021/05/15 v3.1.9a (3.1.9a)
)
(C:\Users\ddeng\AppData\Local\Programs\MiKTeX00\tex/generic/pgf/basiclayer\pgfc
orearrows.code.tex
File: pgfcorearrows.code.tex 2021/05/15 v3.1.9a (3.1.9a)
\pgfarrowsep=\dimen284
)
(C:\Users\ddeng\AppData\Local\Programs\MiKTeX00\tex/generic/pgf/basiclayer\pgfc
oreshade.code.tex
File: pgfcoreshade.code.tex 2021/05/15 v3.1.9a (3.1.9a)
\pgf@max=\dimen285
\pgf@sys@shading@range@num=\count319
\pgf@shadingcount=\count320
)
(C:\Users\ddeng\AppData\Local\Programs\MiKTeX00\tex/generic/pgf/basiclayer\pgfc
oreimage.code.tex
File: pgfcoreimage.code.tex 2021/05/15 v3.1.9a (3.1.9a)

(C:\Users\ddeng\AppData\Local\Programs\MiKTeX00\tex/generic/pgf/basiclayer\pgfc
oreexternal.code.tex
File: pgfcoreexternal.code.tex 2021/05/15 v3.1.9a (3.1.9a)
\pgfexternal@startupbox=\box64
))
(C:\Users\ddeng\AppData\Local\Programs\MiKTeX00\tex/generic/pgf/basiclayer\pgfc
orelayers.code.tex
File: pgfcorelayers.code.tex 2021/05/15 v3.1.9a (3.1.9a)
)
(C:\Users\ddeng\AppData\Local\Programs\MiKTeX00\tex/generic/pgf/basiclayer\pgfc
oretransparency.code.tex
File: pgfcoretransparency.code.tex 2021/05/15 v3.1.9a (3.1.9a)
)
(C:\Users\ddeng\AppData\Local\Programs\MiKTeX00\tex/generic/pgf/basiclayer\pgfc
orepatterns.code.tex
File: pgfcorepatterns.code.tex 2021/05/15 v3.1.9a (3.1.9a)
)
(C:\Users\ddeng\AppData\Local\Programs\MiKTeX00\tex/generic/pgf/basiclayer\pgfc
orerdf.code.tex
File: pgfcorerdf.code.tex 2021/05/15 v3.1.9a (3.1.9a)
)))
(C:\Users\ddeng\AppData\Local\Programs\MiKTeX00\tex/generic/pgf/modules\pgfmodu
leshapes.code.tex
File: pgfmoduleshapes.code.tex 2021/05/15 v3.1.9a (3.1.9a)
\pgfnodeparttextbox=\box65
)
(C:\Users\ddeng\AppData\Local\Programs\MiKTeX00\tex/generic/pgf/modules\pgfmodu
leplot.code.tex
File: pgfmoduleplot.code.tex 2021/05/15 v3.1.9a (3.1.9a)
)
(C:\Users\ddeng\AppData\Local\Programs\MiKTeX00\tex/latex/pgf/compatibility\pgf
comp-version-0-65.sty
Package: pgfcomp-version-0-65 2021/05/15 v3.1.9a (3.1.9a)
\pgf@nodesepstart=\dimen286
\pgf@nodesepend=\dimen287
)
(C:\Users\ddeng\AppData\Local\Programs\MiKTeX00\tex/latex/pgf/compatibility\pgf
comp-version-1-18.sty
Package: pgfcomp-version-1-18 2021/05/15 v3.1.9a (3.1.9a)
))
(C:\Users\ddeng\AppData\Local\Programs\MiKTeX00\tex/latex/pgf/utilities\pgffor.
sty
(C:\Users\ddeng\AppData\Local\Programs\MiKTeX00\tex/latex/pgf/utilities\pgfkeys
.sty
(C:\Users\ddeng\AppData\Local\Programs\MiKTeX00\tex/generic/pgf/utilities\pgfke
ys.code.tex))
(C:\Users\ddeng\AppData\Local\Programs\MiKTeX00\tex/latex/pgf/math\pgfmath.sty
(C:\Users\ddeng\AppData\Local\Programs\MiKTeX00\tex/generic/pgf/math\pgfmath.co
de.tex))
(C:\Users\ddeng\AppData\Local\Programs\MiKTeX00\tex/generic/pgf/utilities\pgffo
r.code.tex
Package: pgffor 2021/05/15 v3.1.9a (3.1.9a)

(C:\Users\ddeng\AppData\Local\Programs\MiKTeX00\tex/generic/pgf/math\pgfmath.co
de.tex)
\pgffor@iter=\dimen288
\pgffor@skip=\dimen289
\pgffor@stack=\toks51
\pgffor@toks=\toks52
))
(C:\Users\ddeng\AppData\Local\Programs\MiKTeX00\tex/generic/pgf/frontendlayer/t
ikz\tikz.code.tex
Package: tikz 2021/05/15 v3.1.9a (3.1.9a)

(C:\Users\ddeng\AppData\Local\Programs\MiKTeX00\tex/generic/pgf/libraries\pgfli
braryplothandlers.code.tex
File: pgflibraryplothandlers.code.tex 2021/05/15 v3.1.9a (3.1.9a)
\pgf@plot@mark@count=\count321
\pgfplotmarksize=\dimen290
)
\tikz@lastx=\dimen291
\tikz@lasty=\dimen292
\tikz@lastxsaved=\dimen293
\tikz@lastysaved=\dimen294
\tikz@lastmovetox=\dimen295
\tikz@lastmovetoy=\dimen296
\tikzleveldistance=\dimen297
\tikzsiblingdistance=\dimen298
\tikz@figbox=\box66
\tikz@figbox@bg=\box67
\tikz@tempbox=\box68
\tikz@tempbox@bg=\box69
\tikztreelevel=\count322
\tikznumberofchildren=\count323
\tikznumberofcurrentchild=\count324
\tikz@fig@count=\count325

(C:\Users\ddeng\AppData\Local\Programs\MiKTeX00\tex/generic/pgf/modules\pgfmodu
lematrix.code.tex
File: pgfmodulematrix.code.tex 2021/05/15 v3.1.9a (3.1.9a)
\pgfmatrixcurrentrow=\count326
\pgfmatrixcurrentcolumn=\count327
\pgf@matrix@numberofcolumns=\count328
)
\tikz@expandcount=\count329

(C:\Users\ddeng\AppData\Local\Programs\MiKTeX00\tex/generic/pgf/frontendlayer/t
ikz/libraries\tikzlibrarytopaths.code.tex
File: tikzlibrarytopaths.code.tex 2021/05/15 v3.1.9a (3.1.9a)
)))
(C:\Users\ddeng\AppData\Local\Programs\MiKTeX00\tex/generic/pgf/frontendlayer/t
ikz/libraries\tikzlibrarypositioning.code.tex
File: tikzlibrarypositioning.code.tex 2021/05/15 v3.1.9a (3.1.9a)
)
(C:\Users\ddeng\AppData\Local\Programs\MiKTeX00\tex/latex/tools\calc.sty
Package: calc 2017/05/25 v4.3 Infix arithmetic (KKT,FJ)
\calc@Acount=\count330
\calc@Bcount=\count331
\calc@Adimen=\dimen299
\calc@Bdimen=\dimen300
\calc@Askip=\skip75
\calc@Bskip=\skip76
LaTeX Info: Redefining \setlength on input line 80.
LaTeX Info: Redefining \addtolength on input line 81.
\calc@Ccount=\count332
\calc@Cskip=\skip77
)
\c@@todonotes@numberoftodonotes=\count333
)
(C:\Users\ddeng\AppData\Local\Programs\MiKTeX00\tex/latex/algorithms\algorithm.
sty
Package: algorithm 2009/08/24 v0.1 Document Style `algorithm' - floating enviro
nment
\@float@every@algorithm=\toks53
\c@algorithm=\count334
)
(C:\Users\ddeng\AppData\Local\Programs\MiKTeX00\tex/latex/algorithms\algorithmi
c.sty
Package: algorithmic 2009/08/24 v0.1 Document Style `algorithmic'
\c@ALC@unique=\count335
\c@ALC@line=\count336
\c@ALC@rem=\count337
\c@ALC@depth=\count338
\ALC@tlm=\skip78
\algorithmicindent=\skip79
)
(C:\Users\ddeng\AppData\Local\Programs\MiKTeX00\tex/latex/breqn\breqn.sty
(C:\Users\ddeng\AppData\Local\Programs\MiKTeX00\tex/latex/l3kernel\expl3.sty
Package: expl3 2021-06-18 L3 programming layer (loader) 

(C:\Users\ddeng\AppData\Local\Programs\MiKTeX00\tex/latex/l3backend\l3backend-d
vips.def
File: l3backend-dvips.def 2021-05-07 L3 backend support: dvips
\l__pdf_internal_box=\box70
\g__pdf_backend_object_int=\count339
\l__pdf_backend_content_box=\box71
\l__pdf_backend_model_box=\box72
\g__pdf_backend_annotation_int=\count340
\g__pdf_backend_link_int=\count341
\g__pdf_backend_link_sf_int=\count342
))
Package: breqn 2020/09/24 v0.98k Breaking equations

(C:\Users\ddeng\AppData\Local\Programs\MiKTeX00\tex/latex/breqn\flexisym.sty
Package: flexisym 2020/09/24 v0.98k Make math characters macros
LaTeX Info: Redefining \textprime on input line 299.
LaTeX Info: Redefining \not on input line 357.

(C:\Users\ddeng\AppData\Local\Programs\MiKTeX00\tex/latex/breqn\cmbase.sym
File: cmbase.sym 2007/12/19 v0.92
LaTeX Info: Redefining \hbar on input line 324.
LaTeX Info: Redefining \surd on input line 326.
LaTeX Info: Redefining \angle on input line 334.
LaTeX Info: Redefining \neq on input line 335.
LaTeX Info: Redefining \mapsto on input line 336.
LaTeX Info: Redefining \cong on input line 337.
LaTeX Info: Redefining \notin on input line 340.
LaTeX Info: Redefining \rightleftharpoons on input line 341.
LaTeX Info: Redefining \doteq on input line 342.
LaTeX Info: Redefining \hookrightarrow on input line 343.
LaTeX Info: Redefining \hookleftarrow on input line 344.
LaTeX Info: Redefining \bowtie on input line 345.
LaTeX Info: Redefining \models on input line 346.
LaTeX Info: Redefining \Longrightarrow on input line 347.
LaTeX Info: Redefining \longrightarrow on input line 348.
LaTeX Info: Redefining \Longleftarrow on input line 349.
LaTeX Info: Redefining \longleftarrow on input line 350.
LaTeX Info: Redefining \longmapsto on input line 351.
LaTeX Info: Redefining \longleftrightarrow on input line 352.
LaTeX Info: Redefining \Longleftrightarrow on input line 353.
LaTeX Info: Redefining \cdots on input line 357.
LaTeX Info: Redefining \vdots on input line 360.
LaTeX Info: Redefining \ddots on input line 365.
)
(C:\Users\ddeng\AppData\Local\Programs\MiKTeX00\tex/latex/breqn\mathstyle.sty
Package: mathstyle 2020/09/24 v0.98k Tracking mathstyle implicitly
LaTeX Info: Redefining \displaystyle on input line 95.
LaTeX Info: Redefining \textstyle on input line 97.
LaTeX Info: Redefining \scriptstyle on input line 99.
LaTeX Info: Redefining \scriptscriptstyle on input line 101.
LaTeX Info: Redefining \genfrac on input line 149.
))
\inf@bad=\count343
\maxint=\count344
\listwidth=\dimen301
\eqnumsep=\dimen302
\eqmargin=\dimen303
\eqlinespacing=\skip80
\eqlineskip=\skip81
\eqlineskiplimit=\dimen304
\eqbinoffset=\muskip18
\eqdelimoffset=\muskip19
\eqindentstep=\dimen305
\eqstyle=\toks54
\eqbreakdepth=\count345
\eqinterlinepenalty=\count346
\intereqpenalty=\count347
\intereqskip=\skip82
\prerelpenalty=\count348
\prebinoppenalty=\count349
\Dmedmuskip=\muskip20
\Dthickmuskip=\muskip21
\eqleftskip=\skip83
\eqrightskip=\skip84
\eq@vspan=\skip85
\eq@binoffset=\muskip22
\EQ@box=\box73
\EQ@copy=\box74
\EQ@numbox=\box75
\eq@wdNum=\dimen306
\GRP@numbox=\box76
\grp@wdNum=\dimen307
\eq@lines=\count350
\eq@curline=\count351
\eq@badness=\count352
\EQ@vims=\count353
\eq@dp=\dimen308
\eq@wdL=\dimen309
\eq@wdT=\dimen310
\eq@wdMin=\dimen311
\grp@wdL=\dimen312
\grp@wdR=\dimen313
\grp@wdT=\dimen314
\eq@wdRmax=\dimen315
\eq@firstht=\dimen316
\eq@wdCond=\dimen317
\eq@indentstep=\dimen318
\eq@linewidth=\dimen319
\grp@linewidth=\dimen320
\eq@hshift=\dimen321
\eq@given@sidespace=\dimen322
\mathindent=\dimen323
\eq@final@linecount=\count354
\eq@wdR=\dimen324
\EQ@continue=\toks55
\lr@level=\count355
\GRP@queue=\toks56
\GRP@box=\box77
\GRP@wholebox=\box78
\darraycolsep=\skip86
\cur@row=\count356
\cur@col=\count357
\conditionsep=\skip87
)
(C:\Users\ddeng\AppData\Local\Programs\MiKTeX00\tex/latex/caption\subcaption.st
y
Package: subcaption 2020/10/07 v1.3j Sub-captions (AR)
\c@subfigure=\count358
\c@subtable=\count359
)
(C:\Users\ddeng\AppData\Local\Programs\MiKTeX00\tex/latex/multirow\multirow.sty
Package: multirow 2021/03/15 v2.8 Span multiple rows of a table
\multirow@colwidth=\skip88
\multirow@cntb=\count360
\multirow@dima=\skip89
\bigstrutjot=\dimen325
) (C:\Users\ddeng\AppData\Local\Programs\MiKTeX00\tex/latex/psfrag\psfrag.sty
Package: psfrag 1998/04/11 v3.04 PSfrag (MCG)
\pfg@pcount=\count361
\pfg@scount=\count362
\pfg@temp=\write6
)
(C:\Users\ddeng\AppData\Local\Programs\MiKTeX00\tex/latex/cleveref\cleveref.sty
Package: cleveref 2018/03/27 v0.21.4 Intelligent cross-referencing
Package cleveref Info: `hyperref' support loaded on input line 2370.
LaTeX Info: Redefining \cref on input line 2370.
LaTeX Info: Redefining \Cref on input line 2370.
LaTeX Info: Redefining \crefrange on input line 2370.
LaTeX Info: Redefining \Crefrange on input line 2370.
LaTeX Info: Redefining \cpageref on input line 2370.
LaTeX Info: Redefining \Cpageref on input line 2370.
LaTeX Info: Redefining \cpagerefrange on input line 2370.
LaTeX Info: Redefining \Cpagerefrange on input line 2370.
LaTeX Info: Redefining \labelcref on input line 2370.
LaTeX Info: Redefining \labelcpageref on input line 2370.
Package cleveref Info: `amsthm' support loaded on input line 3026.
Package cleveref Info: `breqn' support loaded on input line 3109.
)
(C:\Users\ddeng\AppData\Local\Programs\MiKTeX00\tex/latex/graphics\rotating.sty
Package: rotating 2016/08/11 v2.16d rotated objects in LaTeX
\c@r@tfl@t=\count363
\rotFPtop=\skip90
\rotFPbot=\skip91
\rot@float@box=\box79
\rot@mess@toks=\toks57
)
(C:\Users\ddeng\AppData\Local\Programs\MiKTeX00\tex/latex/colortbl\colortbl.sty
Package: colortbl 2020/01/04 v1.0e Color table columns (DPC)
(C:\Users\ddeng\AppData\Local\Programs\MiKTeX00\tex/latex/tools\array.sty
Package: array 2021/04/20 v2.5e Tabular extension package (FMi)
\col@sep=\dimen326
\ar@mcellbox=\box80
\extrarowheight=\dimen327
\NC@list=\toks58
\extratabsurround=\skip92
\backup@length=\skip93
\ar@cellbox=\box81
)
\everycr=\toks59
\minrowclearance=\skip94
)
(C:\Users\ddeng\AppData\Local\Programs\MiKTeX00\tex/latex/paralist\paralist.sty
Package: paralist 2017/01/22 v2.7 Extended list environments
\pltopsep=\skip95
\plpartopsep=\skip96
\plitemsep=\skip97
\plparsep=\skip98
\pl@lab=\toks60
)
(C:\Users\ddeng\AppData\Local\Programs\MiKTeX00\tex/latex/epstopdf-pkg\epstopdf
.sty
Package: epstopdf 2020-01-24 v2.11 Conversion with epstopdf on the fly (HO)

(C:\Users\ddeng\AppData\Local\Programs\MiKTeX00\tex/latex/grfext\grfext.sty
Package: grfext 2019/12/03 v1.3 Manage graphics extensions (HO)
)
(C:\Users\ddeng\AppData\Local\Programs\MiKTeX00\tex/latex/epstopdf-pkg\epstopdf
-base.sty
Package: epstopdf-base 2020-01-24 v2.11 Base part for package epstopdf


Package epstopdf Warning: Drivers other than `pdftex' and `luatex' are not supp
orted.

)) (C:\Users\ddeng\AppData\Local\Programs\MiKTeX00\tex/latex/nag\nag.sty
Package: nag 2011/11/25 0.7 warning about old commands (ulmi)
\c@nag@c=\count364
\c@nag@sins=\count365
)
(C:\Users\ddeng\AppData\Local\Programs\MiKTeX00\tex/latex/siunitx\siunitx.sty
Package: siunitx 2021-06-29 v3.0.17 A comprehensive (SI) units package
\l__siunitx_angle_tmp_dim=\dimen328
\l__siunitx_angle_marker_box=\box82
\l__siunitx_angle_unit_box=\box83
\l__siunitx_compound_count_int=\count366

(C:\Users\ddeng\AppData\Local\Programs\MiKTeX00\tex/latex/translations\translat
ions.sty
Package: translations 2021/01/17 v1.10a internationalization of LaTeX2e package
s (CN)
)
\l__siunitx_number_exponent_fixed_int=\count367
\l__siunitx_number_min_decimal_int=\count368
\l__siunitx_number_min_integer_int=\count369
\l__siunitx_number_round_precision_int=\count370
\l__siunitx_number_group_minimum_int=\count371
\l__siunitx_table_tmp_box=\box84
\l__siunitx_table_tmp_dim=\dimen329
\l__siunitx_table_column_width_dim=\dimen330
\l__siunitx_table_integer_box=\box85
\l__siunitx_table_decimal_box=\box86
\l__siunitx_table_before_box=\box87
\l__siunitx_table_after_box=\box88
\l__siunitx_table_before_dim=\dimen331
\l__siunitx_table_carry_dim=\dimen332
\l__siunitx_unit_tmp_int=\count372
\l__siunitx_unit_position_int=\count373
\l__siunitx_unit_total_int=\count374

(C:\Users\ddeng\AppData\Local\Programs\MiKTeX00\tex/latex/l3packages/l3keys2e\l
3keys2e.sty
Package: l3keys2e 2021-06-18 LaTeX2e option processing using LaTeX3 keys
))
(C:\Users\ddeng\AppData\Local\Programs\MiKTeX00\tex/latex/units\nicefrac.sty
Package: nicefrac 1998/08/04 v0.9b Nice fractions
\L@UnitsRaiseDisplaystyle=\skip99
\L@UnitsRaiseTextstyle=\skip100
\L@UnitsRaiseScriptstyle=\skip101
)
(C:\Users\ddeng\AppData\Local\Programs\MiKTeX00\tex/latex/breakurl\breakurl.sty
Package: breakurl 2013/04/10 v1.40 Breakable hyperref URLs
(C:\Users\ddeng\AppData\Local\Programs\MiKTeX00\tex/generic/iftex\ifpdf.sty
Package: ifpdf 2019/10/25 v3.4 ifpdf legacy package. Use iftex instead.
)
\burl@toks=\toks61
)
(C:\Users\ddeng\AppData\Local\Programs\MiKTeX00\tex/latex/fontawesome\fontaweso
me.sty
Package: fontawesome 2016/05/15 v4.6.3.1 font awesome icons

(C:\Users\ddeng\AppData\Local\Programs\MiKTeX00\tex/latex/fontawesome\fontaweso
mesymbols-generic.tex)
(C:\Users\ddeng\AppData\Local\Programs\MiKTeX00\tex/latex/fontawesome\fontaweso
mesymbols-pdftex.tex))
(C:\Users\ddeng\AppData\Local\Programs\MiKTeX00\tex/latex/tools\multicol.sty
Package: multicol 2019/12/09 v1.8y multicolumn formatting (FMi)
\c@tracingmulticols=\count375
\mult@box=\box89
\multicol@leftmargin=\dimen333
\c@unbalance=\count376
\c@collectmore=\count377
\doublecol@number=\count378
\multicoltolerance=\count379
\multicolpretolerance=\count380
\full@width=\dimen334
\page@free=\dimen335
\premulticols=\dimen336
\postmulticols=\dimen337
\multicolsep=\skip102
\multicolbaselineskip=\skip103
\partial@page=\box90
\last@line=\box91
\maxbalancingoverflow=\dimen338
\mult@rightbox=\box92
\mult@grightbox=\box93
\mult@gfirstbox=\box94
\mult@firstbox=\box95
\@tempa=\box96
\@tempa=\box97
\@tempa=\box98
\@tempa=\box99
\@tempa=\box100
\@tempa=\box101
\@tempa=\box102
\@tempa=\box103
\@tempa=\box104
\@tempa=\box105
\@tempa=\box106
\@tempa=\box107
\@tempa=\box108
\@tempa=\box109
\@tempa=\box110
\@tempa=\box111
\@tempa=\box112
\@tempa=\box113
\@tempa=\box114
\@tempa=\box115
\@tempa=\box116
\@tempa=\box117
\@tempa=\box118
\@tempa=\box119
\@tempa=\box120
\@tempa=\box121
\@tempa=\box122
\@tempa=\box123
\@tempa=\box124
\@tempa=\box125
\@tempa=\box126
\@tempa=\box127
\@tempa=\box128
\@tempa=\box129
\@tempa=\box130
\@tempa=\box131
\@tempa=\box132
\c@minrows=\count381
\c@columnbadness=\count382
\c@finalcolumnbadness=\count383
\last@try=\dimen339
\multicolovershoot=\dimen340
\multicolundershoot=\dimen341
\mult@nat@firstbox=\box133
\colbreak@box=\box134
\mc@col@check@num=\count384
)
(C:\Users\ddeng\AppData\Local\Programs\MiKTeX00\tex/latex/wrapfig\wrapfig.sty
\wrapoverhang=\dimen342
\WF@size=\dimen343
\c@WF@wrappedlines=\count385
\WF@box=\box135
\WF@everypar=\toks62
Package: wrapfig 2003/01/31  v 3.6
)
(C:\Users\ddeng\AppData\Local\Programs\MiKTeX00\tex/latex/tablefootnote\tablefo
otnote.sty
Package: tablefootnote 2014/01/26 v1.1c Table foot notes (HMM)

(C:\Users\ddeng\AppData\Local\Programs\MiKTeX00\tex/latex/xifthen\xifthen.sty
Package: xifthen 2015/11/05 v1.4.0 Extended ifthen features
))
(C:\Users\ddeng\AppData\Local\Programs\MiKTeX00\tex/latex/threeparttable\threep
arttable.sty
Package: threeparttable 2003/06/13  v 3.0
\@tempboxb=\box136
)
(C:\Users\ddeng\AppData\Local\Programs\MiKTeX00\tex/latex/lipsum\lipsum.sty
(C:\Users\ddeng\AppData\Local\Programs\MiKTeX00\tex/latex/l3packages/xparse\xpa
rse.sty
Package: xparse 2021-06-18 L3 Experimental document command parser
)
Package: lipsum 2021-03-03 v2.3 150 paragraphs of Lorem Ipsum dummy text

(C:\Users\ddeng\AppData\Local\Programs\MiKTeX00\tex/latex/lipsum\lipsum.ltd.tex
File: lipsum.ltd.tex 2021-03-03 v2.3 The Lorem ipsum dummy text
)) (C:\Users\ddeng\AppData\Local\Programs\MiKTeX00\tex/generic/babel\babel.sty
Package: babel 2021/06/28 3.61 The Babel package

(C:\Users\ddeng\AppData\Local\Programs\MiKTeX00\tex/generic/babel\babel.def
File: babel.def 2021/06/28 3.61 Babel common definitions
\babel@savecnt=\count386
\U@D=\dimen344
\l@unhyphenated=\language79

(C:\Users\ddeng\AppData\Local\Programs\MiKTeX00\tex/generic/babel\txtbabel.def)
\bbl@readstream=\read4
)
\bbl@dirlevel=\count387

*************************************
* Local config file bblopts.cfg used
*
(C:\Users\ddeng\AppData\Local\Programs\MiKTeX00\tex/latex/arabi\bblopts.cfg
File: bblopts.cfg 2005/09/08 v0.1 add Arabic and Farsi to "declared" options of
 babel
)
(C:\Users\ddeng\AppData\Local\Programs\MiKTeX00\tex/latex/babel-english\english
.ldf
Language: english 2017/06/06 v3.3r English support from the babel system
Package babel Info: Hyphen rules for 'canadian' set to \l@english
(babel)             (\language0). Reported on input line 102.
Package babel Info: Hyphen rules for 'australian' set to \l@ukenglish
(babel)             (\language73). Reported on input line 105.
Package babel Info: Hyphen rules for 'newzealand' set to \l@ukenglish
(babel)             (\language73). Reported on input line 108.
))
(C:\Users\ddeng\AppData\Local\Programs\MiKTeX00\tex/latex/blindtext\blindtext.s
ty
Package: blindtext 2012/01/06 V2.0 blindtext-Package
 (C:\Users\ddeng\AppData\Local\Programs\MiKTeX00\tex/latex/tools\xspace.sty
Package: xspace 2014/10/28 v1.13 Space after command names (DPC,MH)
)
\c@blindtext=\count388
\c@Blindtext=\count389
\c@blind@countparstart=\count390
\blind@countxx=\count391
\blindtext@numBlindtext=\count392
\blind@countyy=\count393
\c@blindlist=\count394
\c@blindlistlevel=\count395
\c@blindlist@level=\count396
\blind@listitem=\count397
\c@blind@listcount=\count398
\c@blind@levelcount=\count399
\blind@mathformula=\count400
\blind@Mathformula=\count401
\c@blind@randomcount=\count402
\c@blind@randommax=\count403
\c@blind@pangramcount=\count404
\c@blind@pangrammax=\count405
)
(C:\Users\ddeng\AppData\Local\Programs\MiKTeX00\tex/generic/pgf/frontendlayer/t
ikz/libraries\tikzlibraryfit.code.tex
File: tikzlibraryfit.code.tex 2021/05/15 v3.1.9a (3.1.9a)
)
(C:\Users\ddeng\AppData\Local\Programs\MiKTeX00\tex/generic/pgf/libraries\pgfli
braryarrows.meta.code.tex
File: pgflibraryarrows.meta.code.tex 2021/05/15 v3.1.9a (3.1.9a)
\pgfarrowinset=\dimen345
\pgfarrowlength=\dimen346
\pgfarrowwidth=\dimen347
\pgfarrowlinewidth=\dimen348
)
(C:\Users\ddeng\AppData\Local\Programs\MiKTeX00\tex/generic/pgf/frontendlayer/t
ikz/libraries\tikzlibraryshapes.code.tex
File: tikzlibraryshapes.code.tex 2021/05/15 v3.1.9a (3.1.9a)

(C:\Users\ddeng\AppData\Local\Programs\MiKTeX00\tex/generic/pgf/frontendlayer/t
ikz/libraries\tikzlibraryshapes.geometric.code.tex
File: tikzlibraryshapes.geometric.code.tex 2021/05/15 v3.1.9a (3.1.9a)

(C:\Users\ddeng\AppData\Local\Programs\MiKTeX00\tex/generic/pgf/libraries/shape
s\pgflibraryshapes.geometric.code.tex
File: pgflibraryshapes.geometric.code.tex 2021/05/15 v3.1.9a (3.1.9a)
))
(C:\Users\ddeng\AppData\Local\Programs\MiKTeX00\tex/generic/pgf/frontendlayer/t
ikz/libraries\tikzlibraryshapes.misc.code.tex
File: tikzlibraryshapes.misc.code.tex 2021/05/15 v3.1.9a (3.1.9a)

(C:\Users\ddeng\AppData\Local\Programs\MiKTeX00\tex/generic/pgf/libraries/shape
s\pgflibraryshapes.misc.code.tex
File: pgflibraryshapes.misc.code.tex 2021/05/15 v3.1.9a (3.1.9a)
))
(C:\Users\ddeng\AppData\Local\Programs\MiKTeX00\tex/generic/pgf/frontendlayer/t
ikz/libraries\tikzlibraryshapes.symbols.code.tex
File: tikzlibraryshapes.symbols.code.tex 2021/05/15 v3.1.9a (3.1.9a)

(C:\Users\ddeng\AppData\Local\Programs\MiKTeX00\tex/generic/pgf/libraries/shape
s\pgflibraryshapes.symbols.code.tex
File: pgflibraryshapes.symbols.code.tex 2021/05/15 v3.1.9a (3.1.9a)
))
(C:\Users\ddeng\AppData\Local\Programs\MiKTeX00\tex/generic/pgf/frontendlayer/t
ikz/libraries\tikzlibraryshapes.arrows.code.tex
File: tikzlibraryshapes.arrows.code.tex 2021/05/15 v3.1.9a (3.1.9a)

(C:\Users\ddeng\AppData\Local\Programs\MiKTeX00\tex/generic/pgf/libraries/shape
s\pgflibraryshapes.arrows.code.tex
File: pgflibraryshapes.arrows.code.tex 2021/05/15 v3.1.9a (3.1.9a)
))
(C:\Users\ddeng\AppData\Local\Programs\MiKTeX00\tex/generic/pgf/frontendlayer/t
ikz/libraries\tikzlibraryshapes.callouts.code.tex
(C:\Users\ddeng\AppData\Local\Programs\MiKTeX00\tex/generic/pgf/libraries/shape
s\pgflibraryshapes.callouts.code.tex))
(C:\Users\ddeng\AppData\Local\Programs\MiKTeX00\tex/generic/pgf/frontendlayer/t
ikz/libraries\tikzlibraryshapes.multipart.code.tex
File: tikzlibraryshapes.multipart.code.tex 2021/05/15 v3.1.9a (3.1.9a)

(C:\Users\ddeng\AppData\Local\Programs\MiKTeX00\tex/generic/pgf/libraries/shape
s\pgflibraryshapes.multipart.code.tex
File: pgflibraryshapes.multipart.code.tex 2021/05/15 v3.1.9a (3.1.9a)
\pgfnodepartlowerbox=\box137
\pgfnodeparttwobox=\box138
\pgfnodepartthreebox=\box139
\pgfnodepartfourbox=\box140
\pgfnodeparttwentybox=\box141
\pgfnodepartnineteenbox=\box142
\pgfnodeparteighteenbox=\box143
\pgfnodepartseventeenbox=\box144
\pgfnodepartsixteenbox=\box145
\pgfnodepartfifteenbox=\box146
\pgfnodepartfourteenbox=\box147
\pgfnodepartthirteenbox=\box148
\pgfnodeparttwelvebox=\box149
\pgfnodepartelevenbox=\box150
\pgfnodeparttenbox=\box151
\pgfnodepartninebox=\box152
\pgfnodeparteightbox=\box153
\pgfnodepartsevenbox=\box154
\pgfnodepartsixbox=\box155
\pgfnodepartfivebox=\box156
)))
(C:\Users\ddeng\AppData\Local\Programs\MiKTeX00\tex/generic/pgf/frontendlayer/t
ikz/libraries\tikzlibraryarrows.code.tex
File: tikzlibraryarrows.code.tex 2021/05/15 v3.1.9a (3.1.9a)

(C:\Users\ddeng\AppData\Local\Programs\MiKTeX00\tex/generic/pgf/libraries\pgfli
braryarrows.code.tex
File: pgflibraryarrows.code.tex 2021/05/15 v3.1.9a (3.1.9a)
\arrowsize=\dimen349
)) Excluding 'TulipStyle' comment.)

Package hyperxmp Warning: Suppressing the _entire_ PDF Info dictionary.
(hyperxmp)                Please notify the hyperxmp maintainer.

Package hyperref Info: Option `pdfdisplaydoctitle' set `true' on input line 50.

\c@theorem=\count406
(C:\Users\ddeng\AppData\Local\Programs\MiKTeX00\tex/latex/preprint\balance.sty
Package: balance 1999/02/23 4.3 (PWD)
\oldvsize=\dimen350
) Excluding comment 'screenonly' Include comment 'printonly'
Include comment 'anonsuppress' (report-acm.aux)
\openout1 = `report-acm.aux'.

LaTeX Font Info:    Checking defaults for OML/nxlmi/m/it on input line 50.
LaTeX Font Info:    Trying to load font information for OML+nxlmi on input line
 50.

(C:\Users\ddeng\AppData\Local\Programs\MiKTeX00\tex/latex/newtx\omlnxlmi.fd
File: omlnxlmi.fd 2013/11/19 Fontinst v1.933 font definitions for OML/nxlmi.
)
LaTeX Font Info:    ... okay on input line 50.
LaTeX Font Info:    Checking defaults for OMS/cmsy/m/n on input line 50.
LaTeX Font Info:    ... okay on input line 50.
LaTeX Font Info:    Checking defaults for OT1/cmr/m/n on input line 50.
LaTeX Font Info:    ... okay on input line 50.
LaTeX Font Info:    Checking defaults for T1/cmr/m/n on input line 50.
LaTeX Font Info:    ... okay on input line 50.
LaTeX Font Info:    Checking defaults for TS1/cmr/m/n on input line 50.
LaTeX Font Info:    ... okay on input line 50.
LaTeX Font Info:    Checking defaults for OMX/cmex/m/n on input line 50.
LaTeX Font Info:    ... okay on input line 50.
LaTeX Font Info:    Checking defaults for U/ntxexa/m/n on input line 50.
LaTeX Font Info:    Trying to load font information for U+ntxexa on input line 
50.

(C:\Users\ddeng\AppData\Local\Programs\MiKTeX00\tex/latex/newtx\untxexa.fd
File: untxexa.fd 2012/04/16 Fontinst v1.933 font definitions for U/ntxexa.
)
LaTeX Font Info:    ... okay on input line 50.
LaTeX Font Info:    Checking defaults for PD1/pdf/m/n on input line 50.
LaTeX Font Info:    ... okay on input line 50.
LaTeX Font Info:    Checking defaults for PU/pdf/m/n on input line 50.
LaTeX Font Info:    ... okay on input line 50.
LaTeX Font Info:    Checking defaults for LMS/ntxsy/m/n on input line 50.
LaTeX Font Info:    Trying to load font information for LMS+ntxsy on input line
 50.

(C:\Users\ddeng\AppData\Local\Programs\MiKTeX00\tex/latex/newtx\lmsntxsy.fd
File: lmsntxsy.fd 2016/07/02 Fontinst v1.933 font definitions for LMS/ntxsy.
)
LaTeX Font Info:    ... okay on input line 50.
LaTeX Font Info:    Checking defaults for LMX/ntxexx/m/n on input line 50.
LaTeX Font Info:    Trying to load font information for LMX+ntxexx on input lin
e 50.

(C:\Users\ddeng\AppData\Local\Programs\MiKTeX00\tex/latex/newtx\lmxntxexx.fd
File: lmxntxexx.fd 2016/07/03 Fontinst v1.933 font definitions for LMX/ntxexx.
)
LaTeX Font Info:    ... okay on input line 50.
LaTeX Font Info:    Font shape `T1/LinuxLibertineT-TLF/m/n' will be
(Font)              scaled to size 7.0pt on input line 50.
LaTeX Font Info:    Trying to load font information for OT1+LinuxLibertineT-TLF
 on input line 50.

(C:\Users\ddeng\AppData\Local\Programs\MiKTeX00\tex/latex/libertine\ot1linuxlib
ertinet-tlf.fd
File: OT1LinuxLibertineT-TLF.fd 2017/03/20 (autoinst) Font definitions for OT1/
LinuxLibertineT-TLF.
)
LaTeX Font Info:    Font shape `OT1/LinuxLibertineT-TLF/m/n' will be
(Font)              scaled to size 7.3pt on input line 50.
LaTeX Font Info:    Font shape `OT1/LinuxLibertineT-TLF/m/n' will be
(Font)              scaled to size 5.5pt on input line 50.
LaTeX Font Info:    Trying to load font information for U+msa on input line 50.


(C:\Users\ddeng\AppData\Local\Programs\MiKTeX00\tex/latex/amsfonts\umsa.fd
File: umsa.fd 2013/01/14 v3.01 AMS symbols A
)
LaTeX Font Info:    Trying to load font information for U+msb on input line 50.


(C:\Users\ddeng\AppData\Local\Programs\MiKTeX00\tex/latex/amsfonts\umsb.fd
File: umsb.fd 2013/01/14 v3.01 AMS symbols B
)
LaTeX Font Info:    Trying to load font information for U+ntxmia on input line 
50.

(C:\Users\ddeng\AppData\Local\Programs\MiKTeX00\tex/latex/newtx\untxmia.fd
File: untxmia.fd 2018/04/14 Fontinst v1.933 font definitions for U/ntxmia.
)
LaTeX Font Info:    Trying to load font information for U+ntxsym on input line 
50.

(C:\Users\ddeng\AppData\Local\Programs\MiKTeX00\tex/latex/newtx\untxsym.fd
File: untxsym.fd 2015/03/20 Fontinst v1.933 font definitions for U/ntxsym.
)
LaTeX Font Info:    Trying to load font information for U+ntxsyc on input line 
50.

(C:\Users\ddeng\AppData\Local\Programs\MiKTeX00\tex/latex/newtx\untxsyc.fd
File: untxsyc.fd 2012/04/12 Fontinst v1.933 font definitions for U/ntxsyc.
)
LaTeX Info: Redefining \microtypecontext on input line 50.
Package microtype Info: Generating DVI output.
Package microtype Info: Character protrusion enabled (level 2).
Package microtype Info: Using default protrusion set `alltext'.
Package microtype Info: No font expansion.
Package microtype Info: No adjustment of tracking.
Package microtype Info: No adjustment of interword spacing.
Package microtype Info: No adjustment of character kerning.
Package microtype Info: Loading generic protrusion settings for font family
(microtype)             `LinuxLibertineT-TLF' (encoding: T1).
(microtype)             For optimal results, create family-specific settings.
(microtype)             See the microtype manual for details.
Package hyperref Info: Link coloring OFF on input line 50.

(C:\Users\ddeng\AppData\Local\Programs\MiKTeX00\tex/latex/hyperref\nameref.sty
Package: nameref 2021-04-02 v2.47 Cross-referencing by name of section

(C:\Users\ddeng\AppData\Local\Programs\MiKTeX00\tex/generic/gettitlestring\gett
itlestring.sty
Package: gettitlestring 2019/12/15 v1.6 Cleanup title references (HO)
)
\c@section@level=\count407
)
LaTeX Info: Redefining \ref on input line 50.
LaTeX Info: Redefining \pageref on input line 50.
LaTeX Info: Redefining \nameref on input line 50.
 (report-acm.out) (report-acm.out)
\@outlinefile=\write7
\openout7 = `report-acm.out'.



Package hyperref Warning: Rerun to get /PageLabels entry.

*geometry* driver: auto-detecting
*geometry* detected driver: dvips
*geometry* verbose mode - [ preamble ] result:
* driver: dvips
* paper: custom
* layout: <same size as paper>
* layoutoffset:(h,v)=(0.0pt,0.0pt)
* modes: includehead includefoot twoside heightrounded 
* h-part:(L,W,R)=(54.0pt, 506.295pt, 54.0pt)
* v-part:(T,H,B)=(57.0pt, 664.96999pt, 73.0pt)
* \paperwidth=614.295pt
* \paperheight=794.96999pt
* \textwidth=506.295pt
* \textheight=626.0pt
* \oddsidemargin=-18.26999pt
* \evensidemargin=-18.26999pt
* \topmargin=-15.26999pt
* \headheight=13.0pt
* \headsep=14.0pt
* \topskip=10.0pt
* \footskip=12.0pt
* \marginparwidth=24.0pt
* \marginparsep=11.0pt
* \columnsep=24.0pt
* \skip\footins=7.0pt plus 11.0pt
* \hoffset=0.0pt
* \voffset=0.0pt
* \mag=1000
* \@twocolumnfalse
* \@twosidetrue
* \@mparswitchtrue
* \@reversemarginfalse
* (1in=72.27pt=25.4mm, 1cm=28.453pt)

\c@mv@tabular=\count408
\c@mv@boldtabular=\count409
(C:\Users\ddeng\AppData\Local\Programs\MiKTeX00\tex/latex/upquote\upquote.sty
Package: upquote 2012/04/19 v1.3 upright-quote and grave-accent glyphs in verba
tim
)
Package caption Info: Begin \AtBeginDocument code.
Package caption Info: float package is loaded.
Package caption Info: rotating package is loaded.
Package caption Info: threeparttable package is loaded.
Package caption Info: wrapfig package is loaded.
Package caption Info: End \AtBeginDocument code.


Package todonotes Warning: The length marginparwidth is less than 2cm and will 
most likely cause issues with the appearance of inserted todonotes. The issue c
an be solved by adding a line like \setlength {\marginparwidth }{2cm} prior to 
loading the todonotes package. on input line 50.


(C:\Users\ddeng\AppData\Local\Programs\MiKTeX00\tex/latex/translations/dicts\tr
anslations-basic-dictionary-english.trsl
File: translations-basic-dictionary-english.trsl (english translation file `tra
nslations-basic-dictionary')
)
Package translations Info: loading dictionary `translations-basic-dictionary' f
or `english'. on input line 50.
 (abstract.tex)
LaTeX Font Info:    Font shape `T1/LinuxLibertineT-TLF/m/n' will be
(Font)              scaled to size 17.28pt on input line 89.
LaTeX Font Info:    Trying to load font information for T1+LinuxBiolinumT-TLF o
n input line 89.

(C:\Users\ddeng\AppData\Local\Programs\MiKTeX00\tex/latex/libertine\t1linuxbiol
inumt-tlf.fd
File: T1LinuxBiolinumT-TLF.fd 2017/03/20 (autoinst) Font definitions for T1/Lin
uxBiolinumT-TLF.
)
LaTeX Font Info:    Font shape `T1/LinuxBiolinumT-TLF/m/n' will be
(Font)              scaled to size 17.28pt on input line 89.
Package microtype Info: Loading generic protrusion settings for font family
(microtype)             `LinuxBiolinumT-TLF' (encoding: T1).
(microtype)             For optimal results, create family-specific settings.
(microtype)             See the microtype manual for details.
LaTeX Font Info:    Font shape `T1/LinuxBiolinumT-TLF/b/n' will be
(Font)              scaled to size 17.28pt on input line 89.
LaTeX Font Info:    Font shape `OT1/LinuxLibertineT-TLF/m/n' will be
(Font)              scaled to size 17.28pt on input line 89.
Package microtype Info: Loading generic protrusion settings for font family
(microtype)             `LinuxLibertineT-TLF' (encoding: OT1).
(microtype)             For optimal results, create family-specific settings.
(microtype)             See the microtype manual for details.
LaTeX Font Info:    Font shape `OT1/LinuxLibertineT-TLF/m/n' will be
(Font)              scaled to size 12.5pt on input line 89.
LaTeX Font Info:    Font shape `OT1/LinuxLibertineT-TLF/m/n' will be
(Font)              scaled to size 9.4pt on input line 89.

(C:\Users\ddeng\AppData\Local\Programs\MiKTeX00\tex/latex/microtype\mt-msa.cfg
File: mt-msa.cfg 2006/02/04 v1.1 microtype config. file: AMS symbols (a) (RS)
) (C:\Users\ddeng\AppData\Local\Programs\MiKTeX00\tex/latex/microtype\mt-msb.cf
g
File: mt-msb.cfg 2005/06/01 v1.0 microtype config. file: AMS symbols (b) (RS)
)
LaTeX Font Info:    Trying to load font information for TS1+LinuxBiolinumT-TLF 
on input line 89.

(C:\Users\ddeng\AppData\Local\Programs\MiKTeX00\tex/latex/libertine\ts1linuxbio
linumt-tlf.fd
File: TS1LinuxBiolinumT-TLF.fd 2017/03/20 (autoinst) Font definitions for TS1/L
inuxBiolinumT-TLF.
)
LaTeX Font Info:    Font shape `TS1/LinuxBiolinumT-TLF/b/n' will be
(Font)              scaled to size 12.5pt on input line 89.
Package microtype Info: Loading generic protrusion settings for font family
(microtype)             `LinuxBiolinumT-TLF' (encoding: TS1).
(microtype)             For optimal results, create family-specific settings.
(microtype)             See the microtype manual for details.
LaTeX Font Info:    Font shape `T1/LinuxBiolinumT-TLF/b/n' will be
(Font)              scaled to size 9.0pt on input line 89.
LaTeX Font Info:    Font shape `T1/LinuxBiolinumT-TLF/b/n' will be
(Font)              scaled to size 12.0pt on input line 89.
LaTeX Font Info:    Font shape `T1/LinuxBiolinumT-TLF/m/n' will be
(Font)              scaled to size 12.0pt on input line 89.
LaTeX Font Info:    Font shape `OT1/LinuxLibertineT-TLF/m/n' will be
(Font)              scaled to size 12.0pt on input line 89.
LaTeX Font Info:    Font shape `OT1/LinuxLibertineT-TLF/m/n' will be
(Font)              scaled to size 8.8pt on input line 89.
LaTeX Font Info:    Font shape `OT1/LinuxLibertineT-TLF/m/n' will be
(Font)              scaled to size 6.6pt on input line 89.
LaTeX Font Info:    Font shape `TS1/LinuxBiolinumT-TLF/m/n' will be
(Font)              scaled to size 8.8pt on input line 89.
LaTeX Font Info:    Font shape `T1/LinuxLibertineT-TLF/m/n' will be
(Font)              scaled to size 12.0pt on input line 89.
LaTeX Font Info:    Trying to load font information for TS1+LinuxLibertineT-TLF
 on input line 89.

(C:\Users\ddeng\AppData\Local\Programs\MiKTeX00\tex/latex/libertine\ts1linuxlib
ertinet-tlf.fd
File: TS1LinuxLibertineT-TLF.fd 2017/03/20 (autoinst) Font definitions for TS1/
LinuxLibertineT-TLF.
)
LaTeX Font Info:    Font shape `TS1/LinuxLibertineT-TLF/m/n' will be
(Font)              scaled to size 8.8pt on input line 89.
Package microtype Info: Loading generic protrusion settings for font family
(microtype)             `LinuxLibertineT-TLF' (encoding: TS1).
(microtype)             For optimal results, create family-specific settings.
(microtype)             See the microtype manual for details.
LaTeX Font Info:    Font shape `T1/LinuxLibertineT-TLF/m/n' will be
(Font)              scaled to size 10.0pt on input line 89.


! Class acmart Error: No country present for an affiliation.

See the acmart class documentation for explanation.
Type  H <return>  for immediate help.
 ...                                              
                                                  
l.89 \maketitle
               
ACM requires each author to indicate their country using country macro.

LaTeX Font Info:    Font shape `OT1/LinuxLibertineT-TLF/m/n' will be
(Font)              scaled to size 10.0pt on input line 89.
LaTeX Font Info:    Font shape `T1/LinuxLibertineT-TLF/m/n' will be
(Font)              scaled to size 5.5pt on input line 89.
LaTeX Font Info:    Font shape `TS1/LinuxLibertineT-TLF/m/n' will be
(Font)              scaled to size 5.5pt on input line 89.
LaTeX Font Info:    Trying to load font information for T1+zi4 on input line 89
.
(C:\Users\ddeng\AppData\Local\Programs\MiKTeX00\tex/latex/inconsolata\t1zi4.fd
File: t1zi4.fd 2018/01/14 T1/zi4 (Inconsolata)
)
LaTeX Font Info:    Font shape `T1/zi4/m/n' will be
(Font)              scaled to size 7.0pt on input line 89.
Package microtype Info: Loading generic protrusion settings for font family
(microtype)             `zi4' (encoding: T1).
(microtype)             For optimal results, create family-specific settings.
(microtype)             See the microtype manual for details.
LaTeX Font Info:    Font shape `T1/LinuxLibertineT-TLF/m/it' will be
(Font)              scaled to size 7.0pt on input line 89.
LaTeX Font Info:    Font shape `TS1/LinuxLibertineT-TLF/m/n' will be
(Font)              scaled to size 7.0pt on input line 89.
LaTeX Font Info:    Font shape `T1/LinuxLibertineT-TLF/b/n' will be
(Font)              scaled to size 9.0pt on input line 89.
LaTeX Font Info:    Font shape `T1/LinuxLibertineT-TLF/b/n' will be
(Font)              scaled to size 10.95pt on input line 89.
LaTeX Font Info:    Font shape `T1/LinuxLibertineT-TLF/m/n' will be
(Font)              scaled to size 8.0pt on input line 89.
LaTeX Font Info:    Font shape `T1/LinuxLibertineT-TLF/b/n' will be
(Font)              scaled to size 8.0pt on input line 89.
LaTeX Font Info:    Font shape `T1/LinuxLibertineT-TLF/m/it' will be
(Font)              scaled to size 8.0pt on input line 89.
LaTeX Font Info:    Font shape `OT1/LinuxLibertineT-TLF/m/n' will be
(Font)              scaled to size 8.0pt on input line 89.
LaTeX Font Info:    Font shape `OT1/LinuxLibertineT-TLF/m/n' will be
(Font)              scaled to size 6.2pt on input line 89.
(mainbody.tex Including 'JournalOnly' comment.
\openout4 = `comment.cut'.

 Straight input of comment.cut.
(comment.cut)
Package hyperref Info: bookmark level for unknown todo defaults to 0 on input l
ine 10.

Overfull \hbox (10.50156pt too wide) in paragraph at lines 10--10
[][][][]\T1/LinuxLibertineT-TLF/m/n/9 Testing.[]  
 []


Overfull \hbox (10.50156pt too wide) in paragraph at lines 10--10
[][][]\T1/LinuxLibertineT-TLF/m/n/9 Testing.[]  
 []

LaTeX Font Info:    Font shape `T1/LinuxBiolinumT-TLF/m/n' will be
(Font)              scaled to size 7.0pt on input line 13.

Overfull \hbox (10.24654pt too wide) in paragraph at lines 14--14
[][][]\T1/LinuxBiolinumT-TLF/m/n/7 Response 
 []


Overfull \hbox (10.24654pt too wide) in paragraph at lines 14--14
[][][]\T1/LinuxBiolinumT-TLF/m/n/7 Response 
 []


LaTeX Warning: Marginpar on page 1 moved.


LaTeX Warning: Marginpar on page 1 moved.


LaTeX Warning: Marginpar on page 1 moved.

LaTeX Font Info:    Font shape `OT1/LinuxLibertineT-TLF/m/n' will be
(Font)              scaled to size 9.0pt on input line 17.
Including 'ConferenceOnly' comment.
\openout4 = `comment.cut'.

 Straight input of comment.cut. (comment.cut)
Overfull \hbox (4.11469pt too wide) in paragraph at lines 45--45
\T1/LinuxLibertineT-TLF/m/n/9 Sympathizing would fix Quaker ob-jec-tives. [][][
]  Many-wived Jack laughs
 []


Overfull \hbox (11.13829pt too wide) in paragraph at lines 45--46
\T1/LinuxLibertineT-TLF/m/n/9 The five box-ing wiz-ards jump quickly. [][][]  S
ym-pa-thiz-ing would fix Quaker
 []

LaTeX Font Info:    Font shape `T1/LinuxLibertineT-TLF/m/n' will be
(Font)              scaled to size 5.0pt on input line 51.
[1.1

]
Overfull \hbox (51.45505pt too wide) in paragraph at lines 73--83
 [][][] 
 []


Overfull \hbox (4.68083pt too wide) in paragraph at lines 93--93
\T1/LinuxLibertineT-TLF/m/n/9 tesque habi-tant morbi tris-tique senec-tus et ne
-tus et male-suada fames
 []

) (report-acm.bbl)
LaTeX Font Info:    Font shape `T1/LinuxLibertineT-TLF/m/n' will be
(Font)              scaled to size 8.8pt on input line 100.

Overfull \hbox (4.18721pt too wide) in paragraph at lines 100--100
 [][][] 
 []


Package hyperref Warning: Token not allowed in a PDF string (Unicode):
(hyperref)                removing `subscript' on input line 100.


(C:\Users\ddeng\AppData\Local\Programs\MiKTeX00\tex/generic/stringenc\se-pdfdoc
.def
File: se-pdfdoc.def 2019/11/29 v1.12 stringenc: PDFDocEncoding
)
(C:\Users\ddeng\AppData\Local\Programs\MiKTeX00\tex/generic/stringenc\se-utf8.d
ef
File: se-utf8.def 2019/11/29 v1.12 stringenc: UTF-8
)

Package balance Warning: You have called \balance in second column
(balance)                Columns might not be balanced.

LaTeX Font Info:    Font shape `T1/LinuxBiolinumT-TLF/m/n' will be
(Font)              scaled to size 9.0pt on input line 100.
[2.2]
No complaints by nag.
(report-acm.aux)

LaTeX Warning: Label(s) may have changed. Rerun to get cross-references right.

Package rerunfilecheck Info: File `report-acm.out' has not changed.
(rerunfilecheck)             Checksum: 5017EA8689C0CA35198BAAE0E6E2C607;706.
 ) 
Here is how much of TeX's memory you used:
 41955 strings out of 478848
 823351 string characters out of 2847471
 1482444 words of memory out of 3000000
 58947 multiletter control sequences out of 15000+600000
 567253 words of font info for 176 fonts, out of 8000000 for 9000
 1302 hyphenation exceptions out of 8191
 104i,11n,131p,1109b,957s stack positions out of 5000i,500n,10000p,200000b,80000s

Output written on report-acm.dvi (2 pages, 82468 bytes).
