This is pdfTeX, Version 3.141592653-2.6-1.40.23 (MiKTeX 21.7) (preloaded format=latex 2021.7.18)  19 JUL 2021 21:43
entering extended mode
**./reportcopy.tex
(reportcopy.tex
LaTeX2e <2021-06-01> patch level 1
L3 programming layer <2021-07-12>
(C:\Users\ddeng\AppData\Local\Programs\MiKTeX00\tex/latex/amscls\amsart.cls
Document Class: amsart 2020/05/29 v2.20.6
\linespacing=\dimen138
\normalparindent=\dimen139
\normaltopskip=\skip47
(C:\Users\ddeng\AppData\Local\Programs\MiKTeX00\tex/latex/amsmath\amsmath.sty
Package: amsmath 2021/04/20 v2.17j AMS math features
\@mathmargin=\skip48

For additional information on amsmath, use the `?' option.
(C:\Users\ddeng\AppData\Local\Programs\MiKTeX00\tex/latex/amsmath\amstext.sty
Package: amstext 2000/06/29 v2.01 AMS text

(C:\Users\ddeng\AppData\Local\Programs\MiKTeX00\tex/latex/amsmath\amsgen.sty
File: amsgen.sty 1999/11/30 v2.0 generic functions
\@emptytoks=\toks16
\ex@=\dimen140
))
(C:\Users\ddeng\AppData\Local\Programs\MiKTeX00\tex/latex/amsmath\amsbsy.sty
Package: amsbsy 1999/11/29 v1.2d Bold Symbols
\pmbraise@=\dimen141
)
(C:\Users\ddeng\AppData\Local\Programs\MiKTeX00\tex/latex/amsmath\amsopn.sty
Package: amsopn 2016/03/08 v2.02 operator names
)
\inf@bad=\count182
LaTeX Info: Redefining \frac on input line 234.
\uproot@=\count183
\leftroot@=\count184
LaTeX Info: Redefining \overline on input line 399.
\classnum@=\count185
\DOTSCASE@=\count186
LaTeX Info: Redefining \ldots on input line 496.
LaTeX Info: Redefining \dots on input line 499.
LaTeX Info: Redefining \cdots on input line 620.
\Mathstrutbox@=\box50
\strutbox@=\box51
\big@size=\dimen142
LaTeX Font Info:    Redeclaring font encoding OML on input line 743.
LaTeX Font Info:    Redeclaring font encoding OMS on input line 744.
\macc@depth=\count187
\c@MaxMatrixCols=\count188
\dotsspace@=\muskip16
\c@parentequation=\count189
\dspbrk@lvl=\count190
\tag@help=\toks17
\row@=\count191
\column@=\count192
\maxfields@=\count193
\andhelp@=\toks18
\eqnshift@=\dimen143
\alignsep@=\dimen144
\tagshift@=\dimen145
\tagwidth@=\dimen146
\totwidth@=\dimen147
\lineht@=\dimen148
\@envbody=\toks19
\multlinegap=\skip49
\multlinetaggap=\skip50
\mathdisplay@stack=\toks20
LaTeX Info: Redefining \[ on input line 2923.
LaTeX Info: Redefining \] on input line 2924.
)
LaTeX Font Info:    Trying to load font information for U+msa on input line 397
.

(C:\Users\ddeng\AppData\Local\Programs\MiKTeX00\tex/latex/amsfonts\umsa.fd
File: umsa.fd 2013/01/14 v3.01 AMS symbols A
)
(C:\Users\ddeng\AppData\Local\Programs\MiKTeX00\tex/latex/amsfonts\amsfonts.sty
Package: amsfonts 2013/01/14 v3.01 Basic AMSFonts support
\symAMSa=\mathgroup4
\symAMSb=\mathgroup5
LaTeX Font Info:    Redeclaring math symbol \hbar on input line 98.
LaTeX Font Info:    Overwriting math alphabet `\mathfrak' in version `bold'
(Font)                  U/euf/m/n --> U/euf/b/n on input line 106.
)
\copyins=\insert199
\abstractbox=\box52
\listisep=\skip51
\c@part=\count194
\c@section=\count195
\c@subsection=\count196
\c@subsubsection=\count197
\c@paragraph=\count198
\c@subparagraph=\count266
\c@figure=\count267
\c@table=\count268
\abovecaptionskip=\skip52
\belowcaptionskip=\skip53
\captionindent=\dimen149
\thm@style=\toks21
\thm@bodyfont=\toks22
\thm@headfont=\toks23
\thm@notefont=\toks24
\thm@headpunct=\toks25
\thm@preskip=\skip54
\thm@postskip=\skip55
\thm@headsep=\skip56
\dth@everypar=\toks26
)
\DraftStatus=\count269

(C:\Users\ddeng\AppData\Local\Programs\MiKTeX00\tex/latex/comment\comment.sty
\CommentStream=\write3

Excluding comment 'comment') Include comment 'JournalOnly'
Include comment 'ConferenceOnly' Include comment 'TulipStyle' (preamble.tex
(C:\Users\ddeng\AppData\Local\Programs\MiKTeX00\tex/latex/todonotes\todonotes.s
ty
Package: todonotes 2021/06/04 v1.1.5 Todonotes source and documentation.
Package: todonotes 2021/06/04
 (C:\Users\ddeng\AppData\Local\Programs\MiKTeX00\tex/latex/base\ifthen.sty
Package: ifthen 2020/11/24 v1.1c Standard LaTeX ifthen package (DPC)
)
(C:\Users\ddeng\AppData\Local\Programs\MiKTeX00\tex/latex/xkeyval\xkeyval.sty
Package: xkeyval 2020/11/20 v2.8 package option processing (HA)

(C:\Users\ddeng\AppData\Local\Programs\MiKTeX00\tex/generic/xkeyval\xkeyval.tex

(C:\Users\ddeng\AppData\Local\Programs\MiKTeX00\tex/generic/xkeyval\xkvutils.te
x
\XKV@toks=\toks27
\XKV@tempa@toks=\toks28

(C:\Users\ddeng\AppData\Local\Programs\MiKTeX00\tex/generic/xkeyval\keyval.tex)
)
\XKV@depth=\count270
File: xkeyval.tex 2014/12/03 v2.7a key=value parser (HA)
)) (C:\Users\ddeng\AppData\Local\Programs\MiKTeX00\tex/latex/xcolor\xcolor.sty
Package: xcolor 2016/05/11 v2.12 LaTeX color extensions (UK)

(C:\Users\ddeng\AppData\Local\Programs\MiKTeX00\tex/latex/graphics-cfg\color.cf
g
File: color.cfg 2016/01/02 v1.6 sample color configuration
)
Package xcolor Info: Driver file: dvips.def on input line 225.

(C:\Users\ddeng\AppData\Local\Programs\MiKTeX00\tex/latex/graphics-def\dvips.de
f
File: dvips.def 2017/06/20 v3.1d Graphics/color driver for dvips
)
Package xcolor Info: Model `cmy' substituted by `cmy0' on input line 1348.
Package xcolor Info: Model `RGB' extended on input line 1364.
Package xcolor Info: Model `HTML' substituted by `rgb' on input line 1366.
Package xcolor Info: Model `Hsb' substituted by `hsb' on input line 1367.
Package xcolor Info: Model `tHsb' substituted by `hsb' on input line 1368.
Package xcolor Info: Model `HSB' substituted by `hsb' on input line 1369.
Package xcolor Info: Model `Gray' substituted by `gray' on input line 1370.
Package xcolor Info: Model `wave' substituted by `hsb' on input line 1371.
)
(C:\Users\ddeng\AppData\Local\Programs\MiKTeX00\tex/latex/pgf/frontendlayer\tik
z.sty
(C:\Users\ddeng\AppData\Local\Programs\MiKTeX00\tex/latex/pgf/basiclayer\pgf.st
y
(C:\Users\ddeng\AppData\Local\Programs\MiKTeX00\tex/latex/pgf/utilities\pgfrcs.
sty
(C:\Users\ddeng\AppData\Local\Programs\MiKTeX00\tex/generic/pgf/utilities\pgfut
il-common.tex
\pgfutil@everybye=\toks29
\pgfutil@tempdima=\dimen150
\pgfutil@tempdimb=\dimen151

(C:\Users\ddeng\AppData\Local\Programs\MiKTeX00\tex/generic/pgf/utilities\pgfut
il-common-lists.tex))
(C:\Users\ddeng\AppData\Local\Programs\MiKTeX00\tex/generic/pgf/utilities\pgfut
il-latex.def
\pgfutil@abb=\box53
)
(C:\Users\ddeng\AppData\Local\Programs\MiKTeX00\tex/generic/pgf/utilities\pgfrc
s.code.tex
(C:\Users\ddeng\AppData\Local\Programs\MiKTeX00\tex/generic/pgf\pgf.revision.te
x)
Package: pgfrcs 2021/05/15 v3.1.9a (3.1.9a)
))
Package: pgf 2021/05/15 v3.1.9a (3.1.9a)

(C:\Users\ddeng\AppData\Local\Programs\MiKTeX00\tex/latex/pgf/basiclayer\pgfcor
e.sty
(C:\Users\ddeng\AppData\Local\Programs\MiKTeX00\tex/latex/graphics\graphicx.sty
Package: graphicx 2020/12/05 v1.2c Enhanced LaTeX Graphics (DPC,SPQR)

(C:\Users\ddeng\AppData\Local\Programs\MiKTeX00\tex/latex/graphics\graphics.sty
Package: graphics 2021/03/04 v1.4d Standard LaTeX Graphics (DPC,SPQR)
(C:\Users\ddeng\AppData\Local\Programs\MiKTeX00\tex/latex/graphics\trig.sty
Package: trig 2016/01/03 v1.10 sin cos tan (DPC)
)
(C:\Users\ddeng\AppData\Local\Programs\MiKTeX00\tex/latex/graphics-cfg\graphics
.cfg
File: graphics.cfg 2016/06/04 v1.11 sample graphics configuration
)
Package graphics Info: Driver file: dvips.def on input line 107.
)
\Gin@req@height=\dimen152
\Gin@req@width=\dimen153
)
(C:\Users\ddeng\AppData\Local\Programs\MiKTeX00\tex/latex/pgf/systemlayer\pgfsy
s.sty
(C:\Users\ddeng\AppData\Local\Programs\MiKTeX00\tex/generic/pgf/systemlayer\pgf
sys.code.tex
Package: pgfsys 2021/05/15 v3.1.9a (3.1.9a)

(C:\Users\ddeng\AppData\Local\Programs\MiKTeX00\tex/generic/pgf/utilities\pgfke
ys.code.tex
\pgfkeys@pathtoks=\toks30
\pgfkeys@temptoks=\toks31

(C:\Users\ddeng\AppData\Local\Programs\MiKTeX00\tex/generic/pgf/utilities\pgfke
ysfiltered.code.tex
\pgfkeys@tmptoks=\toks32
))
\pgf@x=\dimen154
\pgf@y=\dimen155
\pgf@xa=\dimen156
\pgf@ya=\dimen157
\pgf@xb=\dimen158
\pgf@yb=\dimen159
\pgf@xc=\dimen160
\pgf@yc=\dimen161
\pgf@xd=\dimen162
\pgf@yd=\dimen163
\w@pgf@writea=\write4
\r@pgf@reada=\read2
\c@pgf@counta=\count271
\c@pgf@countb=\count272
\c@pgf@countc=\count273
\c@pgf@countd=\count274
\t@pgf@toka=\toks33
\t@pgf@tokb=\toks34
\t@pgf@tokc=\toks35
\pgf@sys@id@count=\count275

(C:\Users\ddeng\AppData\Local\Programs\MiKTeX00\tex/generic/pgf/systemlayer\pgf
.cfg
File: pgf.cfg 2021/05/15 v3.1.9a (3.1.9a)
)
Driver file for pgf: pgfsys-dvips.def

(C:\Users\ddeng\AppData\Local\Programs\MiKTeX00\tex/generic/pgf/systemlayer\pgf
sys-dvips.def
File: pgfsys-dvips.def 2021/05/15 v3.1.9a (3.1.9a)

(C:\Users\ddeng\AppData\Local\Programs\MiKTeX00\tex/generic/pgf/systemlayer\pgf
sys-common-postscript.def
File: pgfsys-common-postscript.def 2021/05/15 v3.1.9a (3.1.9a)
\pgf@objectcount=\count276
)))
(C:\Users\ddeng\AppData\Local\Programs\MiKTeX00\tex/generic/pgf/systemlayer\pgf
syssoftpath.code.tex
File: pgfsyssoftpath.code.tex 2021/05/15 v3.1.9a (3.1.9a)
\pgfsyssoftpath@smallbuffer@items=\count277
\pgfsyssoftpath@bigbuffer@items=\count278
)
(C:\Users\ddeng\AppData\Local\Programs\MiKTeX00\tex/generic/pgf/systemlayer\pgf
sysprotocol.code.tex
File: pgfsysprotocol.code.tex 2021/05/15 v3.1.9a (3.1.9a)
))
(C:\Users\ddeng\AppData\Local\Programs\MiKTeX00\tex/generic/pgf/basiclayer\pgfc
ore.code.tex
Package: pgfcore 2021/05/15 v3.1.9a (3.1.9a)

(C:\Users\ddeng\AppData\Local\Programs\MiKTeX00\tex/generic/pgf/math\pgfmath.co
de.tex
(C:\Users\ddeng\AppData\Local\Programs\MiKTeX00\tex/generic/pgf/math\pgfmathcal
c.code.tex
(C:\Users\ddeng\AppData\Local\Programs\MiKTeX00\tex/generic/pgf/math\pgfmathuti
l.code.tex)
(C:\Users\ddeng\AppData\Local\Programs\MiKTeX00\tex/generic/pgf/math\pgfmathpar
ser.code.tex
\pgfmath@dimen=\dimen164
\pgfmath@count=\count279
\pgfmath@box=\box54
\pgfmath@toks=\toks36
\pgfmath@stack@operand=\toks37
\pgfmath@stack@operation=\toks38
)
(C:\Users\ddeng\AppData\Local\Programs\MiKTeX00\tex/generic/pgf/math\pgfmathfun
ctions.code.tex
(C:\Users\ddeng\AppData\Local\Programs\MiKTeX00\tex/generic/pgf/math\pgfmathfun
ctions.basic.code.tex)
(C:\Users\ddeng\AppData\Local\Programs\MiKTeX00\tex/generic/pgf/math\pgfmathfun
ctions.trigonometric.code.tex)
(C:\Users\ddeng\AppData\Local\Programs\MiKTeX00\tex/generic/pgf/math\pgfmathfun
ctions.random.code.tex)
(C:\Users\ddeng\AppData\Local\Programs\MiKTeX00\tex/generic/pgf/math\pgfmathfun
ctions.comparison.code.tex)
(C:\Users\ddeng\AppData\Local\Programs\MiKTeX00\tex/generic/pgf/math\pgfmathfun
ctions.base.code.tex)
(C:\Users\ddeng\AppData\Local\Programs\MiKTeX00\tex/generic/pgf/math\pgfmathfun
ctions.round.code.tex)
(C:\Users\ddeng\AppData\Local\Programs\MiKTeX00\tex/generic/pgf/math\pgfmathfun
ctions.misc.code.tex)
(C:\Users\ddeng\AppData\Local\Programs\MiKTeX00\tex/generic/pgf/math\pgfmathfun
ctions.integerarithmetics.code.tex)))
(C:\Users\ddeng\AppData\Local\Programs\MiKTeX00\tex/generic/pgf/math\pgfmathflo
at.code.tex
\c@pgfmathroundto@lastzeros=\count280
))
(C:\Users\ddeng\AppData\Local\Programs\MiKTeX00\tex/generic/pgf/math\pgfint.cod
e.tex)
(C:\Users\ddeng\AppData\Local\Programs\MiKTeX00\tex/generic/pgf/basiclayer\pgfc
orepoints.code.tex
File: pgfcorepoints.code.tex 2021/05/15 v3.1.9a (3.1.9a)
\pgf@picminx=\dimen165
\pgf@picmaxx=\dimen166
\pgf@picminy=\dimen167
\pgf@picmaxy=\dimen168
\pgf@pathminx=\dimen169
\pgf@pathmaxx=\dimen170
\pgf@pathminy=\dimen171
\pgf@pathmaxy=\dimen172
\pgf@xx=\dimen173
\pgf@xy=\dimen174
\pgf@yx=\dimen175
\pgf@yy=\dimen176
\pgf@zx=\dimen177
\pgf@zy=\dimen178
)
(C:\Users\ddeng\AppData\Local\Programs\MiKTeX00\tex/generic/pgf/basiclayer\pgfc
orepathconstruct.code.tex
File: pgfcorepathconstruct.code.tex 2021/05/15 v3.1.9a (3.1.9a)
\pgf@path@lastx=\dimen179
\pgf@path@lasty=\dimen180
)
(C:\Users\ddeng\AppData\Local\Programs\MiKTeX00\tex/generic/pgf/basiclayer\pgfc
orepathusage.code.tex
File: pgfcorepathusage.code.tex 2021/05/15 v3.1.9a (3.1.9a)
\pgf@shorten@end@additional=\dimen181
\pgf@shorten@start@additional=\dimen182
)
(C:\Users\ddeng\AppData\Local\Programs\MiKTeX00\tex/generic/pgf/basiclayer\pgfc
orescopes.code.tex
File: pgfcorescopes.code.tex 2021/05/15 v3.1.9a (3.1.9a)
\pgfpic=\box55
\pgf@hbox=\box56
\pgf@layerbox@main=\box57
\pgf@picture@serial@count=\count281
)
(C:\Users\ddeng\AppData\Local\Programs\MiKTeX00\tex/generic/pgf/basiclayer\pgfc
oregraphicstate.code.tex
File: pgfcoregraphicstate.code.tex 2021/05/15 v3.1.9a (3.1.9a)
\pgflinewidth=\dimen183
)
(C:\Users\ddeng\AppData\Local\Programs\MiKTeX00\tex/generic/pgf/basiclayer\pgfc
oretransformations.code.tex
File: pgfcoretransformations.code.tex 2021/05/15 v3.1.9a (3.1.9a)
\pgf@pt@x=\dimen184
\pgf@pt@y=\dimen185
\pgf@pt@temp=\dimen186
)
(C:\Users\ddeng\AppData\Local\Programs\MiKTeX00\tex/generic/pgf/basiclayer\pgfc
orequick.code.tex
File: pgfcorequick.code.tex 2021/05/15 v3.1.9a (3.1.9a)
)
(C:\Users\ddeng\AppData\Local\Programs\MiKTeX00\tex/generic/pgf/basiclayer\pgfc
oreobjects.code.tex
File: pgfcoreobjects.code.tex 2021/05/15 v3.1.9a (3.1.9a)
)
(C:\Users\ddeng\AppData\Local\Programs\MiKTeX00\tex/generic/pgf/basiclayer\pgfc
orepathprocessing.code.tex
File: pgfcorepathprocessing.code.tex 2021/05/15 v3.1.9a (3.1.9a)
)
(C:\Users\ddeng\AppData\Local\Programs\MiKTeX00\tex/generic/pgf/basiclayer\pgfc
orearrows.code.tex
File: pgfcorearrows.code.tex 2021/05/15 v3.1.9a (3.1.9a)
\pgfarrowsep=\dimen187
)
(C:\Users\ddeng\AppData\Local\Programs\MiKTeX00\tex/generic/pgf/basiclayer\pgfc
oreshade.code.tex
File: pgfcoreshade.code.tex 2021/05/15 v3.1.9a (3.1.9a)
\pgf@max=\dimen188
\pgf@sys@shading@range@num=\count282
\pgf@shadingcount=\count283
)
(C:\Users\ddeng\AppData\Local\Programs\MiKTeX00\tex/generic/pgf/basiclayer\pgfc
oreimage.code.tex
File: pgfcoreimage.code.tex 2021/05/15 v3.1.9a (3.1.9a)

(C:\Users\ddeng\AppData\Local\Programs\MiKTeX00\tex/generic/pgf/basiclayer\pgfc
oreexternal.code.tex
File: pgfcoreexternal.code.tex 2021/05/15 v3.1.9a (3.1.9a)
\pgfexternal@startupbox=\box58
))
(C:\Users\ddeng\AppData\Local\Programs\MiKTeX00\tex/generic/pgf/basiclayer\pgfc
orelayers.code.tex
File: pgfcorelayers.code.tex 2021/05/15 v3.1.9a (3.1.9a)
)
(C:\Users\ddeng\AppData\Local\Programs\MiKTeX00\tex/generic/pgf/basiclayer\pgfc
oretransparency.code.tex
File: pgfcoretransparency.code.tex 2021/05/15 v3.1.9a (3.1.9a)
)
(C:\Users\ddeng\AppData\Local\Programs\MiKTeX00\tex/generic/pgf/basiclayer\pgfc
orepatterns.code.tex
File: pgfcorepatterns.code.tex 2021/05/15 v3.1.9a (3.1.9a)
)
(C:\Users\ddeng\AppData\Local\Programs\MiKTeX00\tex/generic/pgf/basiclayer\pgfc
orerdf.code.tex
File: pgfcorerdf.code.tex 2021/05/15 v3.1.9a (3.1.9a)
)))
(C:\Users\ddeng\AppData\Local\Programs\MiKTeX00\tex/generic/pgf/modules\pgfmodu
leshapes.code.tex
File: pgfmoduleshapes.code.tex 2021/05/15 v3.1.9a (3.1.9a)
\pgfnodeparttextbox=\box59
)
(C:\Users\ddeng\AppData\Local\Programs\MiKTeX00\tex/generic/pgf/modules\pgfmodu
leplot.code.tex
File: pgfmoduleplot.code.tex 2021/05/15 v3.1.9a (3.1.9a)
)
(C:\Users\ddeng\AppData\Local\Programs\MiKTeX00\tex/latex/pgf/compatibility\pgf
comp-version-0-65.sty
Package: pgfcomp-version-0-65 2021/05/15 v3.1.9a (3.1.9a)
\pgf@nodesepstart=\dimen189
\pgf@nodesepend=\dimen190
)
(C:\Users\ddeng\AppData\Local\Programs\MiKTeX00\tex/latex/pgf/compatibility\pgf
comp-version-1-18.sty
Package: pgfcomp-version-1-18 2021/05/15 v3.1.9a (3.1.9a)
))
(C:\Users\ddeng\AppData\Local\Programs\MiKTeX00\tex/latex/pgf/utilities\pgffor.
sty
(C:\Users\ddeng\AppData\Local\Programs\MiKTeX00\tex/latex/pgf/utilities\pgfkeys
.sty
(C:\Users\ddeng\AppData\Local\Programs\MiKTeX00\tex/generic/pgf/utilities\pgfke
ys.code.tex))
(C:\Users\ddeng\AppData\Local\Programs\MiKTeX00\tex/latex/pgf/math\pgfmath.sty
(C:\Users\ddeng\AppData\Local\Programs\MiKTeX00\tex/generic/pgf/math\pgfmath.co
de.tex))
(C:\Users\ddeng\AppData\Local\Programs\MiKTeX00\tex/generic/pgf/utilities\pgffo
r.code.tex
Package: pgffor 2021/05/15 v3.1.9a (3.1.9a)

(C:\Users\ddeng\AppData\Local\Programs\MiKTeX00\tex/generic/pgf/math\pgfmath.co
de.tex)
\pgffor@iter=\dimen191
\pgffor@skip=\dimen192
\pgffor@stack=\toks39
\pgffor@toks=\toks40
))
(C:\Users\ddeng\AppData\Local\Programs\MiKTeX00\tex/generic/pgf/frontendlayer/t
ikz\tikz.code.tex
Package: tikz 2021/05/15 v3.1.9a (3.1.9a)

(C:\Users\ddeng\AppData\Local\Programs\MiKTeX00\tex/generic/pgf/libraries\pgfli
braryplothandlers.code.tex
File: pgflibraryplothandlers.code.tex 2021/05/15 v3.1.9a (3.1.9a)
\pgf@plot@mark@count=\count284
\pgfplotmarksize=\dimen193
)
\tikz@lastx=\dimen194
\tikz@lasty=\dimen195
\tikz@lastxsaved=\dimen196
\tikz@lastysaved=\dimen197
\tikz@lastmovetox=\dimen198
\tikz@lastmovetoy=\dimen256
\tikzleveldistance=\dimen257
\tikzsiblingdistance=\dimen258
\tikz@figbox=\box60
\tikz@figbox@bg=\box61
\tikz@tempbox=\box62
\tikz@tempbox@bg=\box63
\tikztreelevel=\count285
\tikznumberofchildren=\count286
\tikznumberofcurrentchild=\count287
\tikz@fig@count=\count288

(C:\Users\ddeng\AppData\Local\Programs\MiKTeX00\tex/generic/pgf/modules\pgfmodu
lematrix.code.tex
File: pgfmodulematrix.code.tex 2021/05/15 v3.1.9a (3.1.9a)
\pgfmatrixcurrentrow=\count289
\pgfmatrixcurrentcolumn=\count290
\pgf@matrix@numberofcolumns=\count291
)
\tikz@expandcount=\count292

(C:\Users\ddeng\AppData\Local\Programs\MiKTeX00\tex/generic/pgf/frontendlayer/t
ikz/libraries\tikzlibrarytopaths.code.tex
File: tikzlibrarytopaths.code.tex 2021/05/15 v3.1.9a (3.1.9a)
)))
(C:\Users\ddeng\AppData\Local\Programs\MiKTeX00\tex/generic/pgf/frontendlayer/t
ikz/libraries\tikzlibrarypositioning.code.tex
File: tikzlibrarypositioning.code.tex 2021/05/15 v3.1.9a (3.1.9a)
)
(C:\Users\ddeng\AppData\Local\Programs\MiKTeX00\tex/latex/tools\calc.sty
Package: calc 2017/05/25 v4.3 Infix arithmetic (KKT,FJ)
\calc@Acount=\count293
\calc@Bcount=\count294
\calc@Adimen=\dimen259
\calc@Bdimen=\dimen260
\calc@Askip=\skip57
\calc@Bskip=\skip58
LaTeX Info: Redefining \setlength on input line 80.
LaTeX Info: Redefining \addtolength on input line 81.
\calc@Ccount=\count295
\calc@Cskip=\skip59
)
\c@@todonotes@numberoftodonotes=\count296
)
(C:\Users\ddeng\AppData\Local\Programs\MiKTeX00\tex/latex/algorithms\algorithm.
sty
Package: algorithm 2009/08/24 v0.1 Document Style `algorithm' - floating enviro
nment
 (C:\Users\ddeng\AppData\Local\Programs\MiKTeX00\tex/latex/float\float.sty
Package: float 2001/11/08 v1.3d Float enhancements (AL)
\c@float@type=\count297
\float@exts=\toks41
\float@box=\box64
\@float@everytoks=\toks42
\@floatcapt=\box65
)
\@float@every@algorithm=\toks43
\c@algorithm=\count298
)
(C:\Users\ddeng\AppData\Local\Programs\MiKTeX00\tex/latex/algorithms\algorithmi
c.sty
Package: algorithmic 2009/08/24 v0.1 Document Style `algorithmic'
\c@ALC@unique=\count299
\c@ALC@line=\count300
\c@ALC@rem=\count301
\c@ALC@depth=\count302
\ALC@tlm=\skip60
\algorithmicindent=\skip61
)
(C:\Users\ddeng\AppData\Local\Programs\MiKTeX00\tex/latex/breqn\breqn.sty
(C:\Users\ddeng\AppData\Local\Programs\MiKTeX00\tex/latex/l3kernel\expl3.sty
Package: expl3 2021-07-12 L3 programming layer (loader) 

(C:\Users\ddeng\AppData\Local\Programs\MiKTeX00\tex/latex/l3backend\l3backend-d
vips.def
File: l3backend-dvips.def 2021-07-12 L3 backend support: dvips
\l__pdf_internal_box=\box66
\g__pdf_backend_object_int=\count303
\l__pdf_backend_content_box=\box67
\l__pdf_backend_model_box=\box68
\g__pdf_backend_annotation_int=\count304
\g__pdf_backend_link_int=\count305
\g__pdf_backend_link_sf_int=\count306
))
Package: breqn 2020/09/24 v0.98k Breaking equations

(C:\Users\ddeng\AppData\Local\Programs\MiKTeX00\tex/latex/breqn\flexisym.sty
Package: flexisym 2020/09/24 v0.98k Make math characters macros
LaTeX Info: Redefining \textprime on input line 299.
LaTeX Info: Redefining \not on input line 357.

(C:\Users\ddeng\AppData\Local\Programs\MiKTeX00\tex/latex/breqn\cmbase.sym
File: cmbase.sym 2007/12/19 v0.92
LaTeX Info: Redefining \hbar on input line 324.
LaTeX Info: Redefining \surd on input line 326.
LaTeX Info: Redefining \angle on input line 334.
LaTeX Info: Redefining \neq on input line 335.
LaTeX Info: Redefining \mapsto on input line 336.
LaTeX Info: Redefining \cong on input line 337.
LaTeX Info: Redefining \notin on input line 340.
LaTeX Info: Redefining \rightleftharpoons on input line 341.
LaTeX Info: Redefining \doteq on input line 342.
LaTeX Info: Redefining \hookrightarrow on input line 343.
LaTeX Info: Redefining \hookleftarrow on input line 344.
LaTeX Info: Redefining \bowtie on input line 345.
LaTeX Info: Redefining \models on input line 346.
LaTeX Info: Redefining \Longrightarrow on input line 347.
LaTeX Info: Redefining \longrightarrow on input line 348.
LaTeX Info: Redefining \Longleftarrow on input line 349.
LaTeX Info: Redefining \longleftarrow on input line 350.
LaTeX Info: Redefining \longmapsto on input line 351.
LaTeX Info: Redefining \longleftrightarrow on input line 352.
LaTeX Info: Redefining \Longleftrightarrow on input line 353.
LaTeX Info: Redefining \cdots on input line 357.
LaTeX Info: Redefining \vdots on input line 360.
LaTeX Info: Redefining \ddots on input line 365.
)
(C:\Users\ddeng\AppData\Local\Programs\MiKTeX00\tex/latex/breqn\mathstyle.sty
Package: mathstyle 2020/09/24 v0.98k Tracking mathstyle implicitly
LaTeX Info: Redefining \displaystyle on input line 95.
LaTeX Info: Redefining \textstyle on input line 97.
LaTeX Info: Redefining \scriptstyle on input line 99.
LaTeX Info: Redefining \scriptscriptstyle on input line 101.
LaTeX Info: Redefining \genfrac on input line 149.
))
\inf@bad=\count307
\maxint=\count308
\listwidth=\dimen261
\eqnumsep=\dimen262
\eqmargin=\dimen263
\eqlinespacing=\skip62
\eqlineskip=\skip63
\eqlineskiplimit=\dimen264
\eqbinoffset=\muskip17
\eqdelimoffset=\muskip18
\eqindentstep=\dimen265
\eqstyle=\toks44
\eqbreakdepth=\count309
\eqinterlinepenalty=\count310
\intereqpenalty=\count311
\intereqskip=\skip64
\prerelpenalty=\count312
\prebinoppenalty=\count313
\Dmedmuskip=\muskip19
\Dthickmuskip=\muskip20
\eqleftskip=\skip65
\eqrightskip=\skip66
\eq@vspan=\skip67
\eq@binoffset=\muskip21
\EQ@box=\box69
\EQ@copy=\box70
\EQ@numbox=\box71
\eq@wdNum=\dimen266
\GRP@numbox=\box72
\grp@wdNum=\dimen267
\eq@lines=\count314
\eq@curline=\count315
\eq@badness=\count316
\EQ@vims=\count317
\eq@dp=\dimen268
\eq@wdL=\dimen269
\eq@wdT=\dimen270
\eq@wdMin=\dimen271
\grp@wdL=\dimen272
\grp@wdR=\dimen273
\grp@wdT=\dimen274
\eq@wdRmax=\dimen275
\eq@firstht=\dimen276
\eq@wdCond=\dimen277
\eq@indentstep=\dimen278
\eq@linewidth=\dimen279
\grp@linewidth=\dimen280
\eq@hshift=\dimen281
\eq@given@sidespace=\dimen282
\mathindent=\dimen283
\eq@final@linecount=\count318
\eq@wdR=\dimen284
\EQ@continue=\toks45
\lr@level=\count319
\GRP@queue=\toks46
\GRP@box=\box73
\GRP@wholebox=\box74
\darraycolsep=\skip68
\cur@row=\count320
\cur@col=\count321
\conditionsep=\skip69
)
(C:\Users\ddeng\AppData\Local\Programs\MiKTeX00\tex/latex/caption\subcaption.st
y
Package: subcaption 2020/10/07 v1.3j Sub-captions (AR)
 (C:\Users\ddeng\AppData\Local\Programs\MiKTeX00\tex/latex/caption\caption.sty
Package: caption 2020/10/26 v3.5g Customizing captions (AR)
(C:\Users\ddeng\AppData\Local\Programs\MiKTeX00\tex/latex/caption\caption3.sty
Package: caption3 2020/10/21 v2.2e caption3 kernel (AR)
\captionmargin=\dimen285
\captionmargin@=\dimen286
\captionwidth=\dimen287
\caption@tempdima=\dimen288
\caption@indent=\dimen289
\caption@parindent=\dimen290
\caption@hangindent=\dimen291
Package caption Info: AMS or SMF document class detected.

(C:\Users\ddeng\AppData\Local\Programs\MiKTeX00\tex/latex/caption\caption-ams-s
mf.sto
File: caption-ams-smf.sto 2020/08/22 v2.0 Adaption of the caption package to th
e AMS and SMF document classes (AR)
))
\c@caption@flags=\count322
\c@continuedfloat=\count323
Package caption Info: float package is loaded.
)
\c@subfigure=\count324
\c@subtable=\count325
)
(C:\Users\ddeng\AppData\Local\Programs\MiKTeX00\tex/latex/multirow\multirow.sty
Package: multirow 2021/03/15 v2.8 Span multiple rows of a table
\multirow@colwidth=\skip70
\multirow@cntb=\count326
\multirow@dima=\skip71
\bigstrutjot=\dimen292
) (C:\Users\ddeng\AppData\Local\Programs\MiKTeX00\tex/latex/psfrag\psfrag.sty
Package: psfrag 1998/04/11 v3.04 PSfrag (MCG)
\pfg@pcount=\count327
\pfg@scount=\count328
\pfg@temp=\write5
)
(C:\Users\ddeng\AppData\Local\Programs\MiKTeX00\tex/latex/url\url.sty
\Urlmuskip=\muskip22
Package: url 2013/09/16  ver 3.4  Verb mode for urls, etc.
)
(C:\Users\ddeng\AppData\Local\Programs\MiKTeX00\tex/latex/hyperref\hyperref.sty
Package: hyperref 2021-06-07 v7.00m Hypertext links for LaTeX

(C:\Users\ddeng\AppData\Local\Programs\MiKTeX00\tex/generic/ltxcmds\ltxcmds.sty
Package: ltxcmds 2020-05-10 v1.25 LaTeX kernel commands for general use (HO)
) (C:\Users\ddeng\AppData\Local\Programs\MiKTeX00\tex/generic/iftex\iftex.sty
Package: iftex 2020/03/06 v1.0d TeX engine tests
)
(C:\Users\ddeng\AppData\Local\Programs\MiKTeX00\tex/generic/pdftexcmds\pdftexcm
ds.sty
Package: pdftexcmds 2020-06-27 v0.33 Utility functions of pdfTeX for LuaTeX (HO
)

(C:\Users\ddeng\AppData\Local\Programs\MiKTeX00\tex/generic/infwarerr\infwarerr
.sty
Package: infwarerr 2019/12/03 v1.5 Providing info/warning/error messages (HO)
)
Package pdftexcmds Info: \pdf@primitive is available.
Package pdftexcmds Info: \pdf@ifprimitive is available.
Package pdftexcmds Info: \pdfdraftmode is ignored in DVI mode.
)
(C:\Users\ddeng\AppData\Local\Programs\MiKTeX00\tex/generic/kvsetkeys\kvsetkeys
.sty
Package: kvsetkeys 2019/12/15 v1.18 Key value parser (HO)
)
(C:\Users\ddeng\AppData\Local\Programs\MiKTeX00\tex/generic/kvdefinekeys\kvdefi
nekeys.sty
Package: kvdefinekeys 2019-12-19 v1.6 Define keys (HO)
)
(C:\Users\ddeng\AppData\Local\Programs\MiKTeX00\tex/generic/pdfescape\pdfescape
.sty
Package: pdfescape 2019/12/09 v1.15 Implements pdfTeX's escape features (HO)
)
(C:\Users\ddeng\AppData\Local\Programs\MiKTeX00\tex/latex/hycolor\hycolor.sty
Package: hycolor 2020-01-27 v1.10 Color options for hyperref/bookmark (HO)
)
(C:\Users\ddeng\AppData\Local\Programs\MiKTeX00\tex/latex/letltxmacro\letltxmac
ro.sty
Package: letltxmacro 2019/12/03 v1.6 Let assignment for LaTeX macros (HO)
)
(C:\Users\ddeng\AppData\Local\Programs\MiKTeX00\tex/latex/auxhook\auxhook.sty
Package: auxhook 2019-12-17 v1.6 Hooks for auxiliary files (HO)
)
(C:\Users\ddeng\AppData\Local\Programs\MiKTeX00\tex/latex/kvoptions\kvoptions.s
ty
Package: kvoptions 2020-10-07 v3.14 Key value format for package options (HO)
)
\@linkdim=\dimen293
\Hy@linkcounter=\count329
\Hy@pagecounter=\count330

(C:\Users\ddeng\AppData\Local\Programs\MiKTeX00\tex/latex/hyperref\pd1enc.def
File: pd1enc.def 2021-06-07 v7.00m Hyperref: PDFDocEncoding definition (HO)
Now handling font encoding PD1 ...
... no UTF-8 mapping file for font encoding PD1
)
(C:\Users\ddeng\AppData\Local\Programs\MiKTeX00\tex/latex/hyperref\hyperref-lan
gpatches.def
File: hyperref-langpatches.def 2021-06-07 v7.00m Hyperref: patches for babel la
nguages
)
(C:\Users\ddeng\AppData\Local\Programs\MiKTeX00\tex/generic/intcalc\intcalc.sty
Package: intcalc 2019/12/15 v1.3 Expandable calculations with integers (HO)
)
(C:\Users\ddeng\AppData\Local\Programs\MiKTeX00\tex/generic/etexcmds\etexcmds.s
ty
Package: etexcmds 2019/12/15 v1.7 Avoid name clashes with e-TeX commands (HO)
)
\Hy@SavedSpaceFactor=\count331

(C:\Users\ddeng\AppData\Local\Programs\MiKTeX00\tex/latex/hyperref\puenc.def
File: puenc.def 2021-06-07 v7.00m Hyperref: PDF Unicode definition (HO)
Now handling font encoding PU ...
... no UTF-8 mapping file for font encoding PU
)
Package hyperref Info: Hyper figures OFF on input line 4192.
Package hyperref Info: Link nesting OFF on input line 4197.
Package hyperref Info: Hyper index ON on input line 4200.
Package hyperref Info: Plain pages OFF on input line 4207.
Package hyperref Info: Backreferencing OFF on input line 4212.
Package hyperref Info: Implicit mode ON; LaTeX internals redefined.
Package hyperref Info: Bookmarks ON on input line 4445.
\c@Hy@tempcnt=\count332
LaTeX Info: Redefining \url on input line 4804.
\XeTeXLinkMargin=\dimen294

(C:\Users\ddeng\AppData\Local\Programs\MiKTeX00\tex/generic/bitset\bitset.sty
Package: bitset 2019/12/09 v1.3 Handle bit-vector datatype (HO)

(C:\Users\ddeng\AppData\Local\Programs\MiKTeX00\tex/generic/bigintcalc\bigintca
lc.sty
Package: bigintcalc 2019/12/15 v1.5 Expandable calculations on big integers (HO
)
))
\Fld@menulength=\count333
\Field@Width=\dimen295
\Fld@charsize=\dimen296
Package hyperref Info: Hyper figures OFF on input line 6076.
Package hyperref Info: Link nesting OFF on input line 6081.
Package hyperref Info: Hyper index ON on input line 6084.
Package hyperref Info: backreferencing OFF on input line 6091.
Package hyperref Info: Link coloring OFF on input line 6096.
Package hyperref Info: Link coloring with OCG OFF on input line 6101.
Package hyperref Info: PDF/A mode OFF on input line 6106.
LaTeX Info: Redefining \ref on input line 6146.
LaTeX Info: Redefining \pageref on input line 6150.

(C:\Users\ddeng\AppData\Local\Programs\MiKTeX00\tex/latex/base\atbegshi-ltx.sty
Package: atbegshi-ltx 2021/01/10 v1.0c Emulation of the original atbegshi
package with kernel methods
)
\Hy@abspage=\count334
\c@Item=\count335
\c@Hfootnote=\count336
)
Package hyperref Info: Driver (default): hdvips.

(C:\Users\ddeng\AppData\Local\Programs\MiKTeX00\tex/latex/hyperref\hdvips.def
File: hdvips.def 2021-06-07 v7.00m Hyperref driver for dvips

(C:\Users\ddeng\AppData\Local\Programs\MiKTeX00\tex/latex/hyperref\pdfmark.def
File: pdfmark.def 2021-06-07 v7.00m Hyperref definitions for pdfmark specials
\pdf@docset=\toks47
\pdf@box=\box75
\pdf@toks=\toks48
\pdf@defaulttoks=\toks49
\HyField@AnnotCount=\count337
\Fld@listcount=\count338
\c@bookmark@seq@number=\count339

(C:\Users\ddeng\AppData\Local\Programs\MiKTeX00\tex/latex/rerunfilecheck\rerunf
ilecheck.sty
Package: rerunfilecheck 2019/12/05 v1.9 Rerun checks for auxiliary files (HO)

(C:\Users\ddeng\AppData\Local\Programs\MiKTeX00\tex/latex/base\atveryend-ltx.st
y
Package: atveryend-ltx 2020/08/19 v1.0a Emulation of the original atvery packag
e
with kernel methods
)
(C:\Users\ddeng\AppData\Local\Programs\MiKTeX00\tex/generic/uniquecounter\uniqu
ecounter.sty
Package: uniquecounter 2019/12/15 v1.4 Provide unlimited unique counter (HO)
)
Package uniquecounter Info: New unique counter `rerunfilecheck' on input line 2
86.
)
\Hy@SectionHShift=\skip72
))
(C:\Users\ddeng\AppData\Local\Programs\MiKTeX00\tex/latex/cleveref\cleveref.sty
Package: cleveref 2018/03/27 v0.21.4 Intelligent cross-referencing
Package cleveref Info: `hyperref' support loaded on input line 2370.
LaTeX Info: Redefining \cref on input line 2370.
LaTeX Info: Redefining \Cref on input line 2370.
LaTeX Info: Redefining \crefrange on input line 2370.
LaTeX Info: Redefining \Crefrange on input line 2370.
LaTeX Info: Redefining \cpageref on input line 2370.
LaTeX Info: Redefining \Cpageref on input line 2370.
LaTeX Info: Redefining \cpagerefrange on input line 2370.
LaTeX Info: Redefining \Cpagerefrange on input line 2370.
LaTeX Info: Redefining \labelcref on input line 2370.
LaTeX Info: Redefining \labelcpageref on input line 2370.
Package cleveref Info: `amsthm' support loaded on input line 3026.
Package cleveref Info: `breqn' support loaded on input line 3109.
)
(C:\Users\ddeng\AppData\Local\Programs\MiKTeX00\tex/latex/booktabs\booktabs.sty
Package: booktabs 2020/01/12 v1.61803398 Publication quality tables
\heavyrulewidth=\dimen297
\lightrulewidth=\dimen298
\cmidrulewidth=\dimen299
\belowrulesep=\dimen300
\belowbottomsep=\dimen301
\aboverulesep=\dimen302
\abovetopsep=\dimen303
\cmidrulesep=\dimen304
\cmidrulekern=\dimen305
\defaultaddspace=\dimen306
\@cmidla=\count340
\@cmidlb=\count341
\@aboverulesep=\dimen307
\@belowrulesep=\dimen308
\@thisruleclass=\count342
\@lastruleclass=\count343
\@thisrulewidth=\dimen309
)
(C:\Users\ddeng\AppData\Local\Programs\MiKTeX00\tex/latex/graphics\rotating.sty
Package: rotating 2016/08/11 v2.16d rotated objects in LaTeX
\c@r@tfl@t=\count344
\rotFPtop=\skip73
\rotFPbot=\skip74
\rot@float@box=\box76
\rot@mess@toks=\toks50
)
(C:\Users\ddeng\AppData\Local\Programs\MiKTeX00\tex/latex/colortbl\colortbl.sty
Package: colortbl 2020/01/04 v1.0e Color table columns (DPC)
(C:\Users\ddeng\AppData\Local\Programs\MiKTeX00\tex/latex/tools\array.sty
Package: array 2021/04/20 v2.5e Tabular extension package (FMi)
\col@sep=\dimen310
\ar@mcellbox=\box77
\extrarowheight=\dimen311
\NC@list=\toks51
\extratabsurround=\skip75
\backup@length=\skip76
\ar@cellbox=\box78
)
\everycr=\toks52
\minrowclearance=\skip77
)
(C:\Users\ddeng\AppData\Local\Programs\MiKTeX00\tex/latex/paralist\paralist.sty
Package: paralist 2017/01/22 v2.7 Extended list environments
\pltopsep=\skip78
\plpartopsep=\skip79
\plitemsep=\skip80
\plparsep=\skip81
\pl@lab=\toks53
)
(C:\Users\ddeng\AppData\Local\Programs\MiKTeX00\tex/latex/epstopdf-pkg\epstopdf
.sty
Package: epstopdf 2020-01-24 v2.11 Conversion with epstopdf on the fly (HO)

(C:\Users\ddeng\AppData\Local\Programs\MiKTeX00\tex/latex/grfext\grfext.sty
Package: grfext 2019/12/03 v1.3 Manage graphics extensions (HO)
)
(C:\Users\ddeng\AppData\Local\Programs\MiKTeX00\tex/latex/epstopdf-pkg\epstopdf
-base.sty
Package: epstopdf-base 2020-01-24 v2.11 Base part for package epstopdf


Package epstopdf Warning: Drivers other than `pdftex' and `luatex' are not supp
orted.

)) (C:\Users\ddeng\AppData\Local\Programs\MiKTeX00\tex/latex/nag\nag.sty
Package: nag 2011/11/25 0.7 warning about old commands (ulmi)
\c@nag@c=\count345
\c@nag@sins=\count346
)
(C:\Users\ddeng\AppData\Local\Programs\MiKTeX00\tex/latex/microtype\microtype.s
ty
Package: microtype 2021/03/14 v2.8c Micro-typographical refinements (RS)
\MT@toks=\toks54
\MT@count=\count347
LaTeX Info: Redefining \textls on input line 790.
\MT@outer@kern=\dimen312
LaTeX Info: Redefining \textmicrotypecontext on input line 1374.
\MT@listname@count=\count348

(C:\Users\ddeng\AppData\Local\Programs\MiKTeX00\tex/latex/microtype\microtype-p
dftex.def
File: microtype-pdftex.def 2021/03/14 v2.8c Definitions specific to pdftex (RS)

LaTeX Info: Redefining \lsstyle on input line 915.
LaTeX Info: Redefining \lslig on input line 915.
\MT@outer@space=\skip82
)
Package microtype Info: Loading configuration file microtype.cfg.

(C:\Users\ddeng\AppData\Local\Programs\MiKTeX00\tex/latex/microtype\microtype.c
fg
File: microtype.cfg 2021/03/14 v2.8c microtype main configuration file (RS)
))
(C:\Users\ddeng\AppData\Local\Programs\MiKTeX00\tex/latex/siunitx\siunitx.sty
Package: siunitx 2021-07-06 v3.0.19 A comprehensive (SI) units package
\l__siunitx_angle_tmp_dim=\dimen313
\l__siunitx_angle_marker_box=\box79
\l__siunitx_angle_unit_box=\box80
\l__siunitx_compound_count_int=\count349

(C:\Users\ddeng\AppData\Local\Programs\MiKTeX00\tex/latex/translations\translat
ions.sty
Package: translations 2021/01/17 v1.10a internationalization of LaTeX2e package
s (CN)

(C:\Users\ddeng\AppData\Local\Programs\MiKTeX00\tex/latex/etoolbox\etoolbox.sty
Package: etoolbox 2020/10/05 v2.5k e-TeX tools for LaTeX (JAW)
\etb@tempcnta=\count350
))
\l__siunitx_number_exponent_fixed_int=\count351
\l__siunitx_number_min_decimal_int=\count352
\l__siunitx_number_min_integer_int=\count353
\l__siunitx_number_round_precision_int=\count354
\l__siunitx_number_group_minimum_int=\count355
\l__siunitx_table_tmp_box=\box81
\l__siunitx_table_tmp_dim=\dimen314
\l__siunitx_table_column_width_dim=\dimen315
\l__siunitx_table_integer_box=\box82
\l__siunitx_table_decimal_box=\box83
\l__siunitx_table_before_box=\box84
\l__siunitx_table_after_box=\box85
\l__siunitx_table_before_dim=\dimen316
\l__siunitx_table_carry_dim=\dimen317
\l__siunitx_unit_tmp_int=\count356
\l__siunitx_unit_position_int=\count357
\l__siunitx_unit_total_int=\count358

(C:\Users\ddeng\AppData\Local\Programs\MiKTeX00\tex/latex/l3packages/l3keys2e\l
3keys2e.sty
Package: l3keys2e 2021-06-18 LaTeX2e option processing using LaTeX3 keys
))
(C:\Users\ddeng\AppData\Local\Programs\MiKTeX00\tex/latex/units\nicefrac.sty
Package: nicefrac 1998/08/04 v0.9b Nice fractions
\L@UnitsRaiseDisplaystyle=\skip83
\L@UnitsRaiseTextstyle=\skip84
\L@UnitsRaiseScriptstyle=\skip85
)
(C:\Users\ddeng\AppData\Local\Programs\MiKTeX00\tex/latex/breakurl\breakurl.sty
Package: breakurl 2013/04/10 v1.40 Breakable hyperref URLs
(C:\Users\ddeng\AppData\Local\Programs\MiKTeX00\tex/generic/iftex\ifpdf.sty
Package: ifpdf 2019/10/25 v3.4 ifpdf legacy package. Use iftex instead.
)
\burl@toks=\toks55
)
(C:\Users\ddeng\AppData\Local\Programs\MiKTeX00\tex/latex/fontawesome\fontaweso
me.sty
Package: fontawesome 2016/05/15 v4.6.3.1 font awesome icons

(C:\Users\ddeng\AppData\Local\Programs\MiKTeX00\tex/generic/iftex\ifxetex.sty
Package: ifxetex 2019/10/25 v0.7 ifxetex legacy package. Use iftex instead.
)
(C:\Users\ddeng\AppData\Local\Programs\MiKTeX00\tex/generic/iftex\ifluatex.sty
Package: ifluatex 2019/10/25 v1.5 ifluatex legacy package. Use iftex instead.
)
(C:\Users\ddeng\AppData\Local\Programs\MiKTeX00\tex/latex/fontawesome\fontaweso
mesymbols-generic.tex)
(C:\Users\ddeng\AppData\Local\Programs\MiKTeX00\tex/latex/fontawesome\fontaweso
mesymbols-pdftex.tex))
(C:\Users\ddeng\AppData\Local\Programs\MiKTeX00\tex/latex/tools\multicol.sty
Package: multicol 2019/12/09 v1.8y multicolumn formatting (FMi)
\c@tracingmulticols=\count359
\mult@box=\box86
\multicol@leftmargin=\dimen318
\c@unbalance=\count360
\c@collectmore=\count361
\doublecol@number=\count362
\multicoltolerance=\count363
\multicolpretolerance=\count364
\full@width=\dimen319
\page@free=\dimen320
\premulticols=\dimen321
\postmulticols=\dimen322
\multicolsep=\skip86
\multicolbaselineskip=\skip87
\partial@page=\box87
\last@line=\box88
\maxbalancingoverflow=\dimen323
\mult@rightbox=\box89
\mult@grightbox=\box90
\mult@gfirstbox=\box91
\mult@firstbox=\box92
\@tempa=\box93
\@tempa=\box94
\@tempa=\box95
\@tempa=\box96
\@tempa=\box97
\@tempa=\box98
\@tempa=\box99
\@tempa=\box100
\@tempa=\box101
\@tempa=\box102
\@tempa=\box103
\@tempa=\box104
\@tempa=\box105
\@tempa=\box106
\@tempa=\box107
\@tempa=\box108
\@tempa=\box109
\@tempa=\box110
\@tempa=\box111
\@tempa=\box112
\@tempa=\box113
\@tempa=\box114
\@tempa=\box115
\@tempa=\box116
\@tempa=\box117
\@tempa=\box118
\@tempa=\box119
\@tempa=\box120
\@tempa=\box121
\@tempa=\box122
\@tempa=\box123
\@tempa=\box124
\@tempa=\box125
\@tempa=\box126
\@tempa=\box127
\@tempa=\box128
\@tempa=\box129
\c@minrows=\count365
\c@columnbadness=\count366
\c@finalcolumnbadness=\count367
\last@try=\dimen324
\multicolovershoot=\dimen325
\multicolundershoot=\dimen326
\mult@nat@firstbox=\box130
\colbreak@box=\box131
\mc@col@check@num=\count368
)
(C:\Users\ddeng\AppData\Local\Programs\MiKTeX00\tex/latex/wrapfig\wrapfig.sty
\wrapoverhang=\dimen327
\WF@size=\dimen328
\c@WF@wrappedlines=\count369
\WF@box=\box132
\WF@everypar=\toks56
Package: wrapfig 2003/01/31  v 3.6
)
(C:\Users\ddeng\AppData\Local\Programs\MiKTeX00\tex/latex/tablefootnote\tablefo
otnote.sty
Package: tablefootnote 2014/01/26 v1.1c Table foot notes (HMM)

(C:\Users\ddeng\AppData\Local\Programs\MiKTeX00\tex/latex/xifthen\xifthen.sty
Package: xifthen 2015/11/05 v1.4.0 Extended ifthen features

(C:\Users\ddeng\AppData\Local\Programs\MiKTeX00\tex/latex/ifmtarg\ifmtarg.sty
Package: ifmtarg 2018/04/16 v1.2b check for an empty argument
)))
(C:\Users\ddeng\AppData\Local\Programs\MiKTeX00\tex/latex/threeparttable\threep
arttable.sty
Package: threeparttable 2003/06/13  v 3.0
\@tempboxb=\box133
)
(C:\Users\ddeng\AppData\Local\Programs\MiKTeX00\tex/latex/lipsum\lipsum.sty
(C:\Users\ddeng\AppData\Local\Programs\MiKTeX00\tex/latex/l3packages/xparse\xpa
rse.sty
Package: xparse 2021-06-18 L3 Experimental document command parser
)
Package: lipsum 2021-03-03 v2.3 150 paragraphs of Lorem Ipsum dummy text

(C:\Users\ddeng\AppData\Local\Programs\MiKTeX00\tex/latex/lipsum\lipsum.ltd.tex
File: lipsum.ltd.tex 2021-03-03 v2.3 The Lorem ipsum dummy text
)) (C:\Users\ddeng\AppData\Local\Programs\MiKTeX00\tex/generic/babel\babel.sty
Package: babel 2021/06/28 3.61 The Babel package

(C:\Users\ddeng\AppData\Local\Programs\MiKTeX00\tex/generic/babel\babel.def
File: babel.def 2021/06/28 3.61 Babel common definitions
\babel@savecnt=\count370
\U@D=\dimen329
\l@unhyphenated=\language79

(C:\Users\ddeng\AppData\Local\Programs\MiKTeX00\tex/generic/babel\txtbabel.def)
\bbl@readstream=\read3
)
\bbl@dirlevel=\count371

*************************************
* Local config file bblopts.cfg used
*
(C:\Users\ddeng\AppData\Local\Programs\MiKTeX00\tex/latex/arabi\bblopts.cfg
File: bblopts.cfg 2005/09/08 v0.1 add Arabic and Farsi to "declared" options of
 babel
)
(C:\Users\ddeng\AppData\Local\Programs\MiKTeX00\tex/latex/babel-english\english
.ldf
Language: english 2017/06/06 v3.3r English support from the babel system
Package babel Info: Hyphen rules for 'canadian' set to \l@english
(babel)             (\language0). Reported on input line 102.
Package babel Info: Hyphen rules for 'australian' set to \l@ukenglish
(babel)             (\language73). Reported on input line 105.
Package babel Info: Hyphen rules for 'newzealand' set to \l@ukenglish
(babel)             (\language73). Reported on input line 108.
))
(C:\Users\ddeng\AppData\Local\Programs\MiKTeX00\tex/latex/blindtext\blindtext.s
ty
Package: blindtext 2012/01/06 V2.0 blindtext-Package
 (C:\Users\ddeng\AppData\Local\Programs\MiKTeX00\tex/latex/tools\xspace.sty
Package: xspace 2014/10/28 v1.13 Space after command names (DPC,MH)
)
\c@blindtext=\count372
\c@Blindtext=\count373
\c@blind@countparstart=\count374
\blind@countxx=\count375
\blindtext@numBlindtext=\count376
\blind@countyy=\count377
\c@blindlist=\count378
\c@blindlistlevel=\count379
\c@blindlist@level=\count380
\blind@listitem=\count381
\c@blind@listcount=\count382
\c@blind@levelcount=\count383
\blind@mathformula=\count384
\blind@Mathformula=\count385
\c@blind@randomcount=\count386
\c@blind@randommax=\count387
\c@blind@pangramcount=\count388
\c@blind@pangrammax=\count389
)
(C:\Users\ddeng\AppData\Local\Programs\MiKTeX00\tex/generic/pgf/frontendlayer/t
ikz/libraries\tikzlibraryfit.code.tex
File: tikzlibraryfit.code.tex 2021/05/15 v3.1.9a (3.1.9a)
)
(C:\Users\ddeng\AppData\Local\Programs\MiKTeX00\tex/generic/pgf/libraries\pgfli
braryarrows.meta.code.tex
File: pgflibraryarrows.meta.code.tex 2021/05/15 v3.1.9a (3.1.9a)
\pgfarrowinset=\dimen330
\pgfarrowlength=\dimen331
\pgfarrowwidth=\dimen332
\pgfarrowlinewidth=\dimen333
)
(C:\Users\ddeng\AppData\Local\Programs\MiKTeX00\tex/generic/pgf/frontendlayer/t
ikz/libraries\tikzlibraryshapes.code.tex
File: tikzlibraryshapes.code.tex 2021/05/15 v3.1.9a (3.1.9a)

(C:\Users\ddeng\AppData\Local\Programs\MiKTeX00\tex/generic/pgf/frontendlayer/t
ikz/libraries\tikzlibraryshapes.geometric.code.tex
File: tikzlibraryshapes.geometric.code.tex 2021/05/15 v3.1.9a (3.1.9a)

(C:\Users\ddeng\AppData\Local\Programs\MiKTeX00\tex/generic/pgf/libraries/shape
s\pgflibraryshapes.geometric.code.tex
File: pgflibraryshapes.geometric.code.tex 2021/05/15 v3.1.9a (3.1.9a)
))
(C:\Users\ddeng\AppData\Local\Programs\MiKTeX00\tex/generic/pgf/frontendlayer/t
ikz/libraries\tikzlibraryshapes.misc.code.tex
File: tikzlibraryshapes.misc.code.tex 2021/05/15 v3.1.9a (3.1.9a)

(C:\Users\ddeng\AppData\Local\Programs\MiKTeX00\tex/generic/pgf/libraries/shape
s\pgflibraryshapes.misc.code.tex
File: pgflibraryshapes.misc.code.tex 2021/05/15 v3.1.9a (3.1.9a)
))
(C:\Users\ddeng\AppData\Local\Programs\MiKTeX00\tex/generic/pgf/frontendlayer/t
ikz/libraries\tikzlibraryshapes.symbols.code.tex
File: tikzlibraryshapes.symbols.code.tex 2021/05/15 v3.1.9a (3.1.9a)

(C:\Users\ddeng\AppData\Local\Programs\MiKTeX00\tex/generic/pgf/libraries/shape
s\pgflibraryshapes.symbols.code.tex
File: pgflibraryshapes.symbols.code.tex 2021/05/15 v3.1.9a (3.1.9a)
))
(C:\Users\ddeng\AppData\Local\Programs\MiKTeX00\tex/generic/pgf/frontendlayer/t
ikz/libraries\tikzlibraryshapes.arrows.code.tex
File: tikzlibraryshapes.arrows.code.tex 2021/05/15 v3.1.9a (3.1.9a)

(C:\Users\ddeng\AppData\Local\Programs\MiKTeX00\tex/generic/pgf/libraries/shape
s\pgflibraryshapes.arrows.code.tex
File: pgflibraryshapes.arrows.code.tex 2021/05/15 v3.1.9a (3.1.9a)
))
(C:\Users\ddeng\AppData\Local\Programs\MiKTeX00\tex/generic/pgf/frontendlayer/t
ikz/libraries\tikzlibraryshapes.callouts.code.tex
(C:\Users\ddeng\AppData\Local\Programs\MiKTeX00\tex/generic/pgf/libraries/shape
s\pgflibraryshapes.callouts.code.tex))
(C:\Users\ddeng\AppData\Local\Programs\MiKTeX00\tex/generic/pgf/frontendlayer/t
ikz/libraries\tikzlibraryshapes.multipart.code.tex
File: tikzlibraryshapes.multipart.code.tex 2021/05/15 v3.1.9a (3.1.9a)

(C:\Users\ddeng\AppData\Local\Programs\MiKTeX00\tex/generic/pgf/libraries/shape
s\pgflibraryshapes.multipart.code.tex
File: pgflibraryshapes.multipart.code.tex 2021/05/15 v3.1.9a (3.1.9a)
\pgfnodepartlowerbox=\box134
\pgfnodeparttwobox=\box135
\pgfnodepartthreebox=\box136
\pgfnodepartfourbox=\box137
\pgfnodeparttwentybox=\box138
\pgfnodepartnineteenbox=\box139
\pgfnodeparteighteenbox=\box140
\pgfnodepartseventeenbox=\box141
\pgfnodepartsixteenbox=\box142
\pgfnodepartfifteenbox=\box143
\pgfnodepartfourteenbox=\box144
\pgfnodepartthirteenbox=\box145
\pgfnodeparttwelvebox=\box146
\pgfnodepartelevenbox=\box147
\pgfnodeparttenbox=\box148
\pgfnodepartninebox=\box149
\pgfnodeparteightbox=\box150
\pgfnodepartsevenbox=\box151
\pgfnodepartsixbox=\box152
\pgfnodepartfivebox=\box153
)))
(C:\Users\ddeng\AppData\Local\Programs\MiKTeX00\tex/generic/pgf/frontendlayer/t
ikz/libraries\tikzlibraryarrows.code.tex
File: tikzlibraryarrows.code.tex 2021/05/15 v3.1.9a (3.1.9a)

(C:\Users\ddeng\AppData\Local\Programs\MiKTeX00\tex/generic/pgf/libraries\pgfli
braryarrows.code.tex
File: pgflibraryarrows.code.tex 2021/05/15 v3.1.9a (3.1.9a)
\arrowsize=\dimen334
)) Including 'TulipStyle' comment.
\openout3 = `comment.cut'.


Straight input of comment.cut. (comment.cut
(C:\Users\ddeng\AppData\Local\Programs\MiKTeX00\tex/latex/natbib\natbib.sty
Package: natbib 2010/09/13 8.31b (PWD, AO)
\bibhang=\skip88
\bibsep=\skip89
LaTeX Info: Redefining \cite on input line 694.
\c@NAT@ctr=\count390
)
(C:\Users\ddeng\AppData\Local\Programs\MiKTeX00\tex/latex/gitinfo2\gitinfo2.sty
Package: gitinfo2 2015/11/22 v2.0.7 git revision information
(C:\Users\ddeng\AppData\Local\Programs\MiKTeX00\tex/latex/xstring\xstring.sty
(C:\Users\ddeng\AppData\Local\Programs\MiKTeX00\tex/generic/xstring\xstring.tex
\integerpart=\count391
\decimalpart=\count392
)
Package: xstring 2019/02/06 v1.83 String manipulations (CT)
)
(C:\Users\ddeng\AppData\Local\Programs\MiKTeX00\tex/latex/eso-pic\eso-pic.sty
Package: eso-pic 2020/10/14 v3.0a eso-pic (RN)
\ESO@tempdima=\dimen335
\ESO@tempdimb=\dimen336
)

Package gitinfo2 Warning: I can't find the file '.git/gitHeadInfo.gin'.
(gitinfo2)                All git metadata has been set to '(None)'.

)
(C:\Users\ddeng\AppData\Local\Programs\MiKTeX00\tex/latex/fancyhdr\fancyhdr.sty
Package: fancyhdr 2021/01/28 v4.0.1 Extensive control of page headers and foote
rs
\f@nch@headwidth=\skip90
\f@nch@O@elh=\skip91
\f@nch@O@erh=\skip92
\f@nch@O@olh=\skip93
\f@nch@O@orh=\skip94
\f@nch@O@elf=\skip95
\f@nch@O@erf=\skip96
\f@nch@O@olf=\skip97
\f@nch@O@orf=\skip98
)
(C:\Users\ddeng\AppData\Local\Programs\MiKTeX00\tex/latex/mathtools\mathtools.s
ty
Package: mathtools 2021/04/12 v1.27 mathematical typesetting tools

(C:\Users\ddeng\AppData\Local\Programs\MiKTeX00\tex/latex/mathtools\mhsetup.sty
Package: mhsetup 2021/03/18 v1.4 programming setup (MH)
)
LaTeX Info: Thecontrolsequence`\('isalreadyrobust on input line 130.
LaTeX Info: Thecontrolsequence`\)'isalreadyrobust on input line 130.
LaTeX Info: Thecontrolsequence`\['isalreadyrobust on input line 130.
LaTeX Info: Thecontrolsequence`\]'isalreadyrobust on input line 130.
\g_MT_multlinerow_int=\count393
\l_MT_multwidth_dim=\dimen337
\origjot=\skip99
\l_MT_shortvdotswithinadjustabove_dim=\dimen338
\l_MT_shortvdotswithinadjustbelow_dim=\dimen339
\l_MT_above_intertext_sep=\dimen340
\l_MT_below_intertext_sep=\dimen341
\l_MT_above_shortintertext_sep=\dimen342
\l_MT_below_shortintertext_sep=\dimen343
\xmathstrut@box=\box154
\xmathstrut@dim=\dimen344
)
\c@thm=\count394
\c@Remark=\count395
\c@proposition=\count396
\c@theorem=\count397
\c@lemma=\count398
\c@corollary=\count399
\c@example=\count400
\c@definition=\count401
\c@Algorithms=\count402
)) (reportcopy.aux)
\openout1 = `reportcopy.aux'.

LaTeX Font Info:    Checking defaults for OML/cmm/m/it on input line 24.
LaTeX Font Info:    ... okay on input line 24.
LaTeX Font Info:    Checking defaults for OMS/cmsy/m/n on input line 24.
LaTeX Font Info:    ... okay on input line 24.
LaTeX Font Info:    Checking defaults for OT1/cmr/m/n on input line 24.
LaTeX Font Info:    ... okay on input line 24.
LaTeX Font Info:    Checking defaults for T1/cmr/m/n on input line 24.
LaTeX Font Info:    ... okay on input line 24.
LaTeX Font Info:    Checking defaults for TS1/cmr/m/n on input line 24.
LaTeX Font Info:    ... okay on input line 24.
LaTeX Font Info:    Checking defaults for OMX/cmex/m/n on input line 24.
LaTeX Font Info:    ... okay on input line 24.
LaTeX Font Info:    Checking defaults for U/cmr/m/n on input line 24.
LaTeX Font Info:    ... okay on input line 24.
LaTeX Font Info:    Checking defaults for PD1/pdf/m/n on input line 24.
LaTeX Font Info:    ... okay on input line 24.
LaTeX Font Info:    Checking defaults for PU/pdf/m/n on input line 24.
LaTeX Font Info:    ... okay on input line 24.
LaTeX Font Info:    Trying to load font information for U+msa on input line 24.


(C:\Users\ddeng\AppData\Local\Programs\MiKTeX00\tex/latex/amsfonts\umsa.fd
File: umsa.fd 2013/01/14 v3.01 AMS symbols A
)
LaTeX Font Info:    Trying to load font information for U+msb on input line 24.


(C:\Users\ddeng\AppData\Local\Programs\MiKTeX00\tex/latex/amsfonts\umsb.fd
File: umsb.fd 2013/01/14 v3.01 AMS symbols B
)
Package caption Info: Begin \AtBeginDocument code.
Package caption Info: hyperref package is loaded.
Package caption Info: rotating package is loaded.
Package caption Info: threeparttable package is loaded.
Package caption Info: wrapfig package is loaded.
Package caption Info: End \AtBeginDocument code.
Package hyperref Info: Link coloring OFF on input line 24.

(C:\Users\ddeng\AppData\Local\Programs\MiKTeX00\tex/latex/hyperref\nameref.sty
Package: nameref 2021-04-02 v2.47 Cross-referencing by name of section

(C:\Users\ddeng\AppData\Local\Programs\MiKTeX00\tex/latex/refcount\refcount.sty
Package: refcount 2019/12/15 v3.6 Data extraction from label references (HO)
)
(C:\Users\ddeng\AppData\Local\Programs\MiKTeX00\tex/generic/gettitlestring\gett
itlestring.sty
Package: gettitlestring 2019/12/15 v1.6 Cleanup title references (HO)
)
\c@section@level=\count403
)
LaTeX Info: Redefining \ref on input line 24.
LaTeX Info: Redefining \pageref on input line 24.
LaTeX Info: Redefining \nameref on input line 24.
 (reportcopy.out) (reportcopy.out)
\@outlinefile=\write6
\openout6 = `reportcopy.out'.

LaTeX Info: Redefining \microtypecontext on input line 24.
Package microtype Info: Generating DVI output.
Package microtype Info: Character protrusion enabled (level 2).
Package microtype Info: Using default protrusion set `alltext'.
Package microtype Info: No font expansion.
Package microtype Info: No adjustment of tracking.
Package microtype Info: No adjustment of interword spacing.
Package microtype Info: No adjustment of character kerning.

(C:\Users\ddeng\AppData\Local\Programs\MiKTeX00\tex/latex/microtype\mt-cmr.cfg
File: mt-cmr.cfg 2013/05/19 v2.2 microtype config. file: Computer Modern Roman 
(RS)
)
(C:\Users\ddeng\AppData\Local\Programs\MiKTeX00\tex/latex/translations/dicts\tr
anslations-basic-dictionary-english.trsl
File: translations-basic-dictionary-english.trsl (english translation file `tra
nslations-basic-dictionary')
)
Package translations Info: loading dictionary `translations-basic-dictionary' f
or `english'. on input line 24.
 (abstract.tex) (reportcopy.toc)
\tf@toc=\write7
\openout7 = `reportcopy.toc'.


[1] (mainbody.tex
(C:\Users\ddeng\AppData\Local\Programs\MiKTeX00\tex/latex/microtype\mt-msa.cfg
File: mt-msa.cfg 2006/02/04 v1.1 microtype config. file: AMS symbols (a) (RS)
) (C:\Users\ddeng\AppData\Local\Programs\MiKTeX00\tex/latex/microtype\mt-msb.cf
g
File: mt-msb.cfg 2005/06/01 v1.0 microtype config. file: AMS symbols (b) (RS)
)
Overfull \hbox (20.23395pt too wide) in paragraph at lines 30--46
[][][] 
 []

File: figures//pe7.eps Graphic file (type eps)
<figures//pe7.eps>
File: figures//pe8.eps Graphic file (type eps)
 <figures//pe8.eps>
File: logos/tulip-logo.eps Graphic file (type eps)
 <logos/tulip-logo.eps>

Package fancyhdr Warning: \footskip is too small (12.0pt): 
(fancyhdr)                Make it at least 14.79996pt, for example:
(fancyhdr)                \setlength{\footskip}{14.79996pt}.

[2]
File: figures//pe13.eps Graphic file (type eps)
 <figures//pe13.eps>
File: figures//pe15.eps Graphic file (type eps)
 <figures//pe15.eps>
File: logos/tulip-logo.eps Graphic file (type eps)
 <logos/tulip-logo.eps>

Package fancyhdr Warning: \footskip is too small (12.0pt): 
(fancyhdr)                Make it at least 14.79996pt, for example:
(fancyhdr)                \setlength{\footskip}{14.79996pt}.

[3])
Package microtype Info: Loading generic protrusion settings for font family
(microtype)             `cmtt' (encoding: OT1).
(microtype)             For optimal results, create family-specific settings.
(microtype)             See the microtype manual for details.
File: logos/tulip-logo.eps Graphic file (type eps)
 <logos/tulip-logo.eps>

Package fancyhdr Warning: \footskip is too small (12.0pt): 
(fancyhdr)                Make it at least 14.79996pt, for example:
(fancyhdr)                \setlength{\footskip}{14.79996pt}.

[4]
No complaints by nag.
(reportcopy.aux)
Package rerunfilecheck Info: File `reportcopy.out' has not changed.
(rerunfilecheck)             Checksum: 129124FE3CBEABF63C42ABE0FEAE78CC;1153.
 ) 
Here is how much of TeX's memory you used:
 36860 strings out of 478871
 739883 string characters out of 2847920
 1198059 words of memory out of 3000000
 53961 multiletter control sequences out of 15000+600000
 410012 words of font info for 53 fonts, out of 8000000 for 9000
 1302 hyphenation exceptions out of 8191
 122i,12n,134p,445b,894s stack positions out of 5000i,500n,10000p,200000b,80000s

Output written on reportcopy.dvi (4 pages, 27764 bytes).
